[Mon, 05 Nov 18 15:40:48 +0700][ERROR] [5]: Action 'img' was not found on handler 'art'

[Mon, 05 Nov 18 15:40:49 +0700][ERROR] [5]: Action 'img' was not found on handler 'art'

[Mon, 05 Nov 18 15:40:50 +0700][ERROR] [5]: Action 'img' was not found on handler 'art'

[Mon, 05 Nov 18 15:40:53 +0700][ERROR] [5]: Action 'img' was not found on handler 'art'

[Mon, 05 Nov 18 15:40:55 +0700][ERROR] [5]: Action 'img' was not found on handler 'art'

[Mon, 05 Nov 18 15:40:57 +0700][ERROR] [5]: Action 'img' was not found on handler 'art'

[Mon, 05 Nov 18 15:41:02 +0700][ERROR] [5]: Action 'img' was not found on handler 'exhibition'

[Mon, 05 Nov 18 15:41:58 +0700][ERROR] [5]: Action 'img' was not found on handler 'exhibition'

[Mon, 05 Nov 18 15:43:21 +0700][ERROR] [5]: Action 'img' was not found on handler 'exhibition'

[Mon, 05 Nov 18 15:43:36 +0700][ERROR] [5]: Action 'img' was not found on handler 'art'

[Mon, 05 Nov 18 15:43:46 +0700][ERROR] [5]: Action 'img' was not found on handler 'exhibition'

[Mon, 05 Nov 18 15:43:52 +0700][ERROR] [5]: Action 'img' was not found on handler 'exhibition'

[Mon, 05 Nov 18 15:45:45 +0700][ERROR] [5]: Action 'img' was not found on handler 'exhibition'

[Mon, 05 Nov 18 15:48:27 +0700][ERROR] [5]: Action 'img' was not found on handler 'exhibition'

[Mon, 05 Nov 18 15:49:12 +0700][ERROR] [5]: Action 'img' was not found on handler 'exhibition'

[Mon, 05 Nov 18 15:51:38 +0700][ERROR] [5]: Action 'img' was not found on handler 'exhibition'

[Mon, 05 Nov 18 15:51:38 +0700][ERROR] [5]: Action 'img' was not found on handler 'exhibition'

[Mon, 05 Nov 18 15:51:47 +0700][ERROR] [5]: Action 'img' was not found on handler 'exhibition'

[Mon, 05 Nov 18 15:51:53 +0700][ERROR] [5]: Action 'img' was not found on handler 'exhibition'

[Mon, 05 Nov 18 15:53:13 +0700][ERROR] [5]: Action 'img' was not found on handler 'exhibition'

[Mon, 05 Nov 18 15:53:41 +0700][ERROR] [5]: Action 'img' was not found on handler 'exhibition'

[Mon, 05 Nov 18 15:53:59 +0700][ERROR] [5]: Action 'img' was not found on handler 'exhibition'

[Mon, 05 Nov 18 16:07:39 +0700][ERROR] [5]: Action 'authen' was not found on handler 'exhibition'

[Mon, 05 Nov 18 16:07:39 +0700][ERROR] [5]: Action 'authen' was not found on handler 'exhibition'

[Mon, 05 Nov 18 16:07:41 +0700][ERROR] [5]: Action 'authen' was not found on handler 'exhibition'

[Mon, 05 Nov 18 16:07:41 +0700][ERROR] [5]: Action 'authen' was not found on handler 'exhibition'

[Mon, 05 Nov 18 16:07:42 +0700][ERROR] [5]: Action 'authen' was not found on handler 'exhibition'

[Mon, 05 Nov 18 16:07:42 +0700][ERROR] [5]: Action 'authen' was not found on handler 'exhibition'

[Mon, 05 Nov 18 16:07:43 +0700][ERROR] [5]: Action 'authen' was not found on handler 'exhibition'

[Mon, 05 Nov 18 16:07:43 +0700][ERROR] [5]: Action 'authen' was not found on handler 'exhibition'

[Mon, 05 Nov 18 16:07:43 +0700][ERROR] [5]: Action 'authen' was not found on handler 'exhibition'

[Mon, 05 Nov 18 16:07:44 +0700][ERROR] [5]: Action 'authen' was not found on handler 'exhibition'

[Mon, 05 Nov 18 16:07:44 +0700][ERROR] [5]: Action 'authen' was not found on handler 'exhibition'

[Mon, 05 Nov 18 16:07:44 +0700][ERROR] [5]: Action 'authen' was not found on handler 'exhibition'

[Mon, 05 Nov 18 16:07:45 +0700][ERROR] [5]: Action 'authen' was not found on handler 'exhibition'

[Mon, 05 Nov 18 16:07:45 +0700][ERROR] [5]: Action 'authen' was not found on handler 'exhibition'

[Mon, 05 Nov 18 16:07:45 +0700][ERROR] [5]: Action 'authen' was not found on handler 'exhibition'

[Mon, 05 Nov 18 16:07:45 +0700][ERROR] [5]: Action 'authen' was not found on handler 'exhibition'

[Mon, 05 Nov 18 16:07:54 +0700][ERROR] [5]: Action 'authen' was not found on handler 'exhibition'

[Mon, 05 Nov 18 16:07:54 +0700][ERROR] [5]: Action 'authen' was not found on handler 'exhibition'

[Mon, 05 Nov 18 16:08:04 +0700][ERROR] [5]: Action 'img' was not found on handler 'exhibition'

[Mon, 05 Nov 18 16:08:08 +0700][ERROR] [5]: Action 'img' was not found on handler 'exhibition'

[Mon, 05 Nov 18 16:08:11 +0700][ERROR] [5]: Action 'authen' was not found on handler 'exhibition'

[Mon, 05 Nov 18 16:08:11 +0700][ERROR] [5]: Action 'authen' was not found on handler 'exhibition'

[Mon, 05 Nov 18 16:10:36 +0700][ERROR] [5]: Action 'img' was not found on handler 'exhibition'

[Mon, 05 Nov 18 16:10:51 +0700][ERROR] [5]: Action 'img' was not found on handler 'exhibition'

[Mon, 05 Nov 18 16:10:52 +0700][ERROR] [5]: Action 'authen' was not found on handler 'exhibition'

[Mon, 05 Nov 18 16:10:52 +0700][ERROR] [5]: Action 'authen' was not found on handler 'exhibition'

[Mon, 05 Nov 18 16:11:00 +0700][ERROR] [5]: Action 'img' was not found on handler 'exhibition'

[Mon, 05 Nov 18 16:11:00 +0700][ERROR] [5]: Action 'authen' was not found on handler 'exhibition'

[Mon, 05 Nov 18 16:11:00 +0700][ERROR] [5]: Action 'authen' was not found on handler 'exhibition'

[Mon, 05 Nov 18 16:11:10 +0700][ERROR] [5]: Action 'img' was not found on handler 'exhibition'

[Mon, 05 Nov 18 16:14:25 +0700][ERROR] [5]: Action 'img' was not found on handler 'exhibition'

[Mon, 05 Nov 18 16:20:44 +0700][ERROR] [5]: Action 'img' was not found on handler 'exhibition'

[Mon, 05 Nov 18 17:56:41 +0700][ERROR] [5]: Action 'img' was not found on handler 'art'

[Mon, 05 Nov 18 17:56:43 +0700][ERROR] [5]: Action 'img' was not found on handler 'exhibition'

[Mon, 05 Nov 18 20:08:44 +0700][ERROR] [5]: Action 'img' was not found on handler 'exhibition'

[Mon, 05 Nov 18 20:08:47 +0700][ERROR] [5]: Action 'img' was not found on handler 'exhibition'

[Mon, 05 Nov 18 20:09:12 +0700][ERROR] [5]: Action 'img' was not found on handler 'exhibition'

[Mon, 05 Nov 18 20:09:14 +0700][ERROR] [5]: Action 'img' was not found on handler 'exhibition'

[Mon, 05 Nov 18 21:36:36 +0700][ERROR] [5]: Action 'img' was not found on handler 'art'

[Mon, 05 Nov 18 21:47:14 +0700][ERROR] [5]: Action 'add' was not found on handler 'admin'

[Mon, 05 Nov 18 21:47:14 +0700][ERROR] [5]: Action 'img' was not found on handler 'admin'

[Mon, 05 Nov 18 21:47:53 +0700][ERROR] [5]: Action 'add' was not found on handler 'admin'

[Mon, 05 Nov 18 21:47:53 +0700][ERROR] [5]: Action 'img' was not found on handler 'admin'

[Mon, 05 Nov 18 21:49:22 +0700][ERROR] [5]: Action 'img' was not found on handler 'admin'

[Mon, 05 Nov 18 21:51:18 +0700][ERROR] [5]: Action 'img' was not found on handler 'admin'

[Mon, 05 Nov 18 21:54:04 +0700][ERROR] [5]: Action 'img' was not found on handler 'admin'

[Mon, 05 Nov 18 21:58:57 +0700][ERROR] [5]: Action 'img' was not found on handler 'admin'

[Mon, 05 Nov 18 22:00:25 +0700][ERROR] [5]: Action 'img' was not found on handler 'admin'

[Mon, 05 Nov 18 22:01:39 +0700][ERROR] [5]: Action 'img' was not found on handler 'admin'

[Mon, 05 Nov 18 22:03:45 +0700][ERROR] [5]: Action 'img' was not found on handler 'admin'

[Mon, 05 Nov 18 22:05:16 +0700][ERROR] [5]: Action 'img' was not found on handler 'art'

[Mon, 05 Nov 18 22:10:18 +0700][ERROR] [5]: Action 'img' was not found on handler 'admin'

[Mon, 05 Nov 18 22:10:22 +0700][ERROR] [5]: Action 'img' was not found on handler 'admin'

[Mon, 05 Nov 18 22:10:49 +0700][ERROR] [5]: Action 'img' was not found on handler 'admin'

[Mon, 05 Nov 18 22:12:09 +0700][ERROR] [5]: Action 'img' was not found on handler 'admin'

[Mon, 05 Nov 18 22:12:38 +0700][ERROR] [5]: Action 'img' was not found on handler 'admin'

[Mon, 05 Nov 18 22:12:54 +0700][ERROR] [5]: Action 'img' was not found on handler 'admin'

[Mon, 05 Nov 18 22:13:01 +0700][ERROR] [5]: Action 'img' was not found on handler 'admin'

[Mon, 05 Nov 18 22:13:02 +0700][ERROR] [5]: Action 'img' was not found on handler 'admin'

[Mon, 05 Nov 18 22:13:30 +0700][ERROR] [5]: Action 'img' was not found on handler 'admin'

[Mon, 05 Nov 18 22:13:38 +0700][ERROR] [5]: Action 'img' was not found on handler 'admin'

[Mon, 05 Nov 18 22:13:58 +0700][ERROR] [5]: Action 'img' was not found on handler 'admin'

[Mon, 05 Nov 18 22:16:26 +0700][ERROR] [5]: Action 'img' was not found on handler 'collection'

[Mon, 05 Nov 18 22:17:14 +0700][ERROR] [5]: Action 'img' was not found on handler 'collection'

[Mon, 05 Nov 18 22:17:16 +0700][ERROR] [5]: Action 'img' was not found on handler 'admin'

[Mon, 05 Nov 18 22:17:26 +0700][ERROR] [5]: Action 'img' was not found on handler 'admin'

[Mon, 05 Nov 18 22:22:01 +0700][ERROR] [5]: Action 'img' was not found on handler 'admin'

[Mon, 05 Nov 18 22:22:17 +0700][ERROR] [5]: Action 'img' was not found on handler 'admin'

[Mon, 05 Nov 18 22:23:08 +0700][ERROR] [5]: Action 'img' was not found on handler 'admin'

[Mon, 05 Nov 18 22:23:41 +0700][ERROR] [5]: Action 'img' was not found on handler 'admin'

[Mon, 05 Nov 18 22:23:43 +0700][ERROR] [5]: Action 'img' was not found on handler 'admin'

[Mon, 05 Nov 18 22:27:48 +0700][ERROR] [5]: Action 'img' was not found on handler 'admin'

[Mon, 05 Nov 18 22:38:29 +0700][ERROR] [5]: Action 'img' was not found on handler 'admin'

[Mon, 05 Nov 18 22:46:11 +0700][ERROR] [5]: Action 'pickedit' was not found on handler 'admin'

[Mon, 05 Nov 18 22:46:11 +0700][ERROR] [5]: Action 'img' was not found on handler 'admin'

[Mon, 05 Nov 18 22:53:54 +0700][ERROR] [5]: Action 'img' was not found on handler 'admin'

[Mon, 05 Nov 18 22:57:52 +0700][ERROR] [5]: Action 'img' was not found on handler 'admin'

[Mon, 05 Nov 18 22:59:04 +0700][ERROR] [5]: Action 'img' was not found on handler 'admin'

[Mon, 05 Nov 18 23:20:48 +0700][ERROR] [5]: Action 'img' was not found on handler 'admin'

[Mon, 05 Nov 18 23:22:14 +0700][ERROR] [5]: Action 'img' was not found on handler 'admin'

[Mon, 05 Nov 18 23:22:59 +0700][ERROR] [5]: Action 'img' was not found on handler 'admin'

[Mon, 05 Nov 18 23:27:45 +0700][ERROR] [5]: Action 'img' was not found on handler 'admin'

[Mon, 05 Nov 18 23:29:43 +0700][ERROR] [5]: Action 'img' was not found on handler 'admin'

[Mon, 05 Nov 18 23:30:10 +0700][ERROR] [5]: Action 'img' was not found on handler 'admin'

[Mon, 05 Nov 18 23:30:24 +0700][ERROR] [5]: Action 'img' was not found on handler 'admin'

[Mon, 05 Nov 18 23:30:25 +0700][ERROR] [5]: Action 'img' was not found on handler 'admin'

[Mon, 05 Nov 18 23:33:30 +0700][ERROR] [5]: Action 'img' was not found on handler 'admin'

[Mon, 05 Nov 18 23:33:32 +0700][ERROR] [5]: Action 'img' was not found on handler 'admin'

[Mon, 05 Nov 18 23:34:27 +0700][ERROR] [5]: Action 'img' was not found on handler 'admin'

[Mon, 05 Nov 18 23:34:38 +0700][ERROR] [5]: Action 'img' was not found on handler 'admin'

[Mon, 05 Nov 18 23:34:39 +0700][ERROR] [5]: Action 'img' was not found on handler 'admin'

[Mon, 05 Nov 18 23:35:37 +0700][ERROR] [5]: Action 'img' was not found on handler 'admin'

[Mon, 05 Nov 18 23:35:46 +0700][ERROR] [5]: Action 'img' was not found on handler 'admin'

[Mon, 05 Nov 18 23:35:54 +0700][ERROR] [5]: Action 'img' was not found on handler 'admin'

[Mon, 05 Nov 18 23:36:32 +0700][ERROR] [5]: Action 'img' was not found on handler 'admin'

[Mon, 05 Nov 18 23:36:50 +0700][ERROR] [5]: Action 'img' was not found on handler 'admin'

[Mon, 05 Nov 18 23:36:52 +0700][ERROR] [5]: Action 'img' was not found on handler 'admin'

[Mon, 05 Nov 18 23:37:07 +0700][ERROR] [5]: Action 'img' was not found on handler 'admin'

[Mon, 05 Nov 18 23:40:24 +0700][ERROR] [5]: Action 'img' was not found on handler 'admin'

[Mon, 05 Nov 18 23:40:26 +0700][ERROR] [5]: Action 'img' was not found on handler 'admin'

[Mon, 05 Nov 18 23:42:09 +0700][ERROR] [5]: Action 'img' was not found on handler 'admin'

[Mon, 05 Nov 18 23:43:18 +0700][ERROR] [5]: Action 'img' was not found on handler 'admin'

[Mon, 05 Nov 18 23:44:16 +0700][ERROR] [5]: Action 'img' was not found on handler 'admin'

[Mon, 05 Nov 18 23:44:17 +0700][ERROR] [5]: Action 'img' was not found on handler 'admin'

[Mon, 05 Nov 18 23:44:19 +0700][ERROR] [5]: Action 'img' was not found on handler 'admin'

[Mon, 05 Nov 18 23:45:09 +0700][ERROR] [5]: Action 'img' was not found on handler 'admin'

[Mon, 05 Nov 18 23:45:26 +0700][ERROR] [5]: Action 'img' was not found on handler 'admin'

[Mon, 05 Nov 18 23:47:19 +0700][ERROR] [5]: Action 'img' was not found on handler 'admin'

[Mon, 05 Nov 18 23:47:22 +0700][ERROR] [5]: Action 'img' was not found on handler 'admin'

[Mon, 05 Nov 18 23:47:25 +0700][ERROR] [5]: Action 'img' was not found on handler 'admin'

[Mon, 05 Nov 18 23:50:10 +0700][ERROR] [5]: Action 'img' was not found on handler 'admin'

[Mon, 05 Nov 18 23:50:57 +0700][ERROR] [5]: Action 'img' was not found on handler 'admin'

[Mon, 05 Nov 18 23:51:13 +0700][ERROR] [5]: Action 'img' was not found on handler 'admin'

[Mon, 05 Nov 18 23:52:14 +0700][ERROR] [5]: Action 'img' was not found on handler 'admin'

[Mon, 05 Nov 18 23:55:48 +0700][ERROR] [5]: Action 'img' was not found on handler 'admin'

[Mon, 05 Nov 18 23:55:50 +0700][ERROR] [5]: Action 'img' was not found on handler 'admin'

