[Tue, 11 Dec 18 19:07:27 +0700][ERROR] [5]: Action 'img' was not found on handler 'art'

[Tue, 11 Dec 18 19:40:43 +0700][ERROR] [5]: Action 'img' was not found on handler 'art'

[Tue, 11 Dec 18 19:41:36 +0700][ERROR] [5]: Action 'img' was not found on handler 'admin'

[Tue, 11 Dec 18 19:41:37 +0700][ERROR] [5]: Action 'img' was not found on handler 'admin'

[Tue, 11 Dec 18 19:47:17 +0700][ERROR] [5]: Action 'img' was not found on handler 'admin'

[Tue, 11 Dec 18 19:47:54 +0700][ERROR] [5]: Action 'img' was not found on handler 'admin'

[Tue, 11 Dec 18 19:47:57 +0700][ERROR] [5]: Action 'img' was not found on handler 'admin'

[Tue, 11 Dec 18 19:48:54 +0700][ERROR] [5]: Action 'img' was not found on handler 'admin'

[Tue, 11 Dec 18 19:48:55 +0700][ERROR] [5]: Action 'img' was not found on handler 'admin'

[Tue, 11 Dec 18 19:50:03 +0700][ERROR] [5]: Action 'img' was not found on handler 'admin'

[Tue, 11 Dec 18 19:51:00 +0700][ERROR] [5]: Action 'img' was not found on handler 'admin'

[Tue, 11 Dec 18 19:52:44 +0700][ERROR] [5]: Action 'img' was not found on handler 'admin'

[Tue, 11 Dec 18 19:53:11 +0700][ERROR] [5]: Action 'img' was not found on handler 'admin'

[Tue, 11 Dec 18 20:00:05 +0700][ERROR] [5]: Action 'img' was not found on handler 'admin'

[Tue, 11 Dec 18 20:00:28 +0700][ERROR] [5]: Action 'img' was not found on handler 'admin'

[Tue, 11 Dec 18 20:01:04 +0700][ERROR] [5]: Action 'img' was not found on handler 'admin'

[Tue, 11 Dec 18 20:02:01 +0700][ERROR] [5]: Action 'img' was not found on handler 'admin'

[Tue, 11 Dec 18 20:04:02 +0700][ERROR] [5]: Action 'img' was not found on handler 'admin'

[Tue, 11 Dec 18 20:04:57 +0700][ERROR] [5]: Action 'img' was not found on handler 'admin'

[Tue, 11 Dec 18 20:04:59 +0700][ERROR] [5]: Action 'img' was not found on handler 'admin'

[Tue, 11 Dec 18 20:05:03 +0700][ERROR] [5]: Action 'img' was not found on handler 'admin'

[Tue, 11 Dec 18 20:05:06 +0700][ERROR] [5]: Action 'img' was not found on handler 'admin'

[Tue, 11 Dec 18 20:05:09 +0700][ERROR] [5]: Action 'img' was not found on handler 'admin'

[Tue, 11 Dec 18 20:06:59 +0700][ERROR] [5]: Action 'img' was not found on handler 'admin'

[Tue, 11 Dec 18 20:10:27 +0700][ERROR] [5]: Action 'img' was not found on handler 'admin'

[Tue, 11 Dec 18 20:10:29 +0700][ERROR] [5]: Action 'img' was not found on handler 'admin'

[Tue, 11 Dec 18 20:10:38 +0700][ERROR] [5]: Action 'img' was not found on handler 'admin'

[Tue, 11 Dec 18 20:10:38 +0700][ERROR] [5]: Action 'img' was not found on handler 'admin'

[Tue, 11 Dec 18 20:11:03 +0700][ERROR] [5]: Action 'img' was not found on handler 'admin'

[Tue, 11 Dec 18 20:11:16 +0700][ERROR] [5]: Action 'img' was not found on handler 'admin'

[Tue, 11 Dec 18 20:13:21 +0700][ERROR] [5]: Action 'img' was not found on handler 'admin'

[Tue, 11 Dec 18 20:16:08 +0700][ERROR] [5]: Action 'img' was not found on handler 'admin'

[Tue, 11 Dec 18 20:17:21 +0700][ERROR] [5]: Action 'img' was not found on handler 'admin'

[Tue, 11 Dec 18 20:17:38 +0700][ERROR] [5]: Action 'img' was not found on handler 'admin'

[Tue, 11 Dec 18 20:18:38 +0700][ERROR] [5]: Action 'img' was not found on handler 'admin'

[Tue, 11 Dec 18 20:18:40 +0700][ERROR] [5]: Action 'img' was not found on handler 'admin'

[Tue, 11 Dec 18 20:19:58 +0700][ERROR] [5]: Action 'img' was not found on handler 'admin'

[Tue, 11 Dec 18 20:20:22 +0700][ERROR] [5]: Action 'img' was not found on handler 'admin'

[Tue, 11 Dec 18 20:20:37 +0700][ERROR] [5]: Action 'img' was not found on handler 'admin'

[Tue, 11 Dec 18 20:20:38 +0700][ERROR] [5]: Action 'img' was not found on handler 'admin'

[Tue, 11 Dec 18 20:21:21 +0700][ERROR] [5]: Action 'img' was not found on handler 'admin'

[Tue, 11 Dec 18 20:32:41 +0700][ERROR] [5]: Action 'img' was not found on handler 'admin'

[Tue, 11 Dec 18 20:32:42 +0700][ERROR] [5]: Action 'img' was not found on handler 'admin'

[Tue, 11 Dec 18 20:32:58 +0700][ERROR] [5]: Action 'img' was not found on handler 'admin'

[Tue, 11 Dec 18 20:34:51 +0700][ERROR] [5]: Action 'img' was not found on handler 'admin'

[Tue, 11 Dec 18 20:35:15 +0700][ERROR] [5]: Action 'img' was not found on handler 'admin'

[Tue, 11 Dec 18 20:35:17 +0700][ERROR] [5]: Action 'img' was not found on handler 'admin'

[Tue, 11 Dec 18 20:49:57 +0700][ERROR] [5]: Action 'img' was not found on handler 'admin'

[Tue, 11 Dec 18 20:51:26 +0700][ERROR] [5]: Action 'img' was not found on handler 'admin'

[Tue, 11 Dec 18 20:51:29 +0700][ERROR] [5]: Action 'img' was not found on handler 'admin'

[Tue, 11 Dec 18 20:52:33 +0700][ERROR] [5]: Action 'img' was not found on handler 'admin'

[Tue, 11 Dec 18 20:52:48 +0700][ERROR] [5]: Action 'img' was not found on handler 'admin'

[Tue, 11 Dec 18 20:53:10 +0700][ERROR] [5]: Action 'img' was not found on handler 'admin'

[Tue, 11 Dec 18 20:53:15 +0700][ERROR] [5]: Action 'img' was not found on handler 'admin'

[Tue, 11 Dec 18 20:54:48 +0700][ERROR] [5]: Action 'img' was not found on handler 'admin'

[Tue, 11 Dec 18 20:54:54 +0700][ERROR] [5]: Action 'img' was not found on handler 'admin'

[Tue, 11 Dec 18 20:55:55 +0700][ERROR] [5]: Action 'img' was not found on handler 'admin'

[Tue, 11 Dec 18 20:55:58 +0700][ERROR] [5]: Action 'img' was not found on handler 'admin'

[Tue, 11 Dec 18 20:57:11 +0700][ERROR] [5]: Action 'img' was not found on handler 'admin'

[Tue, 11 Dec 18 20:57:16 +0700][ERROR] [5]: Action 'img' was not found on handler 'admin'

[Tue, 11 Dec 18 20:58:02 +0700][ERROR] [5]: Action 'img' was not found on handler 'admin'

[Tue, 11 Dec 18 20:58:08 +0700][ERROR] [5]: Action 'img' was not found on handler 'admin'

[Tue, 11 Dec 18 20:58:09 +0700][ERROR] [5]: Action 'img' was not found on handler 'admin'

[Tue, 11 Dec 18 20:58:11 +0700][ERROR] [5]: Action 'img' was not found on handler 'admin'

[Tue, 11 Dec 18 20:58:24 +0700][ERROR] [5]: Action 'img' was not found on handler 'admin'

[Tue, 11 Dec 18 20:58:24 +0700][ERROR] [5]: Action 'img' was not found on handler 'admin'

[Tue, 11 Dec 18 20:58:37 +0700][ERROR] [5]: Action 'img' was not found on handler 'admin'

[Tue, 11 Dec 18 20:58:46 +0700][ERROR] [5]: Action 'img' was not found on handler 'admin'

[Tue, 11 Dec 18 20:59:00 +0700][ERROR] [5]: Action 'img' was not found on handler 'admin'

[Tue, 11 Dec 18 20:59:01 +0700][ERROR] [5]: Action 'img' was not found on handler 'admin'

[Tue, 11 Dec 18 20:59:02 +0700][ERROR] [5]: Action 'img' was not found on handler 'admin'

[Tue, 11 Dec 18 20:59:04 +0700][ERROR] [5]: Action 'img' was not found on handler 'admin'

[Tue, 11 Dec 18 20:59:05 +0700][ERROR] [5]: Action 'img' was not found on handler 'admin'

[Tue, 11 Dec 18 20:59:57 +0700][ERROR] [5]: Action 'img' was not found on handler 'admin'

[Tue, 11 Dec 18 21:00:21 +0700][ERROR] [5]: Action 'img' was not found on handler 'admin'

[Tue, 11 Dec 18 21:00:22 +0700][ERROR] [5]: Action 'img' was not found on handler 'admin'

[Tue, 11 Dec 18 21:01:33 +0700][ERROR] [5]: Action 'img' was not found on handler 'admin'

[Tue, 11 Dec 18 21:03:25 +0700][ERROR] [5]: Action 'img' was not found on handler 'admin'

[Tue, 11 Dec 18 21:03:53 +0700][ERROR] [5]: Action 'img' was not found on handler 'admin'

[Tue, 11 Dec 18 21:05:15 +0700][ERROR] [5]: Action 'img' was not found on handler 'admin'

[Tue, 11 Dec 18 21:05:21 +0700][ERROR] [5]: Action 'img' was not found on handler 'admin'

[Tue, 11 Dec 18 21:05:23 +0700][ERROR] [5]: Action 'img' was not found on handler 'admin'

[Tue, 11 Dec 18 21:05:46 +0700][ERROR] [5]: Action 'img' was not found on handler 'admin'

[Tue, 11 Dec 18 21:06:48 +0700][ERROR] [5]: Action 'img' was not found on handler 'admin'

[Tue, 11 Dec 18 21:06:48 +0700][ERROR] [5]: Action 'img' was not found on handler 'admin'

[Tue, 11 Dec 18 21:06:51 +0700][ERROR] [5]: Action 'img' was not found on handler 'admin'

[Tue, 11 Dec 18 21:07:23 +0700][ERROR] [5]: Action 'img' was not found on handler 'admin'

[Tue, 11 Dec 18 21:07:24 +0700][ERROR] [5]: Action 'img' was not found on handler 'admin'

[Tue, 11 Dec 18 21:07:39 +0700][ERROR] [5]: Action 'img' was not found on handler 'admin'

[Tue, 11 Dec 18 21:09:52 +0700][ERROR] [5]: Action 'img' was not found on handler 'admin'

[Tue, 11 Dec 18 21:10:01 +0700][ERROR] [5]: Action 'img' was not found on handler 'admin'

[Tue, 11 Dec 18 21:10:08 +0700][ERROR] [5]: Action 'img' was not found on handler 'admin'

[Tue, 11 Dec 18 21:10:28 +0700][ERROR] [5]: Action 'img' was not found on handler 'exhibition'

[Tue, 11 Dec 18 21:14:36 +0700][ERROR] [5]: Action 'img' was not found on handler 'exhibition'

[Tue, 11 Dec 18 21:14:42 +0700][ERROR] [5]: Action 'img' was not found on handler 'admin'

[Tue, 11 Dec 18 21:14:55 +0700][ERROR] [5]: Action 'img' was not found on handler 'admin'

[Tue, 11 Dec 18 21:17:55 +0700][ERROR] [5]: Action 'img' was not found on handler 'admin'

[Tue, 11 Dec 18 21:18:19 +0700][ERROR] [5]: Action 'img' was not found on handler 'admin'

[Tue, 11 Dec 18 21:18:52 +0700][ERROR] [5]: Action 'img' was not found on handler 'admin'

[Tue, 11 Dec 18 21:19:23 +0700][ERROR] [5]: Action 'img' was not found on handler 'admin'

[Tue, 11 Dec 18 21:19:37 +0700][ERROR] [5]: Action 'img' was not found on handler 'admin'

[Tue, 11 Dec 18 21:19:44 +0700][ERROR] [5]: Action 'img' was not found on handler 'admin'

[Tue, 11 Dec 18 21:20:11 +0700][ERROR] [5]: Action 'img' was not found on handler 'admin'

[Tue, 11 Dec 18 21:20:13 +0700][ERROR] [5]: Action 'img' was not found on handler 'admin'

[Tue, 11 Dec 18 21:20:14 +0700][ERROR] [5]: Action 'img' was not found on handler 'admin'

[Tue, 11 Dec 18 21:20:15 +0700][ERROR] [5]: Action 'img' was not found on handler 'admin'

[Tue, 11 Dec 18 21:20:16 +0700][ERROR] [5]: Action 'img' was not found on handler 'admin'

[Tue, 11 Dec 18 21:20:17 +0700][ERROR] [5]: Action 'img' was not found on handler 'admin'

[Tue, 11 Dec 18 21:20:31 +0700][ERROR] [5]: Action 'img' was not found on handler 'admin'

[Tue, 11 Dec 18 21:26:26 +0700][ERROR] [5]: Action 'img' was not found on handler 'admin'

[Tue, 11 Dec 18 21:26:27 +0700][ERROR] [5]: Action 'img' was not found on handler 'admin'

[Tue, 11 Dec 18 21:26:46 +0700][ERROR] [5]: Action 'img' was not found on handler 'admin'

[Tue, 11 Dec 18 21:27:02 +0700][ERROR] [5]: Action 'img' was not found on handler 'admin'

[Tue, 11 Dec 18 21:28:55 +0700][ERROR] [5]: Action 'img' was not found on handler 'admin'

[Tue, 11 Dec 18 21:37:17 +0700][ERROR] [5]: Action 'img' was not found on handler 'art'

[Tue, 11 Dec 18 21:37:22 +0700][ERROR] [5]: Action 'img' was not found on handler 'art'

[Tue, 11 Dec 18 21:40:01 +0700][ERROR] [5]: Action 'img' was not found on handler 'exhibition'

[Tue, 11 Dec 18 21:49:39 +0700][ERROR] [5]: Action 'img' was not found on handler 'art'

[Tue, 11 Dec 18 21:51:49 +0700][ERROR] [2]: TicketsController handler class cannot be loaded

[Tue, 11 Dec 18 21:51:59 +0700][ERROR] [2]: TicketsController handler class cannot be loaded

[Tue, 11 Dec 18 21:52:28 +0700][ERROR] [2]: TicketsController handler class cannot be loaded

[Tue, 11 Dec 18 21:52:29 +0700][ERROR] [2]: TicketsController handler class cannot be loaded

[Tue, 11 Dec 18 21:52:33 +0700][ERROR] [2]: TicketsController handler class cannot be loaded

[Tue, 11 Dec 18 21:52:34 +0700][ERROR] [2]: TicketsController handler class cannot be loaded

[Tue, 11 Dec 18 21:55:16 +0700][ERROR] [2]: TicketsController handler class cannot be loaded

[Tue, 11 Dec 18 21:55:22 +0700][ERROR] [2]: TicketController handler class cannot be loaded

[Tue, 11 Dec 18 21:56:15 +0700][ERROR] [2]: TicketController handler class cannot be loaded

[Tue, 11 Dec 18 22:02:29 +0700][ERROR] [5]: Action 'Exhibition' was not found on handler 'ticket'

[Tue, 11 Dec 18 22:02:29 +0700][ERROR] [5]: Action 'img' was not found on handler 'ticket'

[Tue, 11 Dec 18 22:03:46 +0700][ERROR] [5]: Action 'img' was not found on handler 'ticket'

[Tue, 11 Dec 18 22:05:11 +0700][ERROR] [5]: Action 'img' was not found on handler 'ticket'

[Tue, 11 Dec 18 22:07:24 +0700][ERROR] [5]: Action 'img' was not found on handler 'ticket'

[Tue, 11 Dec 18 22:19:14 +0700][ERROR] [5]: Action 'img' was not found on handler 'ticket'

[Tue, 11 Dec 18 22:19:17 +0700][ERROR] [5]: Action 'img' was not found on handler 'ticket'

[Tue, 11 Dec 18 22:19:18 +0700][ERROR] [5]: Action 'img' was not found on handler 'ticket'

[Tue, 11 Dec 18 22:19:21 +0700][ERROR] [5]: Action 'img' was not found on handler 'ticket'

[Tue, 11 Dec 18 22:20:15 +0700][ERROR] [5]: Action 'img' was not found on handler 'ticket'

[Tue, 11 Dec 18 22:20:57 +0700][ERROR] [5]: Action 'img' was not found on handler 'ticket'

[Tue, 11 Dec 18 22:20:59 +0700][ERROR] [5]: Action 'img' was not found on handler 'ticket'

[Tue, 11 Dec 18 22:21:11 +0700][ERROR] [5]: Action 'img' was not found on handler 'ticket'

[Tue, 11 Dec 18 22:21:12 +0700][ERROR] [5]: Action 'img' was not found on handler 'ticket'

[Tue, 11 Dec 18 22:23:56 +0700][ERROR] [5]: Action 'img' was not found on handler 'ticket'

[Tue, 11 Dec 18 22:39:07 +0700][ERROR] [5]: Action 'img' was not found on handler 'ticket'

[Tue, 11 Dec 18 22:39:19 +0700][ERROR] [5]: Action 'img' was not found on handler 'admin'

[Tue, 11 Dec 18 22:39:29 +0700][ERROR] [5]: Action 'img' was not found on handler 'ticket'

[Tue, 11 Dec 18 22:39:29 +0700][ERROR] [5]: Action 'img' was not found on handler 'ticket'

[Tue, 11 Dec 18 22:44:30 +0700][ERROR] [5]: Action 'img' was not found on handler 'ticket'

[Tue, 11 Dec 18 22:44:36 +0700][ERROR] [5]: Action 'img' was not found on handler 'ticket'

[Tue, 11 Dec 18 22:44:37 +0700][ERROR] [5]: Action 'img' was not found on handler 'ticket'

[Tue, 11 Dec 18 22:45:58 +0700][ERROR] [5]: Action 'img' was not found on handler 'ticket'

[Tue, 11 Dec 18 22:46:03 +0700][ERROR] [5]: Action 'img' was not found on handler 'ticket'

[Tue, 11 Dec 18 22:46:05 +0700][ERROR] [5]: Action 'img' was not found on handler 'ticket'

[Tue, 11 Dec 18 22:46:25 +0700][ERROR] [5]: Action 'img' was not found on handler 'ticket'

[Tue, 11 Dec 18 22:50:27 +0700][ERROR] [5]: Action 'img' was not found on handler 'ticket'

[Tue, 11 Dec 18 22:50:46 +0700][ERROR] [5]: Action 'img' was not found on handler 'ticket'

[Tue, 11 Dec 18 22:53:00 +0700][ERROR] [5]: Action 'img' was not found on handler 'ticket'

[Tue, 11 Dec 18 22:53:10 +0700][ERROR] [5]: Action 'img' was not found on handler 'ticket'

[Tue, 11 Dec 18 22:56:00 +0700][ERROR] [5]: Action 'img' was not found on handler 'ticket'

[Tue, 11 Dec 18 22:56:03 +0700][ERROR] [5]: Action 'img' was not found on handler 'ticket'

[Tue, 11 Dec 18 22:59:06 +0700][ERROR] [5]: Action 'img' was not found on handler 'ticket'

[Tue, 11 Dec 18 22:59:30 +0700][ERROR] [5]: Action 'img' was not found on handler 'ticket'

[Tue, 11 Dec 18 22:59:34 +0700][ERROR] [5]: Action 'img' was not found on handler 'ticket'

[Tue, 11 Dec 18 22:59:35 +0700][ERROR] [5]: Action 'img' was not found on handler 'ticket'

[Tue, 11 Dec 18 22:59:39 +0700][ERROR] [5]: Action 'img' was not found on handler 'ticket'

[Tue, 11 Dec 18 22:59:40 +0700][ERROR] [5]: Action 'img' was not found on handler 'ticket'

[Tue, 11 Dec 18 23:00:44 +0700][ERROR] [5]: Action 'img' was not found on handler 'ticket'

[Tue, 11 Dec 18 23:00:48 +0700][ERROR] [5]: Action 'img' was not found on handler 'ticket'

[Tue, 11 Dec 18 23:00:48 +0700][ERROR] [5]: Action 'img' was not found on handler 'ticket'

[Tue, 11 Dec 18 23:01:21 +0700][ERROR] [5]: Action 'img' was not found on handler 'ticket'

[Tue, 11 Dec 18 23:01:24 +0700][ERROR] [5]: Action 'img' was not found on handler 'ticket'

[Tue, 11 Dec 18 23:01:29 +0700][ERROR] [5]: Action 'img' was not found on handler 'ticket'

[Tue, 11 Dec 18 23:01:30 +0700][ERROR] [5]: Action 'img' was not found on handler 'ticket'

[Tue, 11 Dec 18 23:01:59 +0700][ERROR] [5]: Action 'img' was not found on handler 'ticket'

[Tue, 11 Dec 18 23:02:01 +0700][ERROR] [5]: Action 'img' was not found on handler 'ticket'

[Tue, 11 Dec 18 23:02:02 +0700][ERROR] [5]: Action 'img' was not found on handler 'ticket'

[Tue, 11 Dec 18 23:02:18 +0700][ERROR] [5]: Action 'img' was not found on handler 'ticket'

[Tue, 11 Dec 18 23:02:25 +0700][ERROR] [5]: Action 'img' was not found on handler 'ticket'

[Tue, 11 Dec 18 23:02:26 +0700][ERROR] [5]: Action 'img' was not found on handler 'ticket'

[Tue, 11 Dec 18 23:04:30 +0700][ERROR] [5]: Action 'img' was not found on handler 'ticket'

[Tue, 11 Dec 18 23:04:32 +0700][ERROR] [5]: Action 'img' was not found on handler 'ticket'

[Tue, 11 Dec 18 23:04:33 +0700][ERROR] [5]: Action 'img' was not found on handler 'ticket'

[Tue, 11 Dec 18 23:08:14 +0700][ERROR] [5]: Action 'img' was not found on handler 'ticket'

[Tue, 11 Dec 18 23:08:17 +0700][ERROR] [5]: Action 'img' was not found on handler 'ticket'

[Tue, 11 Dec 18 23:08:19 +0700][ERROR] [5]: Action 'img' was not found on handler 'ticket'

[Tue, 11 Dec 18 23:09:43 +0700][ERROR] [5]: Action 'img' was not found on handler 'ticket'

[Tue, 11 Dec 18 23:09:44 +0700][ERROR] [2]: SuccessfulController handler class cannot be loaded

[Tue, 11 Dec 18 23:10:41 +0700][ERROR] [5]: Action 'img' was not found on handler 'ticket'

[Tue, 11 Dec 18 23:10:43 +0700][ERROR] [5]: Action 'img' was not found on handler 'ticket'

[Tue, 11 Dec 18 23:11:59 +0700][ERROR] [5]: Action 'img' was not found on handler 'ticket'

[Tue, 11 Dec 18 23:20:03 +0700][ERROR] [5]: Action 'img' was not found on handler 'ticket'

[Tue, 11 Dec 18 23:20:05 +0700][ERROR] [5]: Action 'img' was not found on handler 'ticket'

[Tue, 11 Dec 18 23:21:03 +0700][ERROR] [5]: Action 'img' was not found on handler 'ticket'

[Tue, 11 Dec 18 23:21:07 +0700][ERROR] [5]: Action 'img' was not found on handler 'ticket'

[Tue, 11 Dec 18 23:21:24 +0700][ERROR] [5]: Action 'img' was not found on handler 'ticket'

[Tue, 11 Dec 18 23:21:28 +0700][ERROR] [5]: Action 'img' was not found on handler 'ticket'

[Tue, 11 Dec 18 23:21:49 +0700][ERROR] [5]: Action 'img' was not found on handler 'ticket'

[Tue, 11 Dec 18 23:21:55 +0700][ERROR] [5]: Action 'img' was not found on handler 'ticket'

[Tue, 11 Dec 18 23:23:32 +0700][ERROR] [5]: Action 'img' was not found on handler 'ticket'

[Tue, 11 Dec 18 23:23:33 +0700][ERROR] [5]: Action 'img' was not found on handler 'ticket'

[Tue, 11 Dec 18 23:23:36 +0700][ERROR] [5]: Action 'img' was not found on handler 'ticket'

[Tue, 11 Dec 18 23:23:39 +0700][ERROR] [5]: Action 'img' was not found on handler 'ticket'

[Tue, 11 Dec 18 23:24:03 +0700][ERROR] [5]: Action 'img' was not found on handler 'ticket'

[Tue, 11 Dec 18 23:24:06 +0700][ERROR] [5]: Action 'img' was not found on handler 'ticket'

[Tue, 11 Dec 18 23:24:09 +0700][ERROR] [5]: Action 'img' was not found on handler 'ticket'

[Tue, 11 Dec 18 23:24:12 +0700][ERROR] [5]: Action 'img' was not found on handler 'ticket'

[Tue, 11 Dec 18 23:24:13 +0700][ERROR] [5]: Action 'img' was not found on handler 'ticket'

[Tue, 11 Dec 18 23:24:16 +0700][ERROR] [5]: Action 'img' was not found on handler 'ticket'

[Tue, 11 Dec 18 23:24:24 +0700][ERROR] [5]: Action 'img' was not found on handler 'ticket'

[Tue, 11 Dec 18 23:24:25 +0700][ERROR] [5]: Action 'img' was not found on handler 'ticket'

[Tue, 11 Dec 18 23:29:10 +0700][ERROR] [5]: Action 'img' was not found on handler 'ticket'

[Tue, 11 Dec 18 23:29:43 +0700][ERROR] [5]: Action 'img' was not found on handler 'ticket'

[Tue, 11 Dec 18 23:31:59 +0700][ERROR] [5]: Action 'img' was not found on handler 'ticket'

[Tue, 11 Dec 18 23:32:24 +0700][ERROR] [5]: Action 'img' was not found on handler 'ticket'

[Tue, 11 Dec 18 23:32:46 +0700][ERROR] [5]: Action 'img' was not found on handler 'ticket'

[Tue, 11 Dec 18 23:37:09 +0700][ERROR] [5]: Action 'img' was not found on handler 'ticket'

[Tue, 11 Dec 18 23:41:06 +0700][ERROR] [5]: Action 'img' was not found on handler 'admin'

[Tue, 11 Dec 18 23:41:08 +0700][ERROR] [5]: Action 'img' was not found on handler 'admin'

[Tue, 11 Dec 18 23:41:59 +0700][ERROR] [5]: Action 'img' was not found on handler 'ticket'

[Tue, 11 Dec 18 23:46:40 +0700][ERROR] [5]: Action 'img' was not found on handler 'ticket'

[Tue, 11 Dec 18 23:47:07 +0700][ERROR] [5]: Action 'img' was not found on handler 'ticket'

[Tue, 11 Dec 18 23:47:46 +0700][ERROR] [5]: Action 'img' was not found on handler 'ticket'

[Tue, 11 Dec 18 23:48:27 +0700][ERROR] [5]: Action 'img' was not found on handler 'ticket'

[Tue, 11 Dec 18 23:48:39 +0700][ERROR] [5]: Action 'img' was not found on handler 'ticket'

[Tue, 11 Dec 18 23:49:17 +0700][ERROR] [5]: Action 'img' was not found on handler 'ticket'

[Tue, 11 Dec 18 23:49:21 +0700][ERROR] [5]: Action 'img' was not found on handler 'ticket'

[Tue, 11 Dec 18 23:49:44 +0700][ERROR] [5]: Action 'img' was not found on handler 'ticket'

[Tue, 11 Dec 18 23:49:46 +0700][ERROR] [5]: Action 'img' was not found on handler 'ticket'

[Tue, 11 Dec 18 23:49:49 +0700][ERROR] [5]: Action 'img' was not found on handler 'ticket'

[Tue, 11 Dec 18 23:49:50 +0700][ERROR] [5]: Action 'img' was not found on handler 'ticket'

[Tue, 11 Dec 18 23:49:54 +0700][ERROR] [5]: Action 'img' was not found on handler 'ticket'

