[Wed, 12 Dec 18 00:15:19 +0700][ERROR] [5]: Action 'img' was not found on handler 'admin'

[Wed, 12 Dec 18 00:15:21 +0700][ERROR] [5]: Action 'img' was not found on handler 'admin'

[Wed, 12 Dec 18 00:16:07 +0700][ERROR] [2]: GuideController handler class cannot be loaded

[Wed, 12 Dec 18 00:20:20 +0700][ERROR] [2]: GuideController handler class cannot be loaded

[Wed, 12 Dec 18 00:20:41 +0700][ERROR] [2]: GuideController handler class cannot be loaded

[Wed, 12 Dec 18 00:24:33 +0700][ERROR] [5]: Action 'img' was not found on handler 'guide'

[Wed, 12 Dec 18 00:35:30 +0700][ERROR] [5]: Action 'img' was not found on handler 'guide'

[Wed, 12 Dec 18 00:35:34 +0700][ERROR] [5]: Action 'img' was not found on handler 'guide'

[Wed, 12 Dec 18 00:35:48 +0700][ERROR] [5]: Action 'img' was not found on handler 'guide'

[Wed, 12 Dec 18 00:36:20 +0700][ERROR] [5]: Action 'img' was not found on handler 'guide'

[Wed, 12 Dec 18 00:36:38 +0700][ERROR] [5]: Action 'img' was not found on handler 'guide'

[Wed, 12 Dec 18 00:37:03 +0700][ERROR] [5]: Action 'img' was not found on handler 'guide'

[Wed, 12 Dec 18 00:37:24 +0700][ERROR] [5]: Action 'img' was not found on handler 'guide'

[Wed, 12 Dec 18 00:37:33 +0700][ERROR] [5]: Action 'img' was not found on handler 'guide'

[Wed, 12 Dec 18 00:37:43 +0700][ERROR] [5]: Action 'img' was not found on handler 'guide'

[Wed, 12 Dec 18 00:37:51 +0700][ERROR] [5]: Action 'img' was not found on handler 'guide'

[Wed, 12 Dec 18 00:38:23 +0700][ERROR] [5]: Action 'img' was not found on handler 'guide'

[Wed, 12 Dec 18 00:38:26 +0700][ERROR] [5]: Action 'img' was not found on handler 'guide'

[Wed, 12 Dec 18 00:39:29 +0700][ERROR] [5]: Action 'img' was not found on handler 'guide'

[Wed, 12 Dec 18 00:40:08 +0700][ERROR] [5]: Action 'img' was not found on handler 'guide'

[Wed, 12 Dec 18 00:40:12 +0700][ERROR] [5]: Action 'img' was not found on handler 'guide'

[Wed, 12 Dec 18 00:40:14 +0700][ERROR] [5]: Action 'img' was not found on handler 'guide'

[Wed, 12 Dec 18 00:40:18 +0700][ERROR] [5]: Action 'img' was not found on handler 'guide'

[Wed, 12 Dec 18 00:40:20 +0700][ERROR] [5]: Action 'img' was not found on handler 'guide'

[Wed, 12 Dec 18 00:41:27 +0700][ERROR] [5]: Action 'img' was not found on handler 'guide'

[Wed, 12 Dec 18 00:41:29 +0700][ERROR] [5]: Action 'img' was not found on handler 'guide'

[Wed, 12 Dec 18 00:41:38 +0700][ERROR] [5]: Action 'img' was not found on handler 'guide'

[Wed, 12 Dec 18 20:09:20 +0700][ERROR] [5]: Action 'img' was not found on handler 'admin'

[Wed, 12 Dec 18 20:09:24 +0700][ERROR] [5]: Action 'img' was not found on handler 'admin'

[Wed, 12 Dec 18 20:17:52 +0700][ERROR] [5]: Action 'img' was not found on handler 'admin'

[Wed, 12 Dec 18 20:18:19 +0700][ERROR] [5]: Action 'a' was not found on handler 'admin'

[Wed, 12 Dec 18 20:18:19 +0700][ERROR] [5]: Action 'img' was not found on handler 'admin'

[Wed, 12 Dec 18 20:18:25 +0700][ERROR] [5]: Action 'img' was not found on handler 'admin'

[Wed, 12 Dec 18 20:22:57 +0700][ERROR] [5]: Action 'img' was not found on handler 'admin'

[Wed, 12 Dec 18 20:23:22 +0700][ERROR] [5]: Action 'a' was not found on handler 'admin'

[Wed, 12 Dec 18 20:23:22 +0700][ERROR] [5]: Action 'img' was not found on handler 'admin'

[Wed, 12 Dec 18 20:25:38 +0700][ERROR] [5]: Action 'img' was not found on handler 'admin'

[Wed, 12 Dec 18 20:25:42 +0700][ERROR] [5]: Action 'a' was not found on handler 'admin'

[Wed, 12 Dec 18 20:25:42 +0700][ERROR] [5]: Action 'img' was not found on handler 'admin'

[Wed, 12 Dec 18 20:26:35 +0700][ERROR] [5]: Action 'img' was not found on handler 'admin'

[Wed, 12 Dec 18 20:26:36 +0700][ERROR] [5]: Action 'img' was not found on handler 'admin'

[Wed, 12 Dec 18 20:26:50 +0700][ERROR] [5]: Action 'a' was not found on handler 'admin'

[Wed, 12 Dec 18 20:26:51 +0700][ERROR] [5]: Action 'img' was not found on handler 'admin'

[Wed, 12 Dec 18 20:28:13 +0700][ERROR] [5]: Action 'img' was not found on handler 'admin'

[Wed, 12 Dec 18 20:28:14 +0700][ERROR] [5]: Action 'img' was not found on handler 'admin'

[Wed, 12 Dec 18 20:28:46 +0700][ERROR] [5]: Action 'img' was not found on handler 'admin'

[Wed, 12 Dec 18 20:29:07 +0700][ERROR] [5]: Action 'img' was not found on handler 'admin'

[Wed, 12 Dec 18 20:29:21 +0700][ERROR] [5]: Action 'img' was not found on handler 'admin'

[Wed, 12 Dec 18 20:29:21 +0700][ERROR] [5]: Action 'img' was not found on handler 'admin'

[Wed, 12 Dec 18 20:29:32 +0700][ERROR] [5]: Action 'img' was not found on handler 'admin'

[Wed, 12 Dec 18 20:30:17 +0700][ERROR] [5]: Action 'img' was not found on handler 'admin'

[Wed, 12 Dec 18 20:34:04 +0700][ERROR] [5]: Action 'img' was not found on handler 'admin'

[Wed, 12 Dec 18 20:34:57 +0700][ERROR] [5]: Action 'img' was not found on handler 'admin'

[Wed, 12 Dec 18 20:35:15 +0700][ERROR] [5]: Action 'img' was not found on handler 'admin'

[Wed, 12 Dec 18 20:36:01 +0700][ERROR] [5]: Action 'img' was not found on handler 'admin'

[Wed, 12 Dec 18 20:37:11 +0700][ERROR] [5]: Action 'img' was not found on handler 'admin'

[Wed, 12 Dec 18 20:37:13 +0700][ERROR] [5]: Action 'img' was not found on handler 'admin'

[Wed, 12 Dec 18 20:39:24 +0700][ERROR] [5]: Action 'img' was not found on handler 'admin'

[Wed, 12 Dec 18 21:01:56 +0700][ERROR] [5]: Action 'img' was not found on handler 'admin'

[Wed, 12 Dec 18 21:01:56 +0700][ERROR] [5]: Action 'img' was not found on handler 'admin'

[Wed, 12 Dec 18 21:02:14 +0700][ERROR] [5]: Action 'img' was not found on handler 'admin'

[Wed, 12 Dec 18 21:02:21 +0700][ERROR] [5]: Action 'img' was not found on handler 'admin'

[Wed, 12 Dec 18 21:02:23 +0700][ERROR] [5]: Action 'img' was not found on handler 'admin'

[Wed, 12 Dec 18 21:02:50 +0700][ERROR] [5]: Action 'img' was not found on handler 'admin'

[Wed, 12 Dec 18 21:02:50 +0700][ERROR] [5]: Action 'img' was not found on handler 'admin'

[Wed, 12 Dec 18 21:02:53 +0700][ERROR] [5]: Action 'img' was not found on handler 'admin'

[Wed, 12 Dec 18 21:04:07 +0700][ERROR] [5]: Action 'img' was not found on handler 'admin'

[Wed, 12 Dec 18 21:04:08 +0700][ERROR] [5]: Action 'img' was not found on handler 'admin'

[Wed, 12 Dec 18 21:04:32 +0700][ERROR] [5]: Action 'img' was not found on handler 'admin'

[Wed, 12 Dec 18 21:05:46 +0700][ERROR] [5]: Action 'img' was not found on handler 'admin'

[Wed, 12 Dec 18 21:05:54 +0700][ERROR] [5]: Action 'img' was not found on handler 'admin'

[Wed, 12 Dec 18 21:05:56 +0700][ERROR] [5]: Action 'img' was not found on handler 'admin'

[Wed, 12 Dec 18 21:06:09 +0700][ERROR] [5]: Action 'img' was not found on handler 'admin'

[Wed, 12 Dec 18 21:10:19 +0700][ERROR] [5]: Action 'img' was not found on handler 'admin'

[Wed, 12 Dec 18 21:10:20 +0700][ERROR] [5]: Action 'img' was not found on handler 'admin'

[Wed, 12 Dec 18 21:15:48 +0700][ERROR] [5]: Action 'img' was not found on handler 'admin'

[Wed, 12 Dec 18 21:15:49 +0700][ERROR] [5]: Action 'img' was not found on handler 'admin'

[Wed, 12 Dec 18 21:18:00 +0700][ERROR] [5]: Action 'img' was not found on handler 'admin'

[Wed, 12 Dec 18 21:22:26 +0700][ERROR] [5]: Action 'img' was not found on handler 'admin'

[Wed, 12 Dec 18 21:23:44 +0700][ERROR] [5]: Action 'img' was not found on handler 'admin'

[Wed, 12 Dec 18 21:25:11 +0700][ERROR] [5]: Action 'img' was not found on handler 'admin'

[Wed, 12 Dec 18 21:26:25 +0700][ERROR] [5]: Action 'img' was not found on handler 'admin'

[Wed, 12 Dec 18 21:27:09 +0700][ERROR] [5]: Action 'img' was not found on handler 'admin'

[Wed, 12 Dec 18 21:27:11 +0700][ERROR] [5]: Action 'img' was not found on handler 'admin'

[Wed, 12 Dec 18 21:31:44 +0700][ERROR] [5]: Action 'collection' was not found on handler 'admin'

[Wed, 12 Dec 18 21:31:44 +0700][ERROR] [5]: Action 'img' was not found on handler 'admin'

[Wed, 12 Dec 18 21:32:17 +0700][ERROR] [5]: Action 'img' was not found on handler 'admin'

[Wed, 12 Dec 18 21:32:19 +0700][ERROR] [5]: Action 'img' was not found on handler 'admin'

[Wed, 12 Dec 18 21:32:43 +0700][ERROR] [5]: Action 'img' was not found on handler 'admin'

[Wed, 12 Dec 18 21:33:53 +0700][ERROR] [5]: Action 'img' was not found on handler 'admin'

[Wed, 12 Dec 18 21:35:22 +0700][ERROR] [5]: Action 'img' was not found on handler 'admin'

[Wed, 12 Dec 18 21:37:26 +0700][ERROR] [5]: Action 'img' was not found on handler 'admin'

[Wed, 12 Dec 18 21:37:28 +0700][ERROR] [5]: Action 'img' was not found on handler 'admin'

