[Thu, 08 Nov 18 00:00:01 +0700][ERROR] [5]: Action 'img' was not found on handler 'admin'

[Thu, 08 Nov 18 00:00:02 +0700][ERROR] [5]: Action 'img' was not found on handler 'admin'

[Thu, 08 Nov 18 00:00:04 +0700][ERROR] [5]: Action 'img' was not found on handler 'admin'

[Thu, 08 Nov 18 00:00:07 +0700][ERROR] [5]: Action 'img' was not found on handler 'admin'

[Thu, 08 Nov 18 00:01:09 +0700][ERROR] [5]: Action 'img' was not found on handler 'admin'

[Thu, 08 Nov 18 00:01:15 +0700][ERROR] [5]: Action 'img' was not found on handler 'admin'

[Thu, 08 Nov 18 00:03:38 +0700][ERROR] [5]: Action 'img' was not found on handler 'admin'

[Thu, 08 Nov 18 00:03:41 +0700][ERROR] [5]: Action 'img' was not found on handler 'admin'

[Thu, 08 Nov 18 00:04:45 +0700][ERROR] [5]: Action 'img' was not found on handler 'admin'

[Thu, 08 Nov 18 00:04:46 +0700][ERROR] [5]: Action 'img' was not found on handler 'admin'

[Thu, 08 Nov 18 00:04:47 +0700][ERROR] [5]: Action 'img' was not found on handler 'admin'

[Thu, 08 Nov 18 00:04:51 +0700][ERROR] [5]: Action 'img' was not found on handler 'admin'

[Thu, 08 Nov 18 00:05:20 +0700][ERROR] [5]: Action 'img' was not found on handler 'admin'

[Thu, 08 Nov 18 00:05:24 +0700][ERROR] [5]: Action 'img' was not found on handler 'admin'

[Thu, 08 Nov 18 00:06:53 +0700][ERROR] [5]: Action 'img' was not found on handler 'admin'

[Thu, 08 Nov 18 00:06:58 +0700][ERROR] [5]: Action 'img' was not found on handler 'admin'

[Thu, 08 Nov 18 00:07:36 +0700][ERROR] [5]: Action 'img' was not found on handler 'admin'

[Thu, 08 Nov 18 00:07:40 +0700][ERROR] [5]: Action 'img' was not found on handler 'admin'

[Thu, 08 Nov 18 00:08:09 +0700][ERROR] [5]: Action 'img' was not found on handler 'admin'

[Thu, 08 Nov 18 00:08:12 +0700][ERROR] [5]: Action 'img' was not found on handler 'admin'

[Thu, 08 Nov 18 00:08:38 +0700][ERROR] [5]: Action 'img' was not found on handler 'admin'

[Thu, 08 Nov 18 00:08:45 +0700][ERROR] [5]: Action 'img' was not found on handler 'admin'

[Thu, 08 Nov 18 00:09:31 +0700][ERROR] [5]: Action 'img' was not found on handler 'admin'

[Thu, 08 Nov 18 00:09:37 +0700][ERROR] [5]: Action 'img' was not found on handler 'admin'

[Thu, 08 Nov 18 00:10:39 +0700][ERROR] [5]: Action 'img' was not found on handler 'admin'

[Thu, 08 Nov 18 00:10:40 +0700][ERROR] [5]: Action 'img' was not found on handler 'admin'

[Thu, 08 Nov 18 00:10:42 +0700][ERROR] [5]: Action 'img' was not found on handler 'admin'

[Thu, 08 Nov 18 00:10:50 +0700][ERROR] [5]: Action 'img' was not found on handler 'admin'

[Thu, 08 Nov 18 00:11:26 +0700][ERROR] [5]: Action 'img' was not found on handler 'admin'

[Thu, 08 Nov 18 00:11:32 +0700][ERROR] [5]: Action 'img' was not found on handler 'admin'

[Thu, 08 Nov 18 00:12:51 +0700][ERROR] [5]: Action 'img' was not found on handler 'admin'

[Thu, 08 Nov 18 00:14:40 +0700][ERROR] [5]: Action 'img' was not found on handler 'admin'

[Thu, 08 Nov 18 00:14:41 +0700][ERROR] [5]: Action 'img' was not found on handler 'admin'

[Thu, 08 Nov 18 00:14:43 +0700][ERROR] [5]: Action 'img' was not found on handler 'admin'

[Thu, 08 Nov 18 00:14:51 +0700][ERROR] [5]: Action 'img' was not found on handler 'admin'

[Thu, 08 Nov 18 00:16:33 +0700][ERROR] [5]: Action 'img' was not found on handler 'admin'

[Thu, 08 Nov 18 00:16:41 +0700][ERROR] [5]: Action 'img' was not found on handler 'admin'

[Thu, 08 Nov 18 00:17:01 +0700][ERROR] [5]: Action 'img' was not found on handler 'admin'

[Thu, 08 Nov 18 00:17:07 +0700][ERROR] [5]: Action 'img' was not found on handler 'admin'

[Thu, 08 Nov 18 00:18:02 +0700][ERROR] [5]: Action 'img' was not found on handler 'admin'

[Thu, 08 Nov 18 00:18:04 +0700][ERROR] [5]: Action 'img' was not found on handler 'admin'

[Thu, 08 Nov 18 00:20:05 +0700][ERROR] [5]: Action 'img' was not found on handler 'admin'

[Thu, 08 Nov 18 00:20:09 +0700][ERROR] [5]: Action 'img' was not found on handler 'admin'

[Thu, 08 Nov 18 00:20:10 +0700][ERROR] [5]: Action 'img' was not found on handler 'admin'

[Thu, 08 Nov 18 00:20:12 +0700][ERROR] [5]: Action 'img' was not found on handler 'admin'

[Thu, 08 Nov 18 00:21:35 +0700][ERROR] [5]: Action 'img' was not found on handler 'admin'

[Thu, 08 Nov 18 00:22:45 +0700][ERROR] [5]: Action 'img' was not found on handler 'admin'

[Thu, 08 Nov 18 00:22:51 +0700][ERROR] [5]: Action 'img' was not found on handler 'admin'

[Thu, 08 Nov 18 00:23:36 +0700][ERROR] [5]: Action 'img' was not found on handler 'admin'

[Thu, 08 Nov 18 00:23:38 +0700][ERROR] [5]: Action 'img' was not found on handler 'admin'

[Thu, 08 Nov 18 00:23:39 +0700][ERROR] [5]: Action 'img' was not found on handler 'admin'

[Thu, 08 Nov 18 00:23:40 +0700][ERROR] [5]: Action 'img' was not found on handler 'admin'

[Thu, 08 Nov 18 00:23:50 +0700][ERROR] [5]: Action 'img' was not found on handler 'admin'

[Thu, 08 Nov 18 00:29:14 +0700][ERROR] [5]: Action 'img' was not found on handler 'admin'

[Thu, 08 Nov 18 00:29:14 +0700][ERROR] [5]: Action 'img' was not found on handler 'admin'

[Thu, 08 Nov 18 00:29:17 +0700][ERROR] [5]: Action 'img' was not found on handler 'admin'

[Thu, 08 Nov 18 00:29:25 +0700][ERROR] [5]: Action 'img' was not found on handler 'admin'

[Thu, 08 Nov 18 00:30:35 +0700][ERROR] [5]: Action 'img' was not found on handler 'admin'

[Thu, 08 Nov 18 00:30:36 +0700][ERROR] [5]: Action 'img' was not found on handler 'admin'

[Thu, 08 Nov 18 00:30:37 +0700][ERROR] [5]: Action 'img' was not found on handler 'admin'

[Thu, 08 Nov 18 00:30:41 +0700][ERROR] [5]: Action 'img' was not found on handler 'admin'

[Thu, 08 Nov 18 00:31:30 +0700][ERROR] [5]: Action 'img' was not found on handler 'admin'

[Thu, 08 Nov 18 00:31:31 +0700][ERROR] [5]: Action 'img' was not found on handler 'admin'

[Thu, 08 Nov 18 00:31:32 +0700][ERROR] [5]: Action 'img' was not found on handler 'admin'

[Thu, 08 Nov 18 00:31:34 +0700][ERROR] [5]: Action 'img' was not found on handler 'admin'

[Thu, 08 Nov 18 00:37:05 +0700][ERROR] [5]: Action 'img' was not found on handler 'admin'

[Thu, 08 Nov 18 00:37:08 +0700][ERROR] [5]: Action 'img' was not found on handler 'admin'

[Thu, 08 Nov 18 00:37:09 +0700][ERROR] [5]: Action 'img' was not found on handler 'admin'

[Thu, 08 Nov 18 00:37:10 +0700][ERROR] [5]: Action 'img' was not found on handler 'admin'

[Thu, 08 Nov 18 00:37:12 +0700][ERROR] [5]: Action 'img' was not found on handler 'admin'

[Thu, 08 Nov 18 00:37:13 +0700][ERROR] [5]: Action 'img' was not found on handler 'admin'

[Thu, 08 Nov 18 00:37:42 +0700][ERROR] [5]: Action 'img' was not found on handler 'admin'

[Thu, 08 Nov 18 00:38:42 +0700][ERROR] [5]: Action 'img' was not found on handler 'admin'

[Thu, 08 Nov 18 00:38:44 +0700][ERROR] [5]: Action 'img' was not found on handler 'admin'

[Thu, 08 Nov 18 00:38:45 +0700][ERROR] [5]: Action 'img' was not found on handler 'admin'

[Thu, 08 Nov 18 00:38:48 +0700][ERROR] [5]: Action 'img' was not found on handler 'admin'

[Thu, 08 Nov 18 00:38:59 +0700][ERROR] [5]: Action 'img' was not found on handler 'admin'

[Thu, 08 Nov 18 00:42:03 +0700][ERROR] [5]: Action 'img' was not found on handler 'admin'

[Thu, 08 Nov 18 00:42:04 +0700][ERROR] [5]: Action 'img' was not found on handler 'admin'

[Thu, 08 Nov 18 00:42:05 +0700][ERROR] [5]: Action 'img' was not found on handler 'admin'

[Thu, 08 Nov 18 00:42:21 +0700][ERROR] [5]: Action 'img' was not found on handler 'admin'

[Thu, 08 Nov 18 00:43:12 +0700][ERROR] [5]: Action 'img' was not found on handler 'admin'

[Thu, 08 Nov 18 00:43:13 +0700][ERROR] [5]: Action 'img' was not found on handler 'admin'

[Thu, 08 Nov 18 00:43:16 +0700][ERROR] [5]: Action 'img' was not found on handler 'admin'

[Thu, 08 Nov 18 00:43:19 +0700][ERROR] [5]: Action 'img' was not found on handler 'admin'

[Thu, 08 Nov 18 00:45:25 +0700][ERROR] [5]: Action 'img' was not found on handler 'admin'

[Thu, 08 Nov 18 00:45:26 +0700][ERROR] [5]: Action 'img' was not found on handler 'admin'

[Thu, 08 Nov 18 00:45:27 +0700][ERROR] [5]: Action 'img' was not found on handler 'admin'

[Thu, 08 Nov 18 00:45:35 +0700][ERROR] [5]: Action 'img' was not found on handler 'admin'

[Thu, 08 Nov 18 00:55:09 +0700][ERROR] [5]: Action 'img' was not found on handler 'admin'

[Thu, 08 Nov 18 00:55:10 +0700][ERROR] [5]: Action 'img' was not found on handler 'admin'

[Thu, 08 Nov 18 00:55:12 +0700][ERROR] [5]: Action 'img' was not found on handler 'admin'

[Thu, 08 Nov 18 00:57:44 +0700][ERROR] [5]: Action 'img' was not found on handler 'admin'

[Thu, 08 Nov 18 00:57:44 +0700][ERROR] [5]: Action 'img' was not found on handler 'admin'

[Thu, 08 Nov 18 00:57:47 +0700][ERROR] [5]: Action 'img' was not found on handler 'admin'

[Thu, 08 Nov 18 00:58:19 +0700][ERROR] [5]: Action 'img' was not found on handler 'admin'

[Thu, 08 Nov 18 00:58:20 +0700][ERROR] [5]: Action 'img' was not found on handler 'admin'

[Thu, 08 Nov 18 00:58:24 +0700][ERROR] [5]: Action 'img' was not found on handler 'admin'

[Thu, 08 Nov 18 01:00:43 +0700][ERROR] [5]: Action 'img' was not found on handler 'admin'

[Thu, 08 Nov 18 01:00:44 +0700][ERROR] [5]: Action 'img' was not found on handler 'admin'

[Thu, 08 Nov 18 01:00:47 +0700][ERROR] [5]: Action 'img' was not found on handler 'admin'

[Thu, 08 Nov 18 01:03:19 +0700][ERROR] [5]: Action 'img' was not found on handler 'admin'

[Thu, 08 Nov 18 01:03:22 +0700][ERROR] [5]: Action 'img' was not found on handler 'admin'

[Thu, 08 Nov 18 01:03:23 +0700][ERROR] [5]: Action 'img' was not found on handler 'admin'

[Thu, 08 Nov 18 01:03:25 +0700][ERROR] [5]: Action 'img' was not found on handler 'admin'

[Thu, 08 Nov 18 01:03:27 +0700][ERROR] [5]: Action 'img' was not found on handler 'admin'

[Thu, 08 Nov 18 01:05:40 +0700][ERROR] [5]: Action 'img' was not found on handler 'admin'

[Thu, 08 Nov 18 01:05:44 +0700][ERROR] [5]: Action 'img' was not found on handler 'admin'

[Thu, 08 Nov 18 01:05:45 +0700][ERROR] [5]: Action 'img' was not found on handler 'admin'

[Thu, 08 Nov 18 01:08:11 +0700][ERROR] [5]: Action 'img' was not found on handler 'admin'

[Thu, 08 Nov 18 01:08:12 +0700][ERROR] [5]: Action 'img' was not found on handler 'admin'

[Thu, 08 Nov 18 01:08:15 +0700][ERROR] [5]: Action 'img' was not found on handler 'admin'

[Thu, 08 Nov 18 01:08:18 +0700][ERROR] [5]: Action 'img' was not found on handler 'admin'

[Thu, 08 Nov 18 01:08:20 +0700][ERROR] [5]: Action 'img' was not found on handler 'admin'

[Thu, 08 Nov 18 01:08:42 +0700][ERROR] [5]: Action 'img' was not found on handler 'admin'

[Thu, 08 Nov 18 01:08:44 +0700][ERROR] [5]: Action 'img' was not found on handler 'admin'

[Thu, 08 Nov 18 01:08:44 +0700][ERROR] [5]: Action 'img' was not found on handler 'admin'

[Thu, 08 Nov 18 01:08:47 +0700][ERROR] [5]: Action 'img' was not found on handler 'admin'

[Thu, 08 Nov 18 01:09:39 +0700][ERROR] [5]: Action 'img' was not found on handler 'admin'

[Thu, 08 Nov 18 01:09:40 +0700][ERROR] [5]: Action 'img' was not found on handler 'admin'

[Thu, 08 Nov 18 01:09:42 +0700][ERROR] [5]: Action 'img' was not found on handler 'admin'

[Thu, 08 Nov 18 09:06:59 +0700][ERROR] [5]: Action 'img' was not found on handler 'admin'

[Thu, 08 Nov 18 09:07:02 +0700][ERROR] [5]: Action 'img' was not found on handler 'admin'

[Thu, 08 Nov 18 09:07:03 +0700][ERROR] [5]: Action 'img' was not found on handler 'admin'

[Thu, 08 Nov 18 09:07:10 +0700][ERROR] [5]: Action 'img' was not found on handler 'collection'

[Thu, 08 Nov 18 09:07:15 +0700][ERROR] [5]: Action 'img' was not found on handler 'art'

[Thu, 08 Nov 18 09:07:17 +0700][ERROR] [5]: Action 'img' was not found on handler 'art'

[Thu, 08 Nov 18 09:07:18 +0700][ERROR] [5]: Action 'img' was not found on handler 'art'

[Thu, 08 Nov 18 09:07:21 +0700][ERROR] [5]: Action 'img' was not found on handler 'art'

[Thu, 08 Nov 18 09:07:30 +0700][ERROR] [5]: Action 'img' was not found on handler 'art'

[Thu, 08 Nov 18 09:07:32 +0700][ERROR] [5]: Action 'img' was not found on handler 'art'

[Thu, 08 Nov 18 09:13:37 +0700][ERROR] [5]: Action 'img' was not found on handler 'art'

[Thu, 08 Nov 18 09:13:40 +0700][ERROR] [5]: Action 'img' was not found on handler 'admin'

[Thu, 08 Nov 18 09:13:48 +0700][ERROR] [5]: Action 'img' was not found on handler 'admin'

[Thu, 08 Nov 18 09:13:50 +0700][ERROR] [5]: Action 'img' was not found on handler 'admin'

[Thu, 08 Nov 18 09:13:50 +0700][ERROR] [5]: Action 'img' was not found on handler 'admin'

[Thu, 08 Nov 18 09:14:59 +0700][ERROR] [5]: Action 'img' was not found on handler 'admin'

[Thu, 08 Nov 18 09:15:32 +0700][ERROR] [5]: Action 'img' was not found on handler 'admin'

[Thu, 08 Nov 18 09:17:14 +0700][ERROR] [5]: Action 'img' was not found on handler 'admin'

[Thu, 08 Nov 18 09:17:15 +0700][ERROR] [5]: Action 'img' was not found on handler 'admin'

[Thu, 08 Nov 18 09:17:32 +0700][ERROR] [5]: Action 'img' was not found on handler 'admin'

[Thu, 08 Nov 18 09:18:16 +0700][ERROR] [5]: Action 'img' was not found on handler 'admin'

[Thu, 08 Nov 18 09:18:23 +0700][ERROR] [5]: Action 'SeArtist' was not found on handler 'admin'

[Thu, 08 Nov 18 09:18:23 +0700][ERROR] [5]: Action 'img' was not found on handler 'admin'

[Thu, 08 Nov 18 09:18:24 +0700][ERROR] [5]: Action 'img' was not found on handler 'admin'

[Thu, 08 Nov 18 09:25:01 +0700][ERROR] [5]: Action 'img' was not found on handler 'admin'

[Thu, 08 Nov 18 09:25:03 +0700][ERROR] [5]: Action 'img' was not found on handler 'admin'

[Thu, 08 Nov 18 09:25:07 +0700][ERROR] [5]: Action 'img' was not found on handler 'admin'

[Thu, 08 Nov 18 09:25:08 +0700][ERROR] [5]: Action 'img' was not found on handler 'admin'

[Thu, 08 Nov 18 09:25:49 +0700][ERROR] [5]: Action 'img' was not found on handler 'admin'

[Thu, 08 Nov 18 09:25:53 +0700][ERROR] [5]: Action 'img' was not found on handler 'admin'

[Thu, 08 Nov 18 09:26:45 +0700][ERROR] [5]: Action 'img' was not found on handler 'admin'

[Thu, 08 Nov 18 09:26:46 +0700][ERROR] [5]: Action 'eArtist' was not found on handler 'admin'

[Thu, 08 Nov 18 09:26:46 +0700][ERROR] [5]: Action 'img' was not found on handler 'admin'

[Thu, 08 Nov 18 09:28:03 +0700][ERROR] [5]: Action 'img' was not found on handler 'admin'

[Thu, 08 Nov 18 09:28:04 +0700][ERROR] [5]: Action 'img' was not found on handler 'admin'

[Thu, 08 Nov 18 09:28:22 +0700][ERROR] [5]: Action 'eArtist' was not found on handler 'admin'

[Thu, 08 Nov 18 09:28:22 +0700][ERROR] [5]: Action 'img' was not found on handler 'admin'

[Thu, 08 Nov 18 09:28:24 +0700][ERROR] [5]: Action 'img' was not found on handler 'admin'

[Thu, 08 Nov 18 09:29:45 +0700][ERROR] [5]: Action 'img' was not found on handler 'admin'

[Thu, 08 Nov 18 09:29:47 +0700][ERROR] [5]: Action 'eArtist' was not found on handler 'admin'

[Thu, 08 Nov 18 09:29:47 +0700][ERROR] [5]: Action 'img' was not found on handler 'admin'

[Thu, 08 Nov 18 09:31:27 +0700][ERROR] [5]: Action 'img' was not found on handler 'admin'

[Thu, 08 Nov 18 09:31:29 +0700][ERROR] [5]: Action 'img' was not found on handler 'admin'

[Thu, 08 Nov 18 09:33:21 +0700][ERROR] [5]: Action 'img' was not found on handler 'admin'

[Thu, 08 Nov 18 09:34:01 +0700][ERROR] [5]: Action 'img' was not found on handler 'admin'

[Thu, 08 Nov 18 09:37:01 +0700][ERROR] [5]: Action 'img' was not found on handler 'admin'

[Thu, 08 Nov 18 09:37:02 +0700][ERROR] [5]: Action 'img' was not found on handler 'admin'

[Thu, 08 Nov 18 09:37:09 +0700][ERROR] [5]: Action 'img' was not found on handler 'admin'

[Thu, 08 Nov 18 09:37:35 +0700][ERROR] [5]: Action 'img' was not found on handler 'admin'

[Thu, 08 Nov 18 09:37:54 +0700][ERROR] [5]: Action 'img' was not found on handler 'admin'

[Thu, 08 Nov 18 09:37:58 +0700][ERROR] [5]: Action 'img' was not found on handler 'admin'

[Thu, 08 Nov 18 09:45:12 +0700][ERROR] [5]: Action 'img' was not found on handler 'admin'

[Thu, 08 Nov 18 09:45:14 +0700][ERROR] [5]: Action 'img' was not found on handler 'admin'

[Thu, 08 Nov 18 09:45:15 +0700][ERROR] [5]: Action 'img' was not found on handler 'admin'

[Thu, 08 Nov 18 09:47:37 +0700][ERROR] [5]: Action 'img' was not found on handler 'admin'

[Thu, 08 Nov 18 09:47:38 +0700][ERROR] [5]: Action 'img' was not found on handler 'admin'

[Thu, 08 Nov 18 09:47:39 +0700][ERROR] [5]: Action 'img' was not found on handler 'admin'

[Thu, 08 Nov 18 09:47:40 +0700][ERROR] [5]: Action 'img' was not found on handler 'admin'

[Thu, 08 Nov 18 09:47:42 +0700][ERROR] [5]: Action 'img' was not found on handler 'admin'

[Thu, 08 Nov 18 09:47:43 +0700][ERROR] [5]: Action 'img' was not found on handler 'admin'

[Thu, 08 Nov 18 09:47:44 +0700][ERROR] [5]: Action 'img' was not found on handler 'admin'

[Thu, 08 Nov 18 09:51:18 +0700][ERROR] [5]: Action 'img' was not found on handler 'admin'

[Thu, 08 Nov 18 09:51:19 +0700][ERROR] [5]: Action 'img' was not found on handler 'admin'

[Thu, 08 Nov 18 09:51:58 +0700][ERROR] [5]: Action 'img' was not found on handler 'admin'

[Thu, 08 Nov 18 09:52:45 +0700][ERROR] [5]: Action 'img' was not found on handler 'admin'

[Thu, 08 Nov 18 09:53:18 +0700][ERROR] [5]: Action 'img' was not found on handler 'admin'

[Thu, 08 Nov 18 09:53:39 +0700][ERROR] [5]: Action 'img' was not found on handler 'admin'

[Thu, 08 Nov 18 09:53:40 +0700][ERROR] [5]: Action 'img' was not found on handler 'admin'

[Thu, 08 Nov 18 09:54:19 +0700][ERROR] [5]: Action 'img' was not found on handler 'admin'

[Thu, 08 Nov 18 09:54:26 +0700][ERROR] [5]: Action 'img' was not found on handler 'admin'

[Thu, 08 Nov 18 09:54:28 +0700][ERROR] [5]: Action 'img' was not found on handler 'admin'

[Thu, 08 Nov 18 09:56:52 +0700][ERROR] [5]: Action 'img' was not found on handler 'admin'

[Thu, 08 Nov 18 09:56:53 +0700][ERROR] [5]: Action 'img' was not found on handler 'admin'

[Thu, 08 Nov 18 09:57:01 +0700][ERROR] [5]: Action 'eGeneral' was not found on handler 'admin'

[Thu, 08 Nov 18 09:57:01 +0700][ERROR] [5]: Action 'img' was not found on handler 'admin'

[Thu, 08 Nov 18 10:03:06 +0700][ERROR] [5]: Action 'img' was not found on handler 'admin'

[Thu, 08 Nov 18 10:03:07 +0700][ERROR] [5]: Action 'img' was not found on handler 'admin'

[Thu, 08 Nov 18 10:10:31 +0700][ERROR] [5]: Action 'img' was not found on handler 'admin'

[Thu, 08 Nov 18 10:10:32 +0700][ERROR] [5]: Action 'img' was not found on handler 'admin'

[Thu, 08 Nov 18 10:10:48 +0700][ERROR] [5]: Action 'img' was not found on handler 'admin'

[Thu, 08 Nov 18 10:11:58 +0700][ERROR] [5]: Action 'img' was not found on handler 'admin'

[Thu, 08 Nov 18 10:12:28 +0700][ERROR] [5]: Action 'img' was not found on handler 'admin'

[Thu, 08 Nov 18 10:12:29 +0700][ERROR] [5]: Action 'img' was not found on handler 'admin'

[Thu, 08 Nov 18 10:12:30 +0700][ERROR] [5]: Action 'img' was not found on handler 'admin'

[Thu, 08 Nov 18 10:12:31 +0700][ERROR] [5]: Action 'img' was not found on handler 'admin'

[Thu, 08 Nov 18 10:12:38 +0700][ERROR] [5]: Action 'img' was not found on handler 'admin'

[Thu, 08 Nov 18 10:15:02 +0700][ERROR] [5]: Action 'img' was not found on handler 'admin'

[Thu, 08 Nov 18 10:15:03 +0700][ERROR] [5]: Action 'img' was not found on handler 'admin'

[Thu, 08 Nov 18 10:15:06 +0700][ERROR] [5]: Action 'img' was not found on handler 'admin'

[Thu, 08 Nov 18 10:15:07 +0700][ERROR] [5]: Action 'img' was not found on handler 'admin'

[Thu, 08 Nov 18 10:15:09 +0700][ERROR] [5]: Action 'img' was not found on handler 'admin'

[Thu, 08 Nov 18 10:15:46 +0700][ERROR] [5]: Action 'img' was not found on handler 'admin'

[Thu, 08 Nov 18 10:15:47 +0700][ERROR] [5]: Action 'img' was not found on handler 'admin'

[Thu, 08 Nov 18 10:15:51 +0700][ERROR] [5]: Action 'img' was not found on handler 'admin'

[Thu, 08 Nov 18 10:17:09 +0700][ERROR] [5]: Action 'img' was not found on handler 'admin'

[Thu, 08 Nov 18 10:17:11 +0700][ERROR] [5]: Action 'img' was not found on handler 'admin'

[Thu, 08 Nov 18 10:17:21 +0700][ERROR] [5]: Action 'img' was not found on handler 'admin'

[Thu, 08 Nov 18 10:18:35 +0700][ERROR] [5]: Action 'img' was not found on handler 'admin'

[Thu, 08 Nov 18 10:18:47 +0700][ERROR] [5]: Action 'img' was not found on handler 'admin'

[Thu, 08 Nov 18 10:28:04 +0700][ERROR] [5]: Action 'img' was not found on handler 'admin'

[Thu, 08 Nov 18 10:28:05 +0700][ERROR] [5]: Action 'img' was not found on handler 'admin'

[Thu, 08 Nov 18 10:29:19 +0700][ERROR] [5]: Action 'img' was not found on handler 'admin'

[Thu, 08 Nov 18 10:30:05 +0700][ERROR] [5]: Action 'img' was not found on handler 'admin'

[Thu, 08 Nov 18 10:30:05 +0700][ERROR] [5]: Action 'img' was not found on handler 'admin'

[Thu, 08 Nov 18 10:30:08 +0700][ERROR] [5]: Action 'img' was not found on handler 'admin'

[Thu, 08 Nov 18 10:30:10 +0700][ERROR] [5]: Action 'img' was not found on handler 'admin'

[Thu, 08 Nov 18 10:30:11 +0700][ERROR] [5]: Action 'img' was not found on handler 'admin'

[Thu, 08 Nov 18 10:30:19 +0700][ERROR] [5]: Action 'img' was not found on handler 'admin'

[Thu, 08 Nov 18 10:30:22 +0700][ERROR] [5]: Action 'img' was not found on handler 'admin'

[Thu, 08 Nov 18 10:30:24 +0700][ERROR] [5]: Action 'img' was not found on handler 'admin'

[Thu, 08 Nov 18 10:31:15 +0700][ERROR] [5]: Action 'img' was not found on handler 'admin'

[Thu, 08 Nov 18 10:31:28 +0700][ERROR] [5]: Action 'img' was not found on handler 'admin'

[Thu, 08 Nov 18 10:31:30 +0700][ERROR] [5]: Action 'img' was not found on handler 'admin'

[Thu, 08 Nov 18 10:31:34 +0700][ERROR] [5]: Action 'img' was not found on handler 'admin'

[Thu, 08 Nov 18 10:31:49 +0700][ERROR] [5]: Action 'img' was not found on handler 'admin'

[Thu, 08 Nov 18 10:31:50 +0700][ERROR] [5]: Action 'img' was not found on handler 'admin'

[Thu, 08 Nov 18 10:32:15 +0700][ERROR] [5]: Action 'img' was not found on handler 'admin'

[Thu, 08 Nov 18 10:32:28 +0700][ERROR] [5]: Action 'img' was not found on handler 'admin'

[Thu, 08 Nov 18 10:32:29 +0700][ERROR] [5]: Action 'img' was not found on handler 'admin'

[Thu, 08 Nov 18 10:32:35 +0700][ERROR] [5]: Action 'img' was not found on handler 'admin'

[Thu, 08 Nov 18 10:33:09 +0700][ERROR] [5]: Action 'img' was not found on handler 'admin'

[Thu, 08 Nov 18 10:33:16 +0700][ERROR] [5]: Action 'img' was not found on handler 'admin'

[Thu, 08 Nov 18 10:33:18 +0700][ERROR] [5]: Action 'img' was not found on handler 'admin'

[Thu, 08 Nov 18 10:33:23 +0700][ERROR] [5]: Action 'img' was not found on handler 'admin'

[Thu, 08 Nov 18 10:33:25 +0700][ERROR] [5]: Action 'img' was not found on handler 'admin'

[Thu, 08 Nov 18 10:34:32 +0700][ERROR] [5]: Action 'img' was not found on handler 'admin'

[Thu, 08 Nov 18 10:34:34 +0700][ERROR] [5]: Action 'img' was not found on handler 'admin'

[Thu, 08 Nov 18 10:34:47 +0700][ERROR] [5]: Action 'img' was not found on handler 'admin'

[Thu, 08 Nov 18 10:35:22 +0700][ERROR] [5]: Action 'img' was not found on handler 'admin'

[Thu, 08 Nov 18 10:35:47 +0700][ERROR] [5]: Action 'img' was not found on handler 'admin'

[Thu, 08 Nov 18 10:35:55 +0700][ERROR] [5]: Action 'img' was not found on handler 'admin'

[Thu, 08 Nov 18 10:36:25 +0700][ERROR] [5]: Action 'img' was not found on handler 'admin'

[Thu, 08 Nov 18 10:36:25 +0700][ERROR] [5]: Action 'img' was not found on handler 'admin'

[Thu, 08 Nov 18 10:36:27 +0700][ERROR] [5]: Action 'img' was not found on handler 'admin'

[Thu, 08 Nov 18 10:36:47 +0700][ERROR] [5]: Action 'img' was not found on handler 'admin'

[Thu, 08 Nov 18 10:36:48 +0700][ERROR] [5]: Action 'img' was not found on handler 'admin'

[Thu, 08 Nov 18 10:36:53 +0700][ERROR] [5]: Action 'img' was not found on handler 'admin'

[Thu, 08 Nov 18 10:37:10 +0700][ERROR] [5]: Action 'img' was not found on handler 'admin'

[Thu, 08 Nov 18 10:37:15 +0700][ERROR] [5]: Action 'img' was not found on handler 'admin'

[Thu, 08 Nov 18 10:37:15 +0700][ERROR] [5]: Action 'img' was not found on handler 'admin'

[Thu, 08 Nov 18 10:37:17 +0700][ERROR] [5]: Action 'img' was not found on handler 'admin'

[Thu, 08 Nov 18 10:37:18 +0700][ERROR] [5]: Action 'img' was not found on handler 'admin'

[Thu, 08 Nov 18 10:38:17 +0700][ERROR] [5]: Action 'img' was not found on handler 'admin'

[Thu, 08 Nov 18 10:38:18 +0700][ERROR] [5]: Action 'img' was not found on handler 'admin'

[Thu, 08 Nov 18 10:38:21 +0700][ERROR] [5]: Action 'img' was not found on handler 'admin'

[Thu, 08 Nov 18 10:38:57 +0700][ERROR] [5]: Action 'img' was not found on handler 'admin'

[Thu, 08 Nov 18 10:38:58 +0700][ERROR] [5]: Action 'img' was not found on handler 'admin'

[Thu, 08 Nov 18 10:39:01 +0700][ERROR] [5]: Action 'img' was not found on handler 'admin'

[Thu, 08 Nov 18 10:39:16 +0700][ERROR] [5]: Action 'img' was not found on handler 'admin'

[Thu, 08 Nov 18 10:40:45 +0700][ERROR] [5]: Action 'img' was not found on handler 'admin'

[Thu, 08 Nov 18 10:40:46 +0700][ERROR] [5]: Action 'img' was not found on handler 'admin'

[Thu, 08 Nov 18 10:40:59 +0700][ERROR] [5]: Action 'img' was not found on handler 'admin'

[Thu, 08 Nov 18 10:41:18 +0700][ERROR] [5]: Action 'img' was not found on handler 'admin'

[Thu, 08 Nov 18 10:41:19 +0700][ERROR] [5]: Action 'img' was not found on handler 'admin'

[Thu, 08 Nov 18 10:41:28 +0700][ERROR] [5]: Action 'img' was not found on handler 'admin'

[Thu, 08 Nov 18 10:41:38 +0700][ERROR] [5]: Action 'img' was not found on handler 'admin'

[Thu, 08 Nov 18 10:41:39 +0700][ERROR] [5]: Action 'img' was not found on handler 'admin'

[Thu, 08 Nov 18 10:41:59 +0700][ERROR] [5]: Action 'img' was not found on handler 'admin'

[Thu, 08 Nov 18 10:45:22 +0700][ERROR] [5]: Action 'img' was not found on handler 'admin'

[Thu, 08 Nov 18 10:45:24 +0700][ERROR] [5]: Action 'img' was not found on handler 'admin'

[Thu, 08 Nov 18 10:57:25 +0700][ERROR] [5]: Action 'img' was not found on handler 'admin'

[Thu, 08 Nov 18 10:57:39 +0700][ERROR] [5]: Action 'img' was not found on handler 'admin'

[Thu, 08 Nov 18 10:57:40 +0700][ERROR] [5]: Action 'img' was not found on handler 'admin'

[Thu, 08 Nov 18 11:00:15 +0700][ERROR] [5]: Action 'img' was not found on handler 'admin'

[Thu, 08 Nov 18 11:00:16 +0700][ERROR] [5]: Action 'img' was not found on handler 'admin'

[Thu, 08 Nov 18 11:01:21 +0700][ERROR] [5]: Action 'img' was not found on handler 'admin'

[Thu, 08 Nov 18 11:01:22 +0700][ERROR] [5]: Action 'img' was not found on handler 'admin'

[Thu, 08 Nov 18 11:01:58 +0700][ERROR] [5]: Action 'img' was not found on handler 'admin'

[Thu, 08 Nov 18 11:46:17 +0700][ERROR] [5]: Action 'img' was not found on handler 'admin'

[Thu, 08 Nov 18 11:47:14 +0700][ERROR] [5]: Action 'img' was not found on handler 'admin'

[Thu, 08 Nov 18 11:54:06 +0700][ERROR] [5]: Action 'img' was not found on handler 'admin'

[Thu, 08 Nov 18 11:54:06 +0700][ERROR] [5]: Action 'img' was not found on handler 'admin'

[Thu, 08 Nov 18 11:54:37 +0700][ERROR] [5]: Action 'img' was not found on handler 'admin'

[Thu, 08 Nov 18 11:55:12 +0700][ERROR] [5]: Action 'img' was not found on handler 'admin'

[Thu, 08 Nov 18 11:57:59 +0700][ERROR] [5]: Action 'img' was not found on handler 'admin'

[Thu, 08 Nov 18 11:58:05 +0700][ERROR] [5]: Action 'img' was not found on handler 'admin'

[Thu, 08 Nov 18 11:58:07 +0700][ERROR] [5]: Action 'img' was not found on handler 'admin'

[Thu, 08 Nov 18 11:58:30 +0700][ERROR] [5]: Action 'img' was not found on handler 'admin'

[Thu, 08 Nov 18 11:58:33 +0700][ERROR] [5]: Action 'img' was not found on handler 'admin'

[Thu, 08 Nov 18 11:58:33 +0700][ERROR] [5]: Action 'img' was not found on handler 'admin'

[Thu, 08 Nov 18 11:58:45 +0700][ERROR] [5]: Action 'img' was not found on handler 'admin'

[Thu, 08 Nov 18 11:59:54 +0700][ERROR] [5]: Action 'img' was not found on handler 'admin'

[Thu, 08 Nov 18 12:00:45 +0700][ERROR] [5]: Action 'img' was not found on handler 'admin'

[Thu, 08 Nov 18 12:00:50 +0700][ERROR] [5]: Action 'img' was not found on handler 'admin'

[Thu, 08 Nov 18 12:01:00 +0700][ERROR] [5]: Action 'img' was not found on handler 'admin'

[Thu, 08 Nov 18 12:01:00 +0700][ERROR] [5]: Action 'img' was not found on handler 'admin'

[Thu, 08 Nov 18 12:01:03 +0700][ERROR] [5]: Action 'img' was not found on handler 'admin'

[Thu, 08 Nov 18 12:02:10 +0700][ERROR] [5]: Action 'img' was not found on handler 'admin'

[Thu, 08 Nov 18 12:04:15 +0700][ERROR] [5]: Action 'img' was not found on handler 'admin'

[Thu, 08 Nov 18 12:04:30 +0700][ERROR] [5]: Action 'img' was not found on handler 'admin'

[Thu, 08 Nov 18 12:04:50 +0700][ERROR] [5]: Action 'img' was not found on handler 'admin'

[Thu, 08 Nov 18 12:12:48 +0700][ERROR] [5]: Action 'img' was not found on handler 'artist'

[Thu, 08 Nov 18 12:18:32 +0700][ERROR] [5]: Action 'img' was not found on handler 'art'

[Thu, 08 Nov 18 12:18:36 +0700][ERROR] [5]: Action 'img' was not found on handler 'art'

[Thu, 08 Nov 18 12:18:37 +0700][ERROR] [5]: Action 'img' was not found on handler 'art'

[Thu, 08 Nov 18 12:19:00 +0700][ERROR] [5]: Action 'img' was not found on handler 'art'

[Thu, 08 Nov 18 12:50:53 +0700][ERROR] [5]: Action 'img' was not found on handler 'collection'

[Thu, 08 Nov 18 12:50:55 +0700][ERROR] [5]: Action 'img' was not found on handler 'collection'

[Thu, 08 Nov 18 12:51:01 +0700][ERROR] [5]: Action 'img' was not found on handler 'collection'

[Thu, 08 Nov 18 12:51:04 +0700][ERROR] [5]: Action 'img' was not found on handler 'collection'

[Thu, 08 Nov 18 13:06:50 +0700][ERROR] [5]: Action 'img' was not found on handler 'admin'

[Thu, 08 Nov 18 13:07:21 +0700][ERROR] [5]: Action 'SdExhibition' was not found on handler 'admin'

[Thu, 08 Nov 18 13:07:21 +0700][ERROR] [5]: Action 'img' was not found on handler 'admin'

[Thu, 08 Nov 18 13:07:24 +0700][ERROR] [5]: Action 'img' was not found on handler 'admin'

[Thu, 08 Nov 18 13:08:50 +0700][ERROR] [5]: Action 'img' was not found on handler 'admin'

[Thu, 08 Nov 18 13:08:52 +0700][ERROR] [5]: Action 'img' was not found on handler 'admin'

[Thu, 08 Nov 18 13:09:46 +0700][ERROR] [5]: Action 'img' was not found on handler 'admin'

[Thu, 08 Nov 18 13:10:04 +0700][ERROR] [5]: Action 'img' was not found on handler 'admin'

[Thu, 08 Nov 18 13:10:05 +0700][ERROR] [5]: Action 'img' was not found on handler 'admin'

[Thu, 08 Nov 18 13:10:28 +0700][ERROR] [5]: Action 'img' was not found on handler 'admin'

[Thu, 08 Nov 18 13:10:34 +0700][ERROR] [5]: Action 'img' was not found on handler 'admin'

[Thu, 08 Nov 18 13:23:04 +0700][ERROR] [5]: Action 'img' was not found on handler 'admin'

[Thu, 08 Nov 18 13:23:06 +0700][ERROR] [5]: Action 'img' was not found on handler 'admin'

[Thu, 08 Nov 18 13:24:06 +0700][ERROR] [5]: Action 'img' was not found on handler 'admin'

[Thu, 08 Nov 18 13:25:12 +0700][ERROR] [5]: Action 'img' was not found on handler 'admin'

[Thu, 08 Nov 18 13:25:17 +0700][ERROR] [5]: Action 'img' was not found on handler 'admin'

[Thu, 08 Nov 18 13:25:38 +0700][ERROR] [5]: Action 'img' was not found on handler 'admin'

[Thu, 08 Nov 18 13:26:50 +0700][ERROR] [5]: Action 'img' was not found on handler 'admin'

[Thu, 08 Nov 18 13:31:43 +0700][ERROR] [5]: Action 'img' was not found on handler 'admin'

[Thu, 08 Nov 18 13:31:44 +0700][ERROR] [5]: Action 'img' was not found on handler 'admin'

[Thu, 08 Nov 18 13:32:23 +0700][ERROR] [5]: Action 'img' was not found on handler 'admin'

[Thu, 08 Nov 18 13:36:53 +0700][ERROR] [5]: Action 'img' was not found on handler 'admin'

[Thu, 08 Nov 18 13:36:55 +0700][ERROR] [5]: Action 'img' was not found on handler 'admin'

[Thu, 08 Nov 18 13:36:56 +0700][ERROR] [5]: Action 'img' was not found on handler 'admin'

[Thu, 08 Nov 18 13:44:48 +0700][ERROR] [5]: Action 'img' was not found on handler 'admin'

[Thu, 08 Nov 18 13:44:49 +0700][ERROR] [5]: Action 'img' was not found on handler 'admin'

[Thu, 08 Nov 18 13:45:55 +0700][ERROR] [5]: Action 'img' was not found on handler 'admin'

[Thu, 08 Nov 18 13:45:56 +0700][ERROR] [5]: Action 'img' was not found on handler 'admin'

[Thu, 08 Nov 18 13:47:22 +0700][ERROR] [5]: Action 'img' was not found on handler 'admin'

[Thu, 08 Nov 18 13:47:23 +0700][ERROR] [5]: Action 'img' was not found on handler 'admin'

[Thu, 08 Nov 18 13:47:34 +0700][ERROR] [5]: Action 'img' was not found on handler 'admin'

[Thu, 08 Nov 18 14:42:06 +0700][ERROR] [5]: Action 'img' was not found on handler 'admin'

[Thu, 08 Nov 18 14:42:07 +0700][ERROR] [5]: Action 'img' was not found on handler 'admin'

[Thu, 08 Nov 18 14:42:18 +0700][ERROR] [5]: Action 'img' was not found on handler 'admin'

[Thu, 08 Nov 18 14:54:49 +0700][ERROR] [5]: Action 'img' was not found on handler 'admin'

[Thu, 08 Nov 18 14:55:01 +0700][ERROR] [5]: Action 'img' was not found on handler 'admin'

[Thu, 08 Nov 18 14:55:03 +0700][ERROR] [5]: Action 'img' was not found on handler 'admin'

[Thu, 08 Nov 18 14:55:12 +0700][ERROR] [5]: Action 'img' was not found on handler 'art'

[Thu, 08 Nov 18 14:55:28 +0700][ERROR] [5]: Action 'img' was not found on handler 'art'

[Thu, 08 Nov 18 14:55:30 +0700][ERROR] [5]: Action 'img' was not found on handler 'art'

[Thu, 08 Nov 18 14:55:36 +0700][ERROR] [5]: Action 'img' was not found on handler 'admin'

[Thu, 08 Nov 18 14:55:43 +0700][ERROR] [5]: Action 'img' was not found on handler 'admin'

[Thu, 08 Nov 18 14:55:48 +0700][ERROR] [5]: Action 'img' was not found on handler 'admin'

[Thu, 08 Nov 18 14:56:02 +0700][ERROR] [5]: Action 'img' was not found on handler 'admin'

[Thu, 08 Nov 18 14:56:15 +0700][ERROR] [5]: Action 'img' was not found on handler 'admin'

[Thu, 08 Nov 18 14:56:47 +0700][ERROR] [5]: Action 'img' was not found on handler 'admin'

[Thu, 08 Nov 18 14:57:04 +0700][ERROR] [5]: Action 'img' was not found on handler 'admin'

[Thu, 08 Nov 18 14:57:07 +0700][ERROR] [5]: Action 'img' was not found on handler 'admin'

[Thu, 08 Nov 18 14:57:34 +0700][ERROR] [5]: Action 'img' was not found on handler 'admin'

[Thu, 08 Nov 18 14:57:51 +0700][ERROR] [5]: Action 'img' was not found on handler 'admin'

[Thu, 08 Nov 18 14:58:05 +0700][ERROR] [5]: Action 'img' was not found on handler 'admin'

[Thu, 08 Nov 18 14:59:02 +0700][ERROR] [5]: Action 'img' was not found on handler 'admin'

[Thu, 08 Nov 18 14:59:10 +0700][ERROR] [5]: Action 'img' was not found on handler 'admin'

[Thu, 08 Nov 18 14:59:44 +0700][ERROR] [5]: Action 'img' was not found on handler 'admin'

[Thu, 08 Nov 18 15:03:08 +0700][ERROR] [5]: Action 'img' was not found on handler 'admin'

[Thu, 08 Nov 18 15:03:10 +0700][ERROR] [5]: Action 'img' was not found on handler 'admin'

[Thu, 08 Nov 18 15:03:13 +0700][ERROR] [5]: Action 'img' was not found on handler 'admin'

[Thu, 08 Nov 18 15:03:23 +0700][ERROR] [5]: Action 'img' was not found on handler 'admin'

[Thu, 08 Nov 18 15:03:24 +0700][ERROR] [5]: Action 'img' was not found on handler 'admin'

[Thu, 08 Nov 18 15:03:29 +0700][ERROR] [5]: Action 'img' was not found on handler 'admin'

[Thu, 08 Nov 18 15:03:31 +0700][ERROR] [5]: Action 'img' was not found on handler 'admin'

[Thu, 08 Nov 18 15:03:33 +0700][ERROR] [5]: Action 'img' was not found on handler 'admin'

[Thu, 08 Nov 18 15:03:36 +0700][ERROR] [5]: Action 'img' was not found on handler 'admin'

[Thu, 08 Nov 18 15:03:38 +0700][ERROR] [5]: Action 'img' was not found on handler 'admin'

[Thu, 08 Nov 18 15:03:39 +0700][ERROR] [5]: Action 'img' was not found on handler 'admin'

[Thu, 08 Nov 18 15:03:40 +0700][ERROR] [5]: Action 'img' was not found on handler 'admin'

[Thu, 08 Nov 18 15:03:42 +0700][ERROR] [5]: Action 'img' was not found on handler 'admin'

[Thu, 08 Nov 18 15:04:13 +0700][ERROR] [5]: Action 'img' was not found on handler 'admin'

