[Sun, 28 Oct 18 02:13:20 +0700][ERROR] [2]: ImgController handler class cannot be loaded

[Sun, 28 Oct 18 02:46:26 +0700][ERROR] [2]: ImgController handler class cannot be loaded

[Sun, 28 Oct 18 02:47:17 +0700][ERROR] [2]: ImgController handler class cannot be loaded

[Sun, 28 Oct 18 02:47:36 +0700][ERROR] [2]: ImgController handler class cannot be loaded

[Sun, 28 Oct 18 02:49:12 +0700][ERROR] [2]: ImgController handler class cannot be loaded

[Sun, 28 Oct 18 18:17:43 +0700][ERROR] [2]: ArtController handler class cannot be loaded

[Sun, 28 Oct 18 18:20:00 +0700][ERROR] [2]: ArtController handler class cannot be loaded

[Sun, 28 Oct 18 18:20:01 +0700][ERROR] [2]: ArtController handler class cannot be loaded

[Sun, 28 Oct 18 21:38:41 +0700][ERROR] [5]: Action 'img' was not found on handler 'art'

[Sun, 28 Oct 18 21:38:43 +0700][ERROR] [5]: Action 'img' was not found on handler 'art'

[Sun, 28 Oct 18 21:39:35 +0700][ERROR] [5]: Action 'img' was not found on handler 'art'

[Sun, 28 Oct 18 21:39:38 +0700][ERROR] [5]: Action 'img' was not found on handler 'collection'

[Sun, 28 Oct 18 21:39:39 +0700][ERROR] [5]: Action 'img' was not found on handler 'collection'

[Sun, 28 Oct 18 21:39:40 +0700][ERROR] [5]: Action 'img' was not found on handler 'collection'

[Sun, 28 Oct 18 21:39:43 +0700][ERROR] [5]: Action 'img' was not found on handler 'artist'

[Sun, 28 Oct 18 22:40:21 +0700][ERROR] [5]: Action 'img' was not found on handler 'art'

[Sun, 28 Oct 18 22:40:23 +0700][ERROR] [5]: Action 'img' was not found on handler 'art'

[Sun, 28 Oct 18 22:40:24 +0700][ERROR] [5]: Action 'img' was not found on handler 'art'

[Sun, 28 Oct 18 22:49:17 +0700][ERROR] [5]: Action 'img' was not found on handler 'exhibition'

[Sun, 28 Oct 18 22:51:58 +0700][ERROR] [5]: Action 'img' was not found on handler 'exhibition'

[Sun, 28 Oct 18 22:56:53 +0700][ERROR] [5]: Action 'img' was not found on handler 'exhibition'

[Sun, 28 Oct 18 22:57:26 +0700][ERROR] [5]: Action 'img' was not found on handler 'exhibition'

[Sun, 28 Oct 18 22:59:32 +0700][ERROR] [5]: Action 'img' was not found on handler 'collection'

[Sun, 28 Oct 18 23:00:36 +0700][ERROR] [5]: Action 'img' was not found on handler 'exhibition'

[Sun, 28 Oct 18 23:01:35 +0700][ERROR] [5]: Action 'img' was not found on handler 'artist'

[Sun, 28 Oct 18 23:01:47 +0700][ERROR] [5]: Action 'img' was not found on handler 'exhibition'

[Sun, 28 Oct 18 23:01:49 +0700][ERROR] [5]: Action 'img' was not found on handler 'collection'

[Sun, 28 Oct 18 23:01:50 +0700][ERROR] [5]: Action 'img' was not found on handler 'exhibition'

[Sun, 28 Oct 18 23:02:39 +0700][ERROR] [5]: Action 'img' was not found on handler 'art'

[Sun, 28 Oct 18 23:02:40 +0700][ERROR] [5]: Action 'img' was not found on handler 'art'

[Sun, 28 Oct 18 23:05:52 +0700][ERROR] [5]: Action 'img' was not found on handler 'exhibition'

[Sun, 28 Oct 18 23:35:28 +0700][ERROR] [5]: Action 'img' was not found on handler 'collection'

[Sun, 28 Oct 18 23:35:30 +0700][ERROR] [5]: Action 'img' was not found on handler 'collection'

[Sun, 28 Oct 18 23:35:32 +0700][ERROR] [5]: Action 'img' was not found on handler 'collection'

[Sun, 28 Oct 18 23:35:36 +0700][ERROR] [5]: Action 'img' was not found on handler 'collection'

[Sun, 28 Oct 18 23:35:37 +0700][ERROR] [5]: Action 'img' was not found on handler 'collection'

[Sun, 28 Oct 18 23:35:39 +0700][ERROR] [5]: Action 'img' was not found on handler 'collection'

[Sun, 28 Oct 18 23:51:09 +0700][ERROR] [5]: Action 'img' was not found on handler 'exhibition'

[Sun, 28 Oct 18 23:53:48 +0700][ERROR] [5]: Action 'img' was not found on handler 'exhibition'

[Sun, 28 Oct 18 23:54:28 +0700][ERROR] [5]: Action 'img' was not found on handler 'exhibition'

[Sun, 28 Oct 18 23:54:53 +0700][ERROR] [5]: Action 'img' was not found on handler 'exhibition'

[Sun, 28 Oct 18 23:55:11 +0700][ERROR] [5]: Action 'img' was not found on handler 'art'

[Sun, 28 Oct 18 23:56:08 +0700][ERROR] [5]: Action 'img' was not found on handler 'exhibition'

