[Thu, 13 Dec 18 00:11:37 +0700][ERROR] [5]: Action 'img' was not found on handler 'admin'

[Thu, 13 Dec 18 00:11:38 +0700][ERROR] [5]: Action 'img' was not found on handler 'admin'

[Thu, 13 Dec 18 00:12:32 +0700][ERROR] [5]: Action 'img' was not found on handler 'admin'

[Thu, 13 Dec 18 00:12:44 +0700][ERROR] [5]: Action 'img' was not found on handler 'admin'

[Thu, 13 Dec 18 00:12:45 +0700][ERROR] [5]: Action 'img' was not found on handler 'admin'

[Thu, 13 Dec 18 00:12:57 +0700][ERROR] [5]: Action 'img' was not found on handler 'admin'

[Thu, 13 Dec 18 00:13:21 +0700][ERROR] [5]: Action 'img' was not found on handler 'admin'

[Thu, 13 Dec 18 00:13:23 +0700][ERROR] [5]: Action 'img' was not found on handler 'admin'

[Thu, 13 Dec 18 00:22:30 +0700][ERROR] [5]: Action 'img' was not found on handler 'admin'

[Thu, 13 Dec 18 00:22:33 +0700][ERROR] [5]: Action 'img' was not found on handler 'admin'

[Thu, 13 Dec 18 00:22:35 +0700][ERROR] [5]: Action 'img' was not found on handler 'admin'

[Thu, 13 Dec 18 00:22:39 +0700][ERROR] [5]: Action 'img' was not found on handler 'admin'

[Thu, 13 Dec 18 00:23:16 +0700][ERROR] [5]: Action 'img' was not found on handler 'admin'

[Thu, 13 Dec 18 00:23:17 +0700][ERROR] [5]: Action 'img' was not found on handler 'admin'

[Thu, 13 Dec 18 00:23:50 +0700][ERROR] [5]: Action 'img' was not found on handler 'admin'

[Thu, 13 Dec 18 00:25:39 +0700][ERROR] [5]: Action 'img' was not found on handler 'admin'

[Thu, 13 Dec 18 00:25:43 +0700][ERROR] [5]: Action 'img' was not found on handler 'admin'

[Thu, 13 Dec 18 00:26:01 +0700][ERROR] [5]: Action 'img' was not found on handler 'admin'

[Thu, 13 Dec 18 00:26:02 +0700][ERROR] [5]: Action 'img' was not found on handler 'admin'

[Thu, 13 Dec 18 00:26:06 +0700][ERROR] [5]: Action 'img' was not found on handler 'admin'

[Thu, 13 Dec 18 00:26:51 +0700][ERROR] [5]: Action 'img' was not found on handler 'admin'

[Thu, 13 Dec 18 00:26:52 +0700][ERROR] [5]: Action 'img' was not found on handler 'admin'

[Thu, 13 Dec 18 00:27:29 +0700][ERROR] [5]: Action 'img' was not found on handler 'admin'

[Thu, 13 Dec 18 00:27:34 +0700][ERROR] [5]: Action 'img' was not found on handler 'admin'

[Thu, 13 Dec 18 00:27:48 +0700][ERROR] [5]: Action 'img' was not found on handler 'admin'

[Thu, 13 Dec 18 00:27:52 +0700][ERROR] [5]: Action 'img' was not found on handler 'admin'

[Thu, 13 Dec 18 00:28:30 +0700][ERROR] [5]: Action 'img' was not found on handler 'admin'

[Thu, 13 Dec 18 00:28:32 +0700][ERROR] [5]: Action 'img' was not found on handler 'admin'

[Thu, 13 Dec 18 00:28:42 +0700][ERROR] [5]: Action 'img' was not found on handler 'admin'

[Thu, 13 Dec 18 00:33:31 +0700][ERROR] [5]: Action 'img' was not found on handler 'admin'

[Thu, 13 Dec 18 00:33:33 +0700][ERROR] [5]: Action 'img' was not found on handler 'admin'

[Thu, 13 Dec 18 00:34:52 +0700][ERROR] [5]: Action 'img' was not found on handler 'admin'

[Thu, 13 Dec 18 00:34:53 +0700][ERROR] [5]: Action 'img' was not found on handler 'admin'

[Thu, 13 Dec 18 00:34:56 +0700][ERROR] [5]: Action 'img' was not found on handler 'admin'

[Thu, 13 Dec 18 00:34:58 +0700][ERROR] [5]: Action 'img' was not found on handler 'admin'

[Thu, 13 Dec 18 00:35:07 +0700][ERROR] [5]: Action 'img' was not found on handler 'admin'

[Thu, 13 Dec 18 00:35:10 +0700][ERROR] [5]: Action 'img' was not found on handler 'admin'

[Thu, 13 Dec 18 00:35:11 +0700][ERROR] [5]: Action 'img' was not found on handler 'admin'

[Thu, 13 Dec 18 00:36:51 +0700][ERROR] [5]: Action 'img' was not found on handler 'admin'

[Thu, 13 Dec 18 00:37:09 +0700][ERROR] [5]: Action 'img' was not found on handler 'admin'

[Thu, 13 Dec 18 00:37:10 +0700][ERROR] [5]: Action 'img' was not found on handler 'admin'

[Thu, 13 Dec 18 00:37:15 +0700][ERROR] [5]: Action 'img' was not found on handler 'admin'

[Thu, 13 Dec 18 00:40:20 +0700][ERROR] [5]: Action 'img' was not found on handler 'artist'

[Thu, 13 Dec 18 00:40:25 +0700][ERROR] [5]: Action 'img' was not found on handler 'admin'

[Thu, 13 Dec 18 00:40:27 +0700][ERROR] [5]: Action 'img' was not found on handler 'admin'

[Thu, 13 Dec 18 00:40:31 +0700][ERROR] [5]: Action 'img' was not found on handler 'admin'

[Thu, 13 Dec 18 00:40:38 +0700][ERROR] [5]: Action 'img' was not found on handler 'admin'

[Thu, 13 Dec 18 00:40:42 +0700][ERROR] [5]: Action 'img' was not found on handler 'admin'

[Thu, 13 Dec 18 00:42:34 +0700][ERROR] [5]: Action 'img' was not found on handler 'admin'

[Thu, 13 Dec 18 00:43:33 +0700][ERROR] [5]: Action 'img' was not found on handler 'admin'

[Thu, 13 Dec 18 00:44:10 +0700][ERROR] [5]: Action 'img' was not found on handler 'admin'

[Thu, 13 Dec 18 00:44:21 +0700][ERROR] [5]: Action 'img' was not found on handler 'admin'

[Thu, 13 Dec 18 00:44:48 +0700][ERROR] [5]: Action 'img' was not found on handler 'admin'

[Thu, 13 Dec 18 00:48:37 +0700][ERROR] [5]: Action 'img' was not found on handler 'admin'

[Thu, 13 Dec 18 00:48:44 +0700][ERROR] [5]: Action 'img' was not found on handler 'admin'

[Thu, 13 Dec 18 00:48:45 +0700][ERROR] [5]: Action 'img' was not found on handler 'admin'

[Thu, 13 Dec 18 00:48:48 +0700][ERROR] [5]: Action 'img' was not found on handler 'admin'

[Thu, 13 Dec 18 00:48:49 +0700][ERROR] [5]: Action 'img' was not found on handler 'admin'

[Thu, 13 Dec 18 00:48:54 +0700][ERROR] [5]: Action 'img' was not found on handler 'admin'

[Thu, 13 Dec 18 00:49:02 +0700][ERROR] [5]: Action 'img' was not found on handler 'admin'

[Thu, 13 Dec 18 00:49:19 +0700][ERROR] [5]: Action 'img' was not found on handler 'admin'

[Thu, 13 Dec 18 00:49:29 +0700][ERROR] [5]: Action 'img' was not found on handler 'admin'

[Thu, 13 Dec 18 00:49:46 +0700][ERROR] [5]: Action 'img' was not found on handler 'admin'

[Thu, 13 Dec 18 00:49:50 +0700][ERROR] [5]: Action 'img' was not found on handler 'admin'

[Thu, 13 Dec 18 00:49:53 +0700][ERROR] [5]: Action 'img' was not found on handler 'admin'

[Thu, 13 Dec 18 00:50:53 +0700][ERROR] [5]: Action 'img' was not found on handler 'admin'

[Thu, 13 Dec 18 00:50:54 +0700][ERROR] [5]: Action 'img' was not found on handler 'admin'

[Thu, 13 Dec 18 00:51:06 +0700][ERROR] [5]: Action 'img' was not found on handler 'admin'

[Thu, 13 Dec 18 00:51:37 +0700][ERROR] [5]: Action 'img' was not found on handler 'admin'

[Thu, 13 Dec 18 00:51:39 +0700][ERROR] [5]: Action 'img' was not found on handler 'admin'

[Thu, 13 Dec 18 01:01:41 +0700][ERROR] [5]: Action 'img' was not found on handler 'admin'

[Thu, 13 Dec 18 01:01:43 +0700][ERROR] [5]: Action 'img' was not found on handler 'admin'

[Thu, 13 Dec 18 01:01:49 +0700][ERROR] [5]: Action 'img' was not found on handler 'admin'

[Thu, 13 Dec 18 01:01:54 +0700][ERROR] [5]: Action 'img' was not found on handler 'admin'

[Thu, 13 Dec 18 01:02:59 +0700][ERROR] [5]: Action 'img' was not found on handler 'admin'

[Thu, 13 Dec 18 01:03:00 +0700][ERROR] [5]: Action 'img' was not found on handler 'admin'

[Thu, 13 Dec 18 01:07:22 +0700][ERROR] [5]: Action 'img' was not found on handler 'admin'

[Thu, 13 Dec 18 01:07:23 +0700][ERROR] [5]: Action 'img' was not found on handler 'admin'

[Thu, 13 Dec 18 01:08:16 +0700][ERROR] [5]: Action 'img' was not found on handler 'admin'

[Thu, 13 Dec 18 01:09:10 +0700][ERROR] [5]: Action 'img' was not found on handler 'admin'

[Thu, 13 Dec 18 01:09:11 +0700][ERROR] [5]: Action 'img' was not found on handler 'admin'

[Thu, 13 Dec 18 01:09:12 +0700][ERROR] [5]: Action 'img' was not found on handler 'admin'

[Thu, 13 Dec 18 01:09:26 +0700][ERROR] [5]: Action 'img' was not found on handler 'admin'

[Thu, 13 Dec 18 01:09:28 +0700][ERROR] [5]: Action 'img' was not found on handler 'admin'

[Thu, 13 Dec 18 01:11:42 +0700][ERROR] [5]: Action 'img' was not found on handler 'admin'

[Thu, 13 Dec 18 01:11:43 +0700][ERROR] [5]: Action 'img' was not found on handler 'admin'

[Thu, 13 Dec 18 01:14:46 +0700][ERROR] [5]: Action 'img' was not found on handler 'admin'

[Thu, 13 Dec 18 01:14:47 +0700][ERROR] [5]: Action 'img' was not found on handler 'admin'

[Thu, 13 Dec 18 01:14:51 +0700][ERROR] [5]: Action 'img' was not found on handler 'admin'

[Thu, 13 Dec 18 01:14:57 +0700][ERROR] [5]: Action 'img' was not found on handler 'admin'

[Thu, 13 Dec 18 01:16:55 +0700][ERROR] [5]: Action 'img' was not found on handler 'admin'

[Thu, 13 Dec 18 01:16:56 +0700][ERROR] [5]: Action 'img' was not found on handler 'admin'

[Thu, 13 Dec 18 01:17:00 +0700][ERROR] [5]: Action 'img' was not found on handler 'admin'

[Thu, 13 Dec 18 01:17:02 +0700][ERROR] [5]: Action 'img' was not found on handler 'admin'

[Thu, 13 Dec 18 01:32:36 +0700][ERROR] [5]: Action 'img' was not found on handler 'admin'

[Thu, 13 Dec 18 01:32:58 +0700][ERROR] [5]: Action 'img' was not found on handler 'admin'

[Thu, 13 Dec 18 01:33:04 +0700][ERROR] [5]: Action 'img' was not found on handler 'admin'

[Thu, 13 Dec 18 01:33:12 +0700][ERROR] [5]: Action 'img' was not found on handler 'admin'

[Thu, 13 Dec 18 01:33:17 +0700][ERROR] [5]: Action 'img' was not found on handler 'admin'

[Thu, 13 Dec 18 01:42:05 +0700][ERROR] [5]: Action 'img' was not found on handler 'admin'

[Thu, 13 Dec 18 01:42:06 +0700][ERROR] [5]: Action 'img' was not found on handler 'admin'

[Thu, 13 Dec 18 01:42:41 +0700][ERROR] [5]: Action 'img' was not found on handler 'admin'

[Thu, 13 Dec 18 01:42:59 +0700][ERROR] [5]: Action 'img' was not found on handler 'admin'

[Thu, 13 Dec 18 01:43:05 +0700][ERROR] [5]: Action 'img' was not found on handler 'admin'

[Thu, 13 Dec 18 01:43:14 +0700][ERROR] [5]: Action 'img' was not found on handler 'admin'

[Thu, 13 Dec 18 01:43:42 +0700][ERROR] [5]: Action 'img' was not found on handler 'admin'

[Thu, 13 Dec 18 01:43:44 +0700][ERROR] [5]: Action 'img' was not found on handler 'admin'

[Thu, 13 Dec 18 01:43:47 +0700][ERROR] [5]: Action 'img' was not found on handler 'admin'

[Thu, 13 Dec 18 01:43:50 +0700][ERROR] [5]: Action 'img' was not found on handler 'admin'

[Thu, 13 Dec 18 01:43:55 +0700][ERROR] [5]: Action 'img' was not found on handler 'admin'

[Thu, 13 Dec 18 01:44:17 +0700][ERROR] [5]: Action 'img' was not found on handler 'admin'

[Thu, 13 Dec 18 01:56:06 +0700][ERROR] [5]: Action 'img' was not found on handler 'admin'

[Thu, 13 Dec 18 01:56:44 +0700][ERROR] [5]: Action 'img' was not found on handler 'admin'

[Thu, 13 Dec 18 01:56:45 +0700][ERROR] [5]: Action 'img' was not found on handler 'admin'

[Thu, 13 Dec 18 01:56:51 +0700][ERROR] [5]: Action 'img' was not found on handler 'admin'

[Thu, 13 Dec 18 01:56:55 +0700][ERROR] [5]: Action 'img' was not found on handler 'admin'

[Thu, 13 Dec 18 01:56:59 +0700][ERROR] [5]: Action 'img' was not found on handler 'admin'

[Thu, 13 Dec 18 01:57:00 +0700][ERROR] [5]: Action 'img' was not found on handler 'admin'

[Thu, 13 Dec 18 02:01:06 +0700][ERROR] [5]: Action 'img' was not found on handler 'admin'

[Thu, 13 Dec 18 02:12:02 +0700][ERROR] [5]: Action 'img' was not found on handler 'admin'

[Thu, 13 Dec 18 02:12:06 +0700][ERROR] [5]: Action 'img' was not found on handler 'admin'

[Thu, 13 Dec 18 02:12:34 +0700][ERROR] [5]: Action 'img' was not found on handler 'admin'

[Thu, 13 Dec 18 02:13:28 +0700][ERROR] [5]: Action 'img' was not found on handler 'admin'

[Thu, 13 Dec 18 14:23:51 +0700][ERROR] [5]: Action 'img' was not found on handler 'collection'

[Thu, 13 Dec 18 14:23:54 +0700][ERROR] [5]: Action 'img' was not found on handler 'art'

[Thu, 13 Dec 18 14:23:55 +0700][ERROR] [5]: Action 'img' was not found on handler 'art'

[Thu, 13 Dec 18 14:23:56 +0700][ERROR] [5]: Action 'img' was not found on handler 'art'

[Thu, 13 Dec 18 14:47:40 +0700][ERROR] [5]: Action 'img' was not found on handler 'art'

[Thu, 13 Dec 18 14:51:38 +0700][ERROR] [5]: Action 'img' was not found on handler 'art'

[Thu, 13 Dec 18 14:53:28 +0700][ERROR] [5]: Action 'img' was not found on handler 'admin'

[Thu, 13 Dec 18 14:53:30 +0700][ERROR] [5]: Action 'img' was not found on handler 'admin'

[Thu, 13 Dec 18 14:53:38 +0700][ERROR] [5]: Action 'img' was not found on handler 'admin'

[Thu, 13 Dec 18 14:53:39 +0700][ERROR] [5]: Action 'img' was not found on handler 'admin'

[Thu, 13 Dec 18 14:55:06 +0700][ERROR] [5]: Action 'img' was not found on handler 'admin'

[Thu, 13 Dec 18 14:55:08 +0700][ERROR] [5]: Action 'img' was not found on handler 'admin'

[Thu, 13 Dec 18 14:56:31 +0700][ERROR] [5]: Action 'img' was not found on handler 'admin'

[Thu, 13 Dec 18 14:56:49 +0700][ERROR] [5]: Action 'img' was not found on handler 'admin'

[Thu, 13 Dec 18 15:02:40 +0700][ERROR] [5]: Action 'img' was not found on handler 'admin'

[Thu, 13 Dec 18 15:02:41 +0700][ERROR] [5]: Action 'img' was not found on handler 'admin'

[Thu, 13 Dec 18 15:04:25 +0700][ERROR] [5]: Action 'img' was not found on handler 'admin'

[Thu, 13 Dec 18 15:04:26 +0700][ERROR] [5]: Action 'img' was not found on handler 'admin'

[Thu, 13 Dec 18 15:04:40 +0700][ERROR] [5]: Action 'img' was not found on handler 'admin'

[Thu, 13 Dec 18 15:04:58 +0700][ERROR] [5]: Action 'img' was not found on handler 'admin'

[Thu, 13 Dec 18 15:05:02 +0700][ERROR] [5]: Action 'img' was not found on handler 'admin'

[Thu, 13 Dec 18 15:06:20 +0700][ERROR] [5]: Action 'img' was not found on handler 'admin'

[Thu, 13 Dec 18 15:06:26 +0700][ERROR] [5]: Action 'SeOther' was not found on handler 'admin'

[Thu, 13 Dec 18 15:06:26 +0700][ERROR] [5]: Action 'img' was not found on handler 'admin'

[Thu, 13 Dec 18 15:06:27 +0700][ERROR] [5]: Action 'img' was not found on handler 'admin'

[Thu, 13 Dec 18 15:07:38 +0700][ERROR] [5]: Action 'img' was not found on handler 'admin'

[Thu, 13 Dec 18 15:07:40 +0700][ERROR] [5]: Action 'img' was not found on handler 'admin'

[Thu, 13 Dec 18 15:07:42 +0700][ERROR] [5]: Action 'img' was not found on handler 'admin'

[Thu, 13 Dec 18 15:07:47 +0700][ERROR] [5]: Action 'img' was not found on handler 'admin'

[Thu, 13 Dec 18 15:07:50 +0700][ERROR] [5]: Action 'img' was not found on handler 'admin'

[Thu, 13 Dec 18 15:07:52 +0700][ERROR] [5]: Action 'img' was not found on handler 'admin'

[Thu, 13 Dec 18 15:08:57 +0700][ERROR] [5]: Action 'img' was not found on handler 'admin'

[Thu, 13 Dec 18 15:14:36 +0700][ERROR] [5]: Action 'img' was not found on handler 'admin'

[Thu, 13 Dec 18 15:14:39 +0700][ERROR] [5]: Action 'img' was not found on handler 'admin'

[Thu, 13 Dec 18 15:14:50 +0700][ERROR] [5]: Action 'img' was not found on handler 'admin'

[Thu, 13 Dec 18 15:15:25 +0700][ERROR] [5]: Action 'img' was not found on handler 'admin'

[Thu, 13 Dec 18 15:15:40 +0700][ERROR] [5]: Action 'img' was not found on handler 'admin'

[Thu, 13 Dec 18 15:15:45 +0700][ERROR] [5]: Action 'SeMuseum' was not found on handler 'admin'

[Thu, 13 Dec 18 15:15:45 +0700][ERROR] [5]: Action 'img' was not found on handler 'admin'

[Thu, 13 Dec 18 15:15:47 +0700][ERROR] [5]: Action 'img' was not found on handler 'admin'

[Thu, 13 Dec 18 15:17:55 +0700][ERROR] [5]: Action 'img' was not found on handler 'admin'

[Thu, 13 Dec 18 15:23:55 +0700][ERROR] [5]: Action 'img' was not found on handler 'admin'

[Thu, 13 Dec 18 15:23:57 +0700][ERROR] [5]: Action 'img' was not found on handler 'admin'

[Thu, 13 Dec 18 15:24:00 +0700][ERROR] [5]: Action 'img' was not found on handler 'admin'

[Thu, 13 Dec 18 15:24:02 +0700][ERROR] [5]: Action 'img' was not found on handler 'admin'

[Thu, 13 Dec 18 15:24:38 +0700][ERROR] [5]: Action 'img' was not found on handler 'admin'

[Thu, 13 Dec 18 15:25:14 +0700][ERROR] [5]: Action 'img' was not found on handler 'admin'

[Thu, 13 Dec 18 15:26:03 +0700][ERROR] [5]: Action 'img' was not found on handler 'admin'

[Thu, 13 Dec 18 15:26:08 +0700][ERROR] [5]: Action 'SePainting' was not found on handler 'admin'

[Thu, 13 Dec 18 15:26:08 +0700][ERROR] [5]: Action 'img' was not found on handler 'admin'

[Thu, 13 Dec 18 15:26:09 +0700][ERROR] [5]: Action 'img' was not found on handler 'admin'

[Thu, 13 Dec 18 15:28:46 +0700][ERROR] [5]: Action 'img' was not found on handler 'admin'

[Thu, 13 Dec 18 15:32:14 +0700][ERROR] [5]: Action 'img' was not found on handler 'admin'

[Thu, 13 Dec 18 15:32:25 +0700][ERROR] [5]: Action 'img' was not found on handler 'admin'

[Thu, 13 Dec 18 15:32:26 +0700][ERROR] [5]: Action 'img' was not found on handler 'admin'

[Thu, 13 Dec 18 15:32:54 +0700][ERROR] [5]: Action 'img' was not found on handler 'admin'

[Thu, 13 Dec 18 15:32:55 +0700][ERROR] [5]: Action 'img' was not found on handler 'admin'

[Thu, 13 Dec 18 15:33:35 +0700][ERROR] [5]: Action 'img' was not found on handler 'admin'

[Thu, 13 Dec 18 15:34:01 +0700][ERROR] [5]: Action 'img' was not found on handler 'admin'

[Thu, 13 Dec 18 15:37:23 +0700][ERROR] [5]: Action 'img' was not found on handler 'admin'

[Thu, 13 Dec 18 15:40:48 +0700][ERROR] [5]: Action 'img' was not found on handler 'admin'

[Thu, 13 Dec 18 15:41:49 +0700][ERROR] [5]: Action 'img' was not found on handler 'admin'

[Thu, 13 Dec 18 15:41:59 +0700][ERROR] [5]: Action 'eSculpture' was not found on handler 'admin'

[Thu, 13 Dec 18 15:41:59 +0700][ERROR] [5]: Action 'img' was not found on handler 'admin'

[Thu, 13 Dec 18 15:42:00 +0700][ERROR] [5]: Action 'img' was not found on handler 'admin'

[Thu, 13 Dec 18 15:44:33 +0700][ERROR] [5]: Action 'img' was not found on handler 'admin'

[Thu, 13 Dec 18 15:44:36 +0700][ERROR] [5]: Action 'eSculpture' was not found on handler 'admin'

[Thu, 13 Dec 18 15:44:37 +0700][ERROR] [5]: Action 'img' was not found on handler 'admin'

[Thu, 13 Dec 18 15:45:43 +0700][ERROR] [5]: Action 'img' was not found on handler 'admin'

[Thu, 13 Dec 18 15:45:47 +0700][ERROR] [5]: Action 'img' was not found on handler 'admin'

[Thu, 13 Dec 18 15:45:48 +0700][ERROR] [5]: Action 'img' was not found on handler 'admin'

[Thu, 13 Dec 18 15:45:51 +0700][ERROR] [5]: Action 'img' was not found on handler 'admin'

[Thu, 13 Dec 18 15:45:53 +0700][ERROR] [5]: Action 'eSculpture' was not found on handler 'admin'

[Thu, 13 Dec 18 15:45:53 +0700][ERROR] [5]: Action 'img' was not found on handler 'admin'

[Thu, 13 Dec 18 15:46:00 +0700][ERROR] [5]: Action 'img' was not found on handler 'admin'

[Thu, 13 Dec 18 15:46:05 +0700][ERROR] [5]: Action 'eSculpture' was not found on handler 'admin'

[Thu, 13 Dec 18 15:46:05 +0700][ERROR] [5]: Action 'img' was not found on handler 'admin'

[Thu, 13 Dec 18 15:46:08 +0700][ERROR] [5]: Action 'img' was not found on handler 'admin'

[Thu, 13 Dec 18 15:47:36 +0700][ERROR] [5]: Action 'img' was not found on handler 'admin'

[Thu, 13 Dec 18 15:47:37 +0700][ERROR] [5]: Action 'img' was not found on handler 'admin'

[Thu, 13 Dec 18 15:47:39 +0700][ERROR] [5]: Action 'img' was not found on handler 'admin'

[Thu, 13 Dec 18 15:47:47 +0700][ERROR] [5]: Action 'img' was not found on handler 'admin'

[Thu, 13 Dec 18 15:47:59 +0700][ERROR] [5]: Action 'img' was not found on handler 'admin'

[Thu, 13 Dec 18 15:48:04 +0700][ERROR] [5]: Action 'img' was not found on handler 'admin'

[Thu, 13 Dec 18 15:48:07 +0700][ERROR] [5]: Action 'img' was not found on handler 'admin'

[Thu, 13 Dec 18 15:48:16 +0700][ERROR] [5]: Action 'img' was not found on handler 'admin'

[Thu, 13 Dec 18 15:48:19 +0700][ERROR] [5]: Action 'img' was not found on handler 'admin'

[Thu, 13 Dec 18 15:48:21 +0700][ERROR] [5]: Action 'img' was not found on handler 'admin'

[Thu, 13 Dec 18 15:48:23 +0700][ERROR] [5]: Action 'img' was not found on handler 'admin'

[Thu, 13 Dec 18 15:48:24 +0700][ERROR] [5]: Action 'img' was not found on handler 'admin'

[Thu, 13 Dec 18 15:48:26 +0700][ERROR] [5]: Action 'img' was not found on handler 'admin'

[Thu, 13 Dec 18 15:49:01 +0700][ERROR] [5]: Action 'img' was not found on handler 'admin'

[Thu, 13 Dec 18 15:49:10 +0700][ERROR] [5]: Action 'img' was not found on handler 'admin'

[Thu, 13 Dec 18 15:49:31 +0700][ERROR] [5]: Action 'img' was not found on handler 'admin'

[Thu, 13 Dec 18 15:49:36 +0700][ERROR] [5]: Action 'img' was not found on handler 'admin'

[Thu, 13 Dec 18 15:50:03 +0700][ERROR] [5]: Action 'img' was not found on handler 'admin'

[Thu, 13 Dec 18 15:50:06 +0700][ERROR] [5]: Action 'img' was not found on handler 'admin'

[Thu, 13 Dec 18 15:50:11 +0700][ERROR] [5]: Action 'img' was not found on handler 'admin'

