[Wed, 07 Nov 18 00:13:22 +0700][ERROR] [5]: Action 'img' was not found on handler 'admin'

[Wed, 07 Nov 18 00:13:23 +0700][ERROR] [5]: Action 'img' was not found on handler 'admin'

[Wed, 07 Nov 18 00:13:25 +0700][ERROR] [5]: Action 'img' was not found on handler 'admin'

[Wed, 07 Nov 18 00:13:39 +0700][ERROR] [5]: Action 'img' was not found on handler 'admin'

[Wed, 07 Nov 18 00:13:40 +0700][ERROR] [5]: Action 'img' was not found on handler 'admin'

[Wed, 07 Nov 18 00:13:45 +0700][ERROR] [5]: Action 'img' was not found on handler 'admin'

[Wed, 07 Nov 18 00:13:45 +0700][ERROR] [5]: Action 'img' was not found on handler 'admin'

[Wed, 07 Nov 18 00:13:48 +0700][ERROR] [5]: Action 'img' was not found on handler 'admin'

[Wed, 07 Nov 18 00:13:51 +0700][ERROR] [5]: Action 'img' was not found on handler 'admin'

[Wed, 07 Nov 18 00:13:53 +0700][ERROR] [5]: Action 'img' was not found on handler 'admin'

[Wed, 07 Nov 18 00:14:43 +0700][ERROR] [2]: PaintingController handler class cannot be loaded

[Wed, 07 Nov 18 00:17:07 +0700][ERROR] [2]: PaintingController handler class cannot be loaded

[Wed, 07 Nov 18 00:17:09 +0700][ERROR] [5]: Action 'img' was not found on handler 'admin'

[Wed, 07 Nov 18 00:17:15 +0700][ERROR] [5]: Action 'img' was not found on handler 'admin'

[Wed, 07 Nov 18 00:18:04 +0700][ERROR] [5]: Action 'img' was not found on handler 'admin'

[Wed, 07 Nov 18 00:18:15 +0700][ERROR] [5]: Action 'img' was not found on handler 'admin'

[Wed, 07 Nov 18 00:30:50 +0700][ERROR] [5]: Action 'img' was not found on handler 'admin'

[Wed, 07 Nov 18 00:31:19 +0700][ERROR] [5]: Action 'img' was not found on handler 'admin'

[Wed, 07 Nov 18 00:43:48 +0700][ERROR] [5]: Action 'img' was not found on handler 'admin'

[Wed, 07 Nov 18 00:45:27 +0700][ERROR] [5]: Action 'img' was not found on handler 'admin'

[Wed, 07 Nov 18 00:46:49 +0700][ERROR] [5]: Action 'img' was not found on handler 'admin'

[Wed, 07 Nov 18 00:47:49 +0700][ERROR] [5]: Action 'img' was not found on handler 'admin'

[Wed, 07 Nov 18 00:48:29 +0700][ERROR] [5]: Action 'img' was not found on handler 'admin'

[Wed, 07 Nov 18 00:48:51 +0700][ERROR] [5]: Action 'img' was not found on handler 'admin'

[Wed, 07 Nov 18 00:49:56 +0700][ERROR] [5]: Action 'img' was not found on handler 'admin'

[Wed, 07 Nov 18 00:50:03 +0700][ERROR] [5]: Action 'img' was not found on handler 'admin'

[Wed, 07 Nov 18 00:50:14 +0700][ERROR] [5]: Action 'img' was not found on handler 'admin'

[Wed, 07 Nov 18 00:50:21 +0700][ERROR] [5]: Action 'img' was not found on handler 'admin'

[Wed, 07 Nov 18 00:51:54 +0700][ERROR] [5]: Action 'img' was not found on handler 'admin'

[Wed, 07 Nov 18 00:52:01 +0700][ERROR] [5]: Action 'img' was not found on handler 'admin'

[Wed, 07 Nov 18 00:52:52 +0700][ERROR] [5]: Action 'img' was not found on handler 'admin'

[Wed, 07 Nov 18 00:52:53 +0700][ERROR] [5]: Action 'img' was not found on handler 'admin'

[Wed, 07 Nov 18 00:54:01 +0700][ERROR] [5]: Action 'img' was not found on handler 'admin'

[Wed, 07 Nov 18 00:54:19 +0700][ERROR] [5]: Action 'img' was not found on handler 'admin'

[Wed, 07 Nov 18 01:05:36 +0700][ERROR] [5]: Action 'img' was not found on handler 'admin'

[Wed, 07 Nov 18 01:05:37 +0700][ERROR] [5]: Action 'aMuseum' was not found on handler 'admin'

[Wed, 07 Nov 18 01:05:38 +0700][ERROR] [5]: Action 'img' was not found on handler 'admin'

[Wed, 07 Nov 18 01:05:39 +0700][ERROR] [5]: Action 'img' was not found on handler 'admin'

[Wed, 07 Nov 18 01:05:46 +0700][ERROR] [5]: Action 'img' was not found on handler 'admin'

[Wed, 07 Nov 18 01:06:17 +0700][ERROR] [5]: Action 'img' was not found on handler 'admin'

[Wed, 07 Nov 18 01:06:37 +0700][ERROR] [5]: Action 'img' was not found on handler 'admin'

[Wed, 07 Nov 18 01:06:38 +0700][ERROR] [5]: Action 'img' was not found on handler 'admin'

[Wed, 07 Nov 18 01:06:43 +0700][ERROR] [5]: Action 'img' was not found on handler 'admin'

[Wed, 07 Nov 18 01:06:46 +0700][ERROR] [5]: Action 'img' was not found on handler 'admin'

[Wed, 07 Nov 18 01:07:13 +0700][ERROR] [5]: Action 'img' was not found on handler 'admin'

[Wed, 07 Nov 18 01:07:25 +0700][ERROR] [5]: Action 'img' was not found on handler 'admin'

[Wed, 07 Nov 18 01:07:30 +0700][ERROR] [5]: Action 'img' was not found on handler 'admin'

[Wed, 07 Nov 18 01:08:28 +0700][ERROR] [5]: Action 'img' was not found on handler 'admin'

[Wed, 07 Nov 18 01:08:30 +0700][ERROR] [5]: Action 'img' was not found on handler 'admin'

[Wed, 07 Nov 18 01:08:32 +0700][ERROR] [5]: Action 'img' was not found on handler 'admin'

[Wed, 07 Nov 18 01:08:39 +0700][ERROR] [5]: Action 'img' was not found on handler 'admin'

[Wed, 07 Nov 18 01:08:52 +0700][ERROR] [5]: Action 'img' was not found on handler 'admin'

[Wed, 07 Nov 18 01:08:52 +0700][ERROR] [5]: Action 'img' was not found on handler 'admin'

[Wed, 07 Nov 18 01:08:54 +0700][ERROR] [5]: Action 'img' was not found on handler 'admin'

[Wed, 07 Nov 18 01:08:55 +0700][ERROR] [5]: Action 'img' was not found on handler 'admin'

[Wed, 07 Nov 18 01:12:56 +0700][ERROR] [5]: Action 'img' was not found on handler 'admin'

[Wed, 07 Nov 18 01:12:56 +0700][ERROR] [5]: Action 'img' was not found on handler 'admin'

[Wed, 07 Nov 18 01:12:57 +0700][ERROR] [5]: Action 'img' was not found on handler 'admin'

[Wed, 07 Nov 18 01:12:58 +0700][ERROR] [5]: Action 'img' was not found on handler 'admin'

[Wed, 07 Nov 18 01:13:02 +0700][ERROR] [5]: Action 'img' was not found on handler 'admin'

[Wed, 07 Nov 18 01:13:04 +0700][ERROR] [5]: Action 'img' was not found on handler 'admin'

[Wed, 07 Nov 18 01:13:05 +0700][ERROR] [5]: Action 'img' was not found on handler 'admin'

[Wed, 07 Nov 18 01:13:14 +0700][ERROR] [5]: Action 'img' was not found on handler 'admin'

[Wed, 07 Nov 18 01:13:16 +0700][ERROR] [5]: Action 'img' was not found on handler 'admin'

[Wed, 07 Nov 18 01:15:20 +0700][ERROR] [5]: Action 'img' was not found on handler 'admin'

[Wed, 07 Nov 18 01:15:23 +0700][ERROR] [5]: Action 'img' was not found on handler 'admin'

[Wed, 07 Nov 18 01:15:25 +0700][ERROR] [5]: Action 'img' was not found on handler 'admin'

[Wed, 07 Nov 18 01:15:36 +0700][ERROR] [5]: Action 'img' was not found on handler 'admin'

[Wed, 07 Nov 18 01:15:39 +0700][ERROR] [5]: Action 'img' was not found on handler 'admin'

[Wed, 07 Nov 18 01:15:40 +0700][ERROR] [5]: Action 'img' was not found on handler 'admin'

[Wed, 07 Nov 18 01:16:10 +0700][ERROR] [5]: Action 'img' was not found on handler 'admin'

[Wed, 07 Nov 18 01:16:11 +0700][ERROR] [5]: Action 'img' was not found on handler 'admin'

[Wed, 07 Nov 18 01:16:14 +0700][ERROR] [5]: Action 'img' was not found on handler 'admin'

[Wed, 07 Nov 18 01:16:56 +0700][ERROR] [5]: Action 'img' was not found on handler 'admin'

[Wed, 07 Nov 18 01:16:57 +0700][ERROR] [5]: Action 'img' was not found on handler 'admin'

[Wed, 07 Nov 18 01:16:58 +0700][ERROR] [5]: Action 'img' was not found on handler 'admin'

[Wed, 07 Nov 18 01:17:13 +0700][ERROR] [5]: Action 'img' was not found on handler 'admin'

[Wed, 07 Nov 18 01:17:14 +0700][ERROR] [5]: Action 'img' was not found on handler 'admin'

[Wed, 07 Nov 18 01:17:53 +0700][ERROR] [5]: Action 'img' was not found on handler 'admin'

[Wed, 07 Nov 18 01:17:54 +0700][ERROR] [5]: Action 'img' was not found on handler 'admin'

[Wed, 07 Nov 18 01:18:34 +0700][ERROR] [5]: Action 'img' was not found on handler 'admin'

[Wed, 07 Nov 18 01:19:49 +0700][ERROR] [5]: Action 'img' was not found on handler 'admin'

[Wed, 07 Nov 18 01:21:23 +0700][ERROR] [5]: Action 'img' was not found on handler 'admin'

[Wed, 07 Nov 18 01:22:18 +0700][ERROR] [5]: Action 'img' was not found on handler 'admin'

[Wed, 07 Nov 18 01:22:22 +0700][ERROR] [5]: Action 'img' was not found on handler 'admin'

[Wed, 07 Nov 18 01:22:24 +0700][ERROR] [5]: Action 'img' was not found on handler 'admin'

[Wed, 07 Nov 18 01:22:26 +0700][ERROR] [5]: Action 'img' was not found on handler 'admin'

[Wed, 07 Nov 18 01:22:34 +0700][ERROR] [5]: Action 'img' was not found on handler 'admin'

[Wed, 07 Nov 18 01:23:47 +0700][ERROR] [5]: Action 'img' was not found on handler 'admin'

[Wed, 07 Nov 18 01:23:48 +0700][ERROR] [5]: Action 'img' was not found on handler 'admin'

[Wed, 07 Nov 18 01:23:49 +0700][ERROR] [5]: Action 'img' was not found on handler 'admin'

[Wed, 07 Nov 18 01:25:38 +0700][ERROR] [5]: Action 'img' was not found on handler 'exhibition'

[Wed, 07 Nov 18 01:29:45 +0700][ERROR] [5]: Action 'img' was not found on handler 'admin'

[Wed, 07 Nov 18 01:29:50 +0700][ERROR] [5]: Action 'img' was not found on handler 'admin'

[Wed, 07 Nov 18 01:31:36 +0700][ERROR] [5]: Action 'img' was not found on handler 'admin'

[Wed, 07 Nov 18 01:31:38 +0700][ERROR] [5]: Action 'img' was not found on handler 'admin'

[Wed, 07 Nov 18 01:40:51 +0700][ERROR] [5]: Action 'img' was not found on handler 'admin'

[Wed, 07 Nov 18 01:40:51 +0700][ERROR] [5]: Action 'img' was not found on handler 'admin'

[Wed, 07 Nov 18 01:40:52 +0700][ERROR] [5]: Action 'img' was not found on handler 'admin'

[Wed, 07 Nov 18 01:40:54 +0700][ERROR] [5]: Action 'img' was not found on handler 'admin'

[Wed, 07 Nov 18 01:41:29 +0700][ERROR] [5]: Action 'apainting' was not found on handler 'admin'

[Wed, 07 Nov 18 01:41:29 +0700][ERROR] [5]: Action 'img' was not found on handler 'admin'

[Wed, 07 Nov 18 01:41:32 +0700][ERROR] [5]: Action 'img' was not found on handler 'admin'

[Wed, 07 Nov 18 01:42:12 +0700][ERROR] [5]: Action 'apainting' was not found on handler 'admin'

[Wed, 07 Nov 18 01:42:12 +0700][ERROR] [5]: Action 'img' was not found on handler 'admin'

[Wed, 07 Nov 18 01:42:14 +0700][ERROR] [5]: Action 'img' was not found on handler 'admin'

[Wed, 07 Nov 18 01:42:28 +0700][ERROR] [5]: Action 'img' was not found on handler 'admin'

[Wed, 07 Nov 18 01:42:35 +0700][ERROR] [5]: Action 'img' was not found on handler 'admin'

[Wed, 07 Nov 18 01:42:37 +0700][ERROR] [5]: Action 'img' was not found on handler 'admin'

[Wed, 07 Nov 18 01:44:08 +0700][ERROR] [5]: Action 'img' was not found on handler 'admin'

[Wed, 07 Nov 18 01:47:02 +0700][ERROR] [5]: Action 'img' was not found on handler 'admin'

[Wed, 07 Nov 18 01:47:04 +0700][ERROR] [5]: Action 'img' was not found on handler 'admin'

[Wed, 07 Nov 18 01:56:22 +0700][ERROR] [5]: Action 'img' was not found on handler 'admin'

[Wed, 07 Nov 18 01:57:34 +0700][ERROR] [5]: Action 'img' was not found on handler 'admin'

[Wed, 07 Nov 18 01:57:36 +0700][ERROR] [5]: Action 'img' was not found on handler 'admin'

[Wed, 07 Nov 18 01:58:11 +0700][ERROR] [5]: Action 'img' was not found on handler 'admin'

[Wed, 07 Nov 18 01:58:20 +0700][ERROR] [5]: Action 'img' was not found on handler 'admin'

[Wed, 07 Nov 18 01:59:14 +0700][ERROR] [5]: Action 'img' was not found on handler 'admin'

[Wed, 07 Nov 18 01:59:19 +0700][ERROR] [5]: Action 'img' was not found on handler 'admin'

[Wed, 07 Nov 18 02:01:25 +0700][ERROR] [5]: Action 'img' was not found on handler 'admin'

[Wed, 07 Nov 18 02:01:35 +0700][ERROR] [5]: Action 'img' was not found on handler 'admin'

[Wed, 07 Nov 18 02:01:39 +0700][ERROR] [5]: Action 'img' was not found on handler 'admin'

[Wed, 07 Nov 18 02:01:45 +0700][ERROR] [5]: Action 'img' was not found on handler 'admin'

[Wed, 07 Nov 18 02:01:48 +0700][ERROR] [5]: Action 'img' was not found on handler 'admin'

[Wed, 07 Nov 18 02:01:49 +0700][ERROR] [5]: Action 'img' was not found on handler 'admin'

[Wed, 07 Nov 18 02:02:17 +0700][ERROR] [5]: Action 'img' was not found on handler 'admin'

[Wed, 07 Nov 18 02:02:36 +0700][ERROR] [5]: Action 'img' was not found on handler 'admin'

[Wed, 07 Nov 18 02:03:50 +0700][ERROR] [5]: Action 'img' was not found on handler 'admin'

[Wed, 07 Nov 18 02:04:06 +0700][ERROR] [5]: Action 'img' was not found on handler 'admin'

[Wed, 07 Nov 18 02:04:07 +0700][ERROR] [5]: Action 'img' was not found on handler 'admin'

[Wed, 07 Nov 18 02:04:26 +0700][ERROR] [5]: Action 'img' was not found on handler 'admin'

[Wed, 07 Nov 18 02:04:33 +0700][ERROR] [5]: Action 'img' was not found on handler 'admin'

[Wed, 07 Nov 18 02:04:55 +0700][ERROR] [5]: Action 'img' was not found on handler 'admin'

[Wed, 07 Nov 18 02:10:03 +0700][ERROR] [5]: Action 'img' was not found on handler 'admin'

[Wed, 07 Nov 18 02:10:08 +0700][ERROR] [5]: Action 'img' was not found on handler 'admin'

[Wed, 07 Nov 18 02:10:37 +0700][ERROR] [5]: Action 'img' was not found on handler 'admin'

[Wed, 07 Nov 18 02:11:03 +0700][ERROR] [5]: Action 'img' was not found on handler 'admin'

[Wed, 07 Nov 18 02:11:26 +0700][ERROR] [5]: Action 'img' was not found on handler 'admin'

[Wed, 07 Nov 18 02:12:00 +0700][ERROR] [5]: Action 'img' was not found on handler 'admin'

[Wed, 07 Nov 18 02:12:04 +0700][ERROR] [5]: Action 'img' was not found on handler 'admin'

[Wed, 07 Nov 18 02:12:13 +0700][ERROR] [5]: Action 'img' was not found on handler 'admin'

[Wed, 07 Nov 18 02:13:10 +0700][ERROR] [5]: Action 'img' was not found on handler 'admin'

[Wed, 07 Nov 18 02:13:11 +0700][ERROR] [5]: Action 'img' was not found on handler 'admin'

[Wed, 07 Nov 18 02:13:40 +0700][ERROR] [5]: Action 'img' was not found on handler 'admin'

[Wed, 07 Nov 18 02:13:41 +0700][ERROR] [5]: Action 'img' was not found on handler 'admin'

[Wed, 07 Nov 18 02:14:14 +0700][ERROR] [5]: Action 'img' was not found on handler 'admin'

[Wed, 07 Nov 18 02:14:22 +0700][ERROR] [5]: Action 'img' was not found on handler 'admin'

[Wed, 07 Nov 18 02:14:31 +0700][ERROR] [5]: Action 'img' was not found on handler 'admin'

[Wed, 07 Nov 18 19:04:40 +0700][ERROR] [5]: Action 'img' was not found on handler 'admin'

[Wed, 07 Nov 18 19:04:42 +0700][ERROR] [5]: Action 'img' was not found on handler 'admin'

[Wed, 07 Nov 18 19:04:44 +0700][ERROR] [5]: Action 'img' was not found on handler 'admin'

[Wed, 07 Nov 18 19:16:04 +0700][ERROR] [5]: Action 'img' was not found on handler 'admin'

[Wed, 07 Nov 18 19:16:05 +0700][ERROR] [5]: Action 'img' was not found on handler 'admin'

[Wed, 07 Nov 18 19:17:43 +0700][ERROR] [5]: Action 'img' was not found on handler 'admin'

[Wed, 07 Nov 18 19:18:15 +0700][ERROR] [5]: Action 'img' was not found on handler 'admin'

[Wed, 07 Nov 18 19:19:18 +0700][ERROR] [5]: Action 'img' was not found on handler 'admin'

[Wed, 07 Nov 18 19:19:20 +0700][ERROR] [5]: Action 'img' was not found on handler 'admin'

[Wed, 07 Nov 18 19:20:06 +0700][ERROR] [5]: Action 'img' was not found on handler 'admin'

[Wed, 07 Nov 18 19:24:39 +0700][ERROR] [5]: Action 'img' was not found on handler 'admin'

[Wed, 07 Nov 18 19:24:40 +0700][ERROR] [5]: Action 'img' was not found on handler 'admin'

[Wed, 07 Nov 18 19:30:59 +0700][ERROR] [5]: Action 'img' was not found on handler 'admin'

[Wed, 07 Nov 18 19:31:15 +0700][ERROR] [5]: Action 'img' was not found on handler 'admin'

[Wed, 07 Nov 18 19:31:16 +0700][ERROR] [5]: Action 'img' was not found on handler 'admin'

[Wed, 07 Nov 18 19:31:32 +0700][ERROR] [5]: Action 'img' was not found on handler 'admin'

[Wed, 07 Nov 18 19:31:37 +0700][ERROR] [5]: Action 'img' was not found on handler 'admin'

[Wed, 07 Nov 18 19:31:38 +0700][ERROR] [5]: Action 'img' was not found on handler 'admin'

[Wed, 07 Nov 18 19:32:14 +0700][ERROR] [5]: Action 'img' was not found on handler 'admin'

[Wed, 07 Nov 18 19:32:39 +0700][ERROR] [5]: Action 'img' was not found on handler 'admin'

[Wed, 07 Nov 18 19:32:42 +0700][ERROR] [5]: Action 'img' was not found on handler 'admin'

[Wed, 07 Nov 18 19:42:27 +0700][ERROR] [5]: Action 'img' was not found on handler 'admin'

[Wed, 07 Nov 18 19:42:31 +0700][ERROR] [5]: Action 'aGeneral' was not found on handler 'admin'

[Wed, 07 Nov 18 19:42:31 +0700][ERROR] [5]: Action 'img' was not found on handler 'admin'

[Wed, 07 Nov 18 19:42:33 +0700][ERROR] [5]: Action 'img' was not found on handler 'admin'

[Wed, 07 Nov 18 19:43:25 +0700][ERROR] [5]: Action 'img' was not found on handler 'admin'

[Wed, 07 Nov 18 19:43:26 +0700][ERROR] [5]: Action 'aGeneral' was not found on handler 'admin'

[Wed, 07 Nov 18 19:43:26 +0700][ERROR] [5]: Action 'img' was not found on handler 'admin'

[Wed, 07 Nov 18 19:43:27 +0700][ERROR] [5]: Action 'img' was not found on handler 'admin'

[Wed, 07 Nov 18 19:43:50 +0700][ERROR] [5]: Action 'img' was not found on handler 'admin'

[Wed, 07 Nov 18 19:43:51 +0700][ERROR] [5]: Action 'img' was not found on handler 'admin'

[Wed, 07 Nov 18 19:44:04 +0700][ERROR] [5]: Action 'img' was not found on handler 'admin'

[Wed, 07 Nov 18 19:45:21 +0700][ERROR] [5]: Action 'img' was not found on handler 'admin'

[Wed, 07 Nov 18 19:45:27 +0700][ERROR] [5]: Action 'img' was not found on handler 'admin'

[Wed, 07 Nov 18 19:45:29 +0700][ERROR] [5]: Action 'img' was not found on handler 'admin'

[Wed, 07 Nov 18 19:45:30 +0700][ERROR] [5]: Action 'img' was not found on handler 'admin'

[Wed, 07 Nov 18 19:45:34 +0700][ERROR] [5]: Action 'img' was not found on handler 'admin'

[Wed, 07 Nov 18 19:45:36 +0700][ERROR] [5]: Action 'img' was not found on handler 'admin'

[Wed, 07 Nov 18 19:46:41 +0700][ERROR] [5]: Action 'img' was not found on handler 'admin'

[Wed, 07 Nov 18 19:46:42 +0700][ERROR] [5]: Action 'img' was not found on handler 'admin'

[Wed, 07 Nov 18 20:23:58 +0700][ERROR] [5]: Action 'img' was not found on handler 'admin'

[Wed, 07 Nov 18 20:24:42 +0700][ERROR] [5]: Action 'img' was not found on handler 'admin'

[Wed, 07 Nov 18 20:25:05 +0700][ERROR] [5]: Action 'img' was not found on handler 'admin'

[Wed, 07 Nov 18 20:25:05 +0700][ERROR] [5]: Action 'img' was not found on handler 'admin'

[Wed, 07 Nov 18 20:25:43 +0700][ERROR] [5]: Action 'img' was not found on handler 'admin'

[Wed, 07 Nov 18 20:25:44 +0700][ERROR] [5]: Action 'img' was not found on handler 'admin'

[Wed, 07 Nov 18 20:26:01 +0700][ERROR] [5]: Action 'img' was not found on handler 'admin'

[Wed, 07 Nov 18 20:26:02 +0700][ERROR] [5]: Action 'img' was not found on handler 'admin'

[Wed, 07 Nov 18 20:26:03 +0700][ERROR] [5]: Action 'img' was not found on handler 'admin'

[Wed, 07 Nov 18 20:26:30 +0700][ERROR] [5]: Action 'img' was not found on handler 'admin'

[Wed, 07 Nov 18 20:26:32 +0700][ERROR] [5]: Action 'img' was not found on handler 'admin'

[Wed, 07 Nov 18 20:26:33 +0700][ERROR] [5]: Action 'img' was not found on handler 'admin'

[Wed, 07 Nov 18 20:26:53 +0700][ERROR] [5]: Action 'img' was not found on handler 'admin'

[Wed, 07 Nov 18 20:26:55 +0700][ERROR] [5]: Action 'img' was not found on handler 'admin'

[Wed, 07 Nov 18 20:27:03 +0700][ERROR] [5]: Action 'img' was not found on handler 'admin'

[Wed, 07 Nov 18 20:27:05 +0700][ERROR] [5]: Action 'img' was not found on handler 'admin'

[Wed, 07 Nov 18 20:27:06 +0700][ERROR] [5]: Action 'img' was not found on handler 'admin'

[Wed, 07 Nov 18 20:27:07 +0700][ERROR] [5]: Action 'img' was not found on handler 'admin'

[Wed, 07 Nov 18 20:28:20 +0700][ERROR] [5]: Action 'img' was not found on handler 'admin'

[Wed, 07 Nov 18 20:28:21 +0700][ERROR] [5]: Action 'img' was not found on handler 'admin'

[Wed, 07 Nov 18 20:28:22 +0700][ERROR] [5]: Action 'img' was not found on handler 'admin'

[Wed, 07 Nov 18 20:28:23 +0700][ERROR] [5]: Action 'img' was not found on handler 'admin'

[Wed, 07 Nov 18 20:28:24 +0700][ERROR] [5]: Action 'img' was not found on handler 'admin'

[Wed, 07 Nov 18 20:28:41 +0700][ERROR] [5]: Action 'img' was not found on handler 'admin'

[Wed, 07 Nov 18 20:28:44 +0700][ERROR] [5]: Action 'img' was not found on handler 'admin'

[Wed, 07 Nov 18 20:28:47 +0700][ERROR] [5]: Action 'img' was not found on handler 'admin'

[Wed, 07 Nov 18 20:29:14 +0700][ERROR] [5]: Action 'img' was not found on handler 'admin'

[Wed, 07 Nov 18 20:29:24 +0700][ERROR] [5]: Action 'img' was not found on handler 'admin'

[Wed, 07 Nov 18 20:30:22 +0700][ERROR] [5]: Action 'img' was not found on handler 'admin'

[Wed, 07 Nov 18 20:31:01 +0700][ERROR] [5]: Action 'img' was not found on handler 'admin'

[Wed, 07 Nov 18 20:31:02 +0700][ERROR] [5]: Action 'img' was not found on handler 'admin'

[Wed, 07 Nov 18 20:32:39 +0700][ERROR] [5]: Action 'img' was not found on handler 'admin'

[Wed, 07 Nov 18 20:33:13 +0700][ERROR] [5]: Action 'img' was not found on handler 'admin'

[Wed, 07 Nov 18 20:34:36 +0700][ERROR] [5]: Action 'img' was not found on handler 'admin'

[Wed, 07 Nov 18 20:49:26 +0700][ERROR] [5]: Action 'img' was not found on handler 'admin'

[Wed, 07 Nov 18 20:58:40 +0700][ERROR] [5]: Action 'img' was not found on handler 'admin'

[Wed, 07 Nov 18 20:59:00 +0700][ERROR] [5]: Action 'img' was not found on handler 'admin'

[Wed, 07 Nov 18 20:59:00 +0700][ERROR] [5]: Action 'img' was not found on handler 'admin'

[Wed, 07 Nov 18 20:59:10 +0700][ERROR] [5]: Action 'img' was not found on handler 'admin'

[Wed, 07 Nov 18 20:59:11 +0700][ERROR] [5]: Action 'img' was not found on handler 'admin'

[Wed, 07 Nov 18 20:59:12 +0700][ERROR] [5]: Action 'img' was not found on handler 'admin'

[Wed, 07 Nov 18 20:59:50 +0700][ERROR] [5]: Action 'img' was not found on handler 'admin'

[Wed, 07 Nov 18 20:59:53 +0700][ERROR] [5]: Action 'img' was not found on handler 'admin'

[Wed, 07 Nov 18 21:01:14 +0700][ERROR] [5]: Action 'img' was not found on handler 'admin'

[Wed, 07 Nov 18 21:01:35 +0700][ERROR] [5]: Action 'img' was not found on handler 'admin'

[Wed, 07 Nov 18 21:01:45 +0700][ERROR] [5]: Action 'eCollection' was not found on handler 'admin'

[Wed, 07 Nov 18 21:01:45 +0700][ERROR] [5]: Action 'img' was not found on handler 'admin'

[Wed, 07 Nov 18 21:01:54 +0700][ERROR] [5]: Action 'img' was not found on handler 'admin'

[Wed, 07 Nov 18 21:02:03 +0700][ERROR] [5]: Action 'img' was not found on handler 'admin'

[Wed, 07 Nov 18 21:02:04 +0700][ERROR] [5]: Action 'img' was not found on handler 'admin'

[Wed, 07 Nov 18 21:02:07 +0700][ERROR] [5]: Action 'eCollection' was not found on handler 'admin'

[Wed, 07 Nov 18 21:02:07 +0700][ERROR] [5]: Action 'img' was not found on handler 'admin'

[Wed, 07 Nov 18 21:02:34 +0700][ERROR] [5]: Action 'img' was not found on handler 'admin'

[Wed, 07 Nov 18 21:02:36 +0700][ERROR] [5]: Action 'img' was not found on handler 'admin'

[Wed, 07 Nov 18 21:15:46 +0700][ERROR] [5]: Action 'img' was not found on handler 'admin'

[Wed, 07 Nov 18 21:15:47 +0700][ERROR] [5]: Action 'img' was not found on handler 'admin'

[Wed, 07 Nov 18 21:15:49 +0700][ERROR] [5]: Action 'img' was not found on handler 'admin'

[Wed, 07 Nov 18 21:16:40 +0700][ERROR] [5]: Action 'img' was not found on handler 'admin'

[Wed, 07 Nov 18 21:16:43 +0700][ERROR] [5]: Action 'img' was not found on handler 'admin'

[Wed, 07 Nov 18 21:16:45 +0700][ERROR] [5]: Action 'img' was not found on handler 'admin'

[Wed, 07 Nov 18 21:18:08 +0700][ERROR] [5]: Action 'img' was not found on handler 'admin'

[Wed, 07 Nov 18 21:18:12 +0700][ERROR] [5]: Action 'img' was not found on handler 'admin'

[Wed, 07 Nov 18 21:18:14 +0700][ERROR] [5]: Action 'img' was not found on handler 'admin'

[Wed, 07 Nov 18 21:18:17 +0700][ERROR] [5]: Action 'img' was not found on handler 'admin'

[Wed, 07 Nov 18 21:18:49 +0700][ERROR] [5]: Action 'img' was not found on handler 'admin'

[Wed, 07 Nov 18 21:18:51 +0700][ERROR] [5]: Action 'img' was not found on handler 'admin'

[Wed, 07 Nov 18 21:20:18 +0700][ERROR] [5]: Action 'img' was not found on handler 'admin'

[Wed, 07 Nov 18 21:20:20 +0700][ERROR] [5]: Action 'img' was not found on handler 'admin'

[Wed, 07 Nov 18 21:20:32 +0700][ERROR] [5]: Action 'img' was not found on handler 'art'

[Wed, 07 Nov 18 21:20:34 +0700][ERROR] [5]: Action 'img' was not found on handler 'art'

[Wed, 07 Nov 18 21:20:40 +0700][ERROR] [5]: Action 'img' was not found on handler 'art'

[Wed, 07 Nov 18 21:20:46 +0700][ERROR] [5]: Action 'img' was not found on handler 'art'

[Wed, 07 Nov 18 21:20:49 +0700][ERROR] [5]: Action 'img' was not found on handler 'art'

[Wed, 07 Nov 18 21:20:51 +0700][ERROR] [5]: Action 'img' was not found on handler 'art'

[Wed, 07 Nov 18 21:20:52 +0700][ERROR] [5]: Action 'img' was not found on handler 'art'

[Wed, 07 Nov 18 21:20:53 +0700][ERROR] [5]: Action 'img' was not found on handler 'art'

[Wed, 07 Nov 18 21:20:57 +0700][ERROR] [5]: Action 'img' was not found on handler 'art'

[Wed, 07 Nov 18 21:20:59 +0700][ERROR] [5]: Action 'img' was not found on handler 'art'

[Wed, 07 Nov 18 21:21:08 +0700][ERROR] [5]: Action 'img' was not found on handler 'art'

[Wed, 07 Nov 18 21:21:10 +0700][ERROR] [5]: Action 'img' was not found on handler 'art'

[Wed, 07 Nov 18 21:21:15 +0700][ERROR] [5]: Action 'img' was not found on handler 'artist'

[Wed, 07 Nov 18 21:21:59 +0700][ERROR] [5]: Action 'img' was not found on handler 'artist'

[Wed, 07 Nov 18 21:22:45 +0700][ERROR] [5]: Action 'img' was not found on handler 'admin'

[Wed, 07 Nov 18 21:23:00 +0700][ERROR] [5]: Action 'img' was not found on handler 'admin'

[Wed, 07 Nov 18 21:24:51 +0700][ERROR] [5]: Action 'img' was not found on handler 'admin'

[Wed, 07 Nov 18 21:24:52 +0700][ERROR] [5]: Action 'img' was not found on handler 'admin'

[Wed, 07 Nov 18 21:24:55 +0700][ERROR] [5]: Action 'img' was not found on handler 'admin'

[Wed, 07 Nov 18 21:25:03 +0700][ERROR] [5]: Action 'img' was not found on handler 'admin'

[Wed, 07 Nov 18 21:25:17 +0700][ERROR] [5]: Action 'img' was not found on handler 'admin'

[Wed, 07 Nov 18 21:25:19 +0700][ERROR] [5]: Action 'img' was not found on handler 'admin'

[Wed, 07 Nov 18 21:25:20 +0700][ERROR] [5]: Action 'img' was not found on handler 'admin'

[Wed, 07 Nov 18 21:25:34 +0700][ERROR] [5]: Action 'img' was not found on handler 'admin'

[Wed, 07 Nov 18 21:25:58 +0700][ERROR] [5]: Action 'img' was not found on handler 'admin'

[Wed, 07 Nov 18 21:27:47 +0700][ERROR] [5]: Action 'img' was not found on handler 'admin'

[Wed, 07 Nov 18 21:27:49 +0700][ERROR] [5]: Action 'img' was not found on handler 'admin'

[Wed, 07 Nov 18 21:28:01 +0700][ERROR] [5]: Action 'img' was not found on handler 'admin'

[Wed, 07 Nov 18 21:28:02 +0700][ERROR] [5]: Action 'img' was not found on handler 'admin'

[Wed, 07 Nov 18 21:29:07 +0700][ERROR] [5]: Action 'img' was not found on handler 'admin'

[Wed, 07 Nov 18 21:29:10 +0700][ERROR] [5]: Action 'img' was not found on handler 'admin'

[Wed, 07 Nov 18 21:30:11 +0700][ERROR] [5]: Action 'img' was not found on handler 'admin'

[Wed, 07 Nov 18 21:30:12 +0700][ERROR] [5]: Action 'img' was not found on handler 'admin'

[Wed, 07 Nov 18 21:30:14 +0700][ERROR] [5]: Action 'img' was not found on handler 'admin'

[Wed, 07 Nov 18 21:30:15 +0700][ERROR] [5]: Action 'img' was not found on handler 'admin'

[Wed, 07 Nov 18 21:30:16 +0700][ERROR] [5]: Action 'img' was not found on handler 'admin'

[Wed, 07 Nov 18 21:30:18 +0700][ERROR] [5]: Action 'eArtist' was not found on handler 'admin'

[Wed, 07 Nov 18 21:30:18 +0700][ERROR] [5]: Action 'img' was not found on handler 'admin'

[Wed, 07 Nov 18 21:30:20 +0700][ERROR] [5]: Action 'img' was not found on handler 'admin'

[Wed, 07 Nov 18 21:30:44 +0700][ERROR] [5]: Action 'img' was not found on handler 'admin'

[Wed, 07 Nov 18 21:30:46 +0700][ERROR] [5]: Action 'img' was not found on handler 'admin'

[Wed, 07 Nov 18 21:30:49 +0700][ERROR] [5]: Action 'img' was not found on handler 'admin'

[Wed, 07 Nov 18 21:30:52 +0700][ERROR] [5]: Action 'img' was not found on handler 'admin'

[Wed, 07 Nov 18 21:30:55 +0700][ERROR] [5]: Action 'img' was not found on handler 'admin'

[Wed, 07 Nov 18 21:42:28 +0700][ERROR] [5]: Action 'img' was not found on handler 'admin'

[Wed, 07 Nov 18 21:42:29 +0700][ERROR] [5]: Action 'img' was not found on handler 'admin'

[Wed, 07 Nov 18 21:42:32 +0700][ERROR] [5]: Action 'img' was not found on handler 'admin'

[Wed, 07 Nov 18 21:42:37 +0700][ERROR] [5]: Action 'img' was not found on handler 'admin'

[Wed, 07 Nov 18 21:44:01 +0700][ERROR] [5]: Action 'img' was not found on handler 'admin'

[Wed, 07 Nov 18 21:44:03 +0700][ERROR] [5]: Action 'img' was not found on handler 'admin'

[Wed, 07 Nov 18 21:44:05 +0700][ERROR] [5]: Action 'img' was not found on handler 'admin'

[Wed, 07 Nov 18 21:44:39 +0700][ERROR] [5]: Action 'img' was not found on handler 'admin'

[Wed, 07 Nov 18 21:44:43 +0700][ERROR] [5]: Action 'img' was not found on handler 'admin'

[Wed, 07 Nov 18 21:45:07 +0700][ERROR] [5]: Action 'img' was not found on handler 'admin'

[Wed, 07 Nov 18 21:46:19 +0700][ERROR] [5]: Action 'img' was not found on handler 'admin'

[Wed, 07 Nov 18 21:46:20 +0700][ERROR] [5]: Action 'img' was not found on handler 'admin'

[Wed, 07 Nov 18 21:48:42 +0700][ERROR] [5]: Action 'img' was not found on handler 'admin'

[Wed, 07 Nov 18 21:49:57 +0700][ERROR] [5]: Action 'img' was not found on handler 'admin'

[Wed, 07 Nov 18 21:49:59 +0700][ERROR] [5]: Action 'img' was not found on handler 'admin'

[Wed, 07 Nov 18 21:51:54 +0700][ERROR] [5]: Action 'img' was not found on handler 'admin'

[Wed, 07 Nov 18 21:51:56 +0700][ERROR] [5]: Action 'img' was not found on handler 'admin'

[Wed, 07 Nov 18 21:52:28 +0700][ERROR] [5]: Action 'img' was not found on handler 'admin'

[Wed, 07 Nov 18 21:53:01 +0700][ERROR] [5]: Action 'img' was not found on handler 'admin'

[Wed, 07 Nov 18 21:53:13 +0700][ERROR] [5]: Action 'img' was not found on handler 'admin'

[Wed, 07 Nov 18 22:06:37 +0700][ERROR] [5]: Action 'img' was not found on handler 'admin'

[Wed, 07 Nov 18 22:07:05 +0700][ERROR] [5]: Action 'img' was not found on handler 'admin'

[Wed, 07 Nov 18 22:10:06 +0700][ERROR] [5]: Action 'img' was not found on handler 'admin'

[Wed, 07 Nov 18 22:10:08 +0700][ERROR] [5]: Action 'img' was not found on handler 'admin'

[Wed, 07 Nov 18 22:15:31 +0700][ERROR] [5]: Action 'img' was not found on handler 'admin'

[Wed, 07 Nov 18 22:15:35 +0700][ERROR] [5]: Action 'img' was not found on handler 'admin'

[Wed, 07 Nov 18 22:15:48 +0700][ERROR] [5]: Action 'img' was not found on handler 'admin'

[Wed, 07 Nov 18 22:15:50 +0700][ERROR] [5]: Action 'img' was not found on handler 'admin'

[Wed, 07 Nov 18 22:15:53 +0700][ERROR] [5]: Action 'img' was not found on handler 'admin'

[Wed, 07 Nov 18 22:15:58 +0700][ERROR] [5]: Action 'img' was not found on handler 'admin'

[Wed, 07 Nov 18 22:16:43 +0700][ERROR] [5]: Action 'img' was not found on handler 'admin'

[Wed, 07 Nov 18 22:16:57 +0700][ERROR] [5]: Action 'img' was not found on handler 'admin'

[Wed, 07 Nov 18 22:17:55 +0700][ERROR] [5]: Action 'img' was not found on handler 'admin'

[Wed, 07 Nov 18 22:18:13 +0700][ERROR] [5]: Action 'img' was not found on handler 'admin'

[Wed, 07 Nov 18 22:19:01 +0700][ERROR] [5]: Action 'img' was not found on handler 'admin'

[Wed, 07 Nov 18 22:20:40 +0700][ERROR] [5]: Action 'img' was not found on handler 'admin'

[Wed, 07 Nov 18 22:21:50 +0700][ERROR] [5]: Action 'img' was not found on handler 'admin'

[Wed, 07 Nov 18 22:21:51 +0700][ERROR] [5]: Action 'img' was not found on handler 'admin'

[Wed, 07 Nov 18 22:21:52 +0700][ERROR] [5]: Action 'img' was not found on handler 'admin'

[Wed, 07 Nov 18 22:21:55 +0700][ERROR] [5]: Action 'img' was not found on handler 'admin'

[Wed, 07 Nov 18 22:22:39 +0700][ERROR] [5]: Action 'img' was not found on handler 'admin'

[Wed, 07 Nov 18 22:22:45 +0700][ERROR] [5]: Action 'img' was not found on handler 'admin'

[Wed, 07 Nov 18 22:22:48 +0700][ERROR] [5]: Action 'img' was not found on handler 'admin'

[Wed, 07 Nov 18 22:23:24 +0700][ERROR] [5]: Action 'img' was not found on handler 'admin'

[Wed, 07 Nov 18 22:23:26 +0700][ERROR] [5]: Action 'img' was not found on handler 'admin'

[Wed, 07 Nov 18 22:23:50 +0700][ERROR] [5]: Action 'img' was not found on handler 'admin'

[Wed, 07 Nov 18 22:23:51 +0700][ERROR] [5]: Action 'img' was not found on handler 'admin'

[Wed, 07 Nov 18 22:23:56 +0700][ERROR] [5]: Action 'img' was not found on handler 'admin'

[Wed, 07 Nov 18 22:24:00 +0700][ERROR] [5]: Action 'img' was not found on handler 'admin'

[Wed, 07 Nov 18 22:26:25 +0700][ERROR] [5]: Action 'img' was not found on handler 'admin'

[Wed, 07 Nov 18 22:26:30 +0700][ERROR] [5]: Action 'img' was not found on handler 'admin'

[Wed, 07 Nov 18 22:26:36 +0700][ERROR] [5]: Action 'img' was not found on handler 'admin'

[Wed, 07 Nov 18 22:49:33 +0700][ERROR] [5]: Action 'img' was not found on handler 'admin'

[Wed, 07 Nov 18 22:49:35 +0700][ERROR] [5]: Action 'img' was not found on handler 'admin'

[Wed, 07 Nov 18 22:49:39 +0700][ERROR] [5]: Action 'img' was not found on handler 'admin'

[Wed, 07 Nov 18 22:49:46 +0700][ERROR] [5]: Action 'img' was not found on handler 'admin'

[Wed, 07 Nov 18 22:53:19 +0700][ERROR] [5]: Action 'img' was not found on handler 'admin'

[Wed, 07 Nov 18 22:53:22 +0700][ERROR] [5]: Action 'img' was not found on handler 'admin'

[Wed, 07 Nov 18 22:53:25 +0700][ERROR] [5]: Action 'img' was not found on handler 'admin'

[Wed, 07 Nov 18 22:53:37 +0700][ERROR] [5]: Action 'img' was not found on handler 'admin'

[Wed, 07 Nov 18 22:53:38 +0700][ERROR] [5]: Action 'img' was not found on handler 'admin'

[Wed, 07 Nov 18 22:53:39 +0700][ERROR] [5]: Action 'img' was not found on handler 'admin'

[Wed, 07 Nov 18 22:53:40 +0700][ERROR] [5]: Action 'img' was not found on handler 'admin'

[Wed, 07 Nov 18 22:53:45 +0700][ERROR] [5]: Action 'img' was not found on handler 'admin'

[Wed, 07 Nov 18 22:55:01 +0700][ERROR] [5]: Action 'img' was not found on handler 'admin'

[Wed, 07 Nov 18 22:55:03 +0700][ERROR] [5]: Action 'img' was not found on handler 'admin'

[Wed, 07 Nov 18 22:58:32 +0700][ERROR] [5]: Action 'img' was not found on handler 'admin'

[Wed, 07 Nov 18 22:58:34 +0700][ERROR] [5]: Action 'img' was not found on handler 'admin'

[Wed, 07 Nov 18 23:00:22 +0700][ERROR] [5]: Action 'img' was not found on handler 'admin'

[Wed, 07 Nov 18 23:00:43 +0700][ERROR] [5]: Action 'img' was not found on handler 'admin'

[Wed, 07 Nov 18 23:00:52 +0700][ERROR] [5]: Action 'img' was not found on handler 'admin'

[Wed, 07 Nov 18 23:02:36 +0700][ERROR] [5]: Action 'img' was not found on handler 'admin'

[Wed, 07 Nov 18 23:02:42 +0700][ERROR] [5]: Action 'img' was not found on handler 'admin'

[Wed, 07 Nov 18 23:03:11 +0700][ERROR] [5]: Action 'img' was not found on handler 'admin'

[Wed, 07 Nov 18 23:03:12 +0700][ERROR] [5]: Action 'img' was not found on handler 'admin'

[Wed, 07 Nov 18 23:03:18 +0700][ERROR] [5]: Action 'img' was not found on handler 'admin'

[Wed, 07 Nov 18 23:03:33 +0700][ERROR] [5]: Action 'img' was not found on handler 'admin'

[Wed, 07 Nov 18 23:05:33 +0700][ERROR] [5]: Action 'img' was not found on handler 'admin'

[Wed, 07 Nov 18 23:05:36 +0700][ERROR] [5]: Action 'img' was not found on handler 'admin'

[Wed, 07 Nov 18 23:05:52 +0700][ERROR] [5]: Action 'img' was not found on handler 'admin'

[Wed, 07 Nov 18 23:08:16 +0700][ERROR] [5]: Action 'img' was not found on handler 'admin'

[Wed, 07 Nov 18 23:09:00 +0700][ERROR] [5]: Action 'img' was not found on handler 'admin'

[Wed, 07 Nov 18 23:09:29 +0700][ERROR] [5]: Action 'img' was not found on handler 'admin'

[Wed, 07 Nov 18 23:10:24 +0700][ERROR] [5]: Action 'img' was not found on handler 'admin'

[Wed, 07 Nov 18 23:10:39 +0700][ERROR] [5]: Action 'img' was not found on handler 'admin'

[Wed, 07 Nov 18 23:10:43 +0700][ERROR] [5]: Action 'img' was not found on handler 'admin'

[Wed, 07 Nov 18 23:10:48 +0700][ERROR] [5]: Action 'img' was not found on handler 'admin'

[Wed, 07 Nov 18 23:10:59 +0700][ERROR] [5]: Action 'img' was not found on handler 'admin'

[Wed, 07 Nov 18 23:11:34 +0700][ERROR] [5]: Action 'eArt' was not found on handler 'admin'

[Wed, 07 Nov 18 23:11:34 +0700][ERROR] [5]: Action 'img' was not found on handler 'admin'

[Wed, 07 Nov 18 23:11:43 +0700][ERROR] [5]: Action 'img' was not found on handler 'admin'

[Wed, 07 Nov 18 23:11:55 +0700][ERROR] [5]: Action 'img' was not found on handler 'admin'

[Wed, 07 Nov 18 23:11:57 +0700][ERROR] [5]: Action 'img' was not found on handler 'admin'

[Wed, 07 Nov 18 23:12:00 +0700][ERROR] [5]: Action 'img' was not found on handler 'admin'

[Wed, 07 Nov 18 23:12:10 +0700][ERROR] [5]: Action 'img' was not found on handler 'admin'

[Wed, 07 Nov 18 23:12:12 +0700][ERROR] [5]: Action 'img' was not found on handler 'admin'

[Wed, 07 Nov 18 23:12:15 +0700][ERROR] [5]: Action 'img' was not found on handler 'admin'

[Wed, 07 Nov 18 23:12:25 +0700][ERROR] [5]: Action 'img' was not found on handler 'admin'

[Wed, 07 Nov 18 23:12:27 +0700][ERROR] [5]: Action 'img' was not found on handler 'admin'

[Wed, 07 Nov 18 23:12:29 +0700][ERROR] [5]: Action 'img' was not found on handler 'admin'

[Wed, 07 Nov 18 23:12:37 +0700][ERROR] [5]: Action 'img' was not found on handler 'admin'

[Wed, 07 Nov 18 23:12:39 +0700][ERROR] [5]: Action 'img' was not found on handler 'admin'

[Wed, 07 Nov 18 23:12:41 +0700][ERROR] [5]: Action 'img' was not found on handler 'admin'

[Wed, 07 Nov 18 23:12:43 +0700][ERROR] [5]: Action 'img' was not found on handler 'admin'

[Wed, 07 Nov 18 23:12:45 +0700][ERROR] [5]: Action 'img' was not found on handler 'admin'

[Wed, 07 Nov 18 23:12:47 +0700][ERROR] [5]: Action 'img' was not found on handler 'admin'

[Wed, 07 Nov 18 23:13:20 +0700][ERROR] [5]: Action 'img' was not found on handler 'admin'

[Wed, 07 Nov 18 23:13:24 +0700][ERROR] [5]: Action 'img' was not found on handler 'admin'

[Wed, 07 Nov 18 23:13:53 +0700][ERROR] [5]: Action 'img' was not found on handler 'admin'

[Wed, 07 Nov 18 23:13:55 +0700][ERROR] [5]: Action 'img' was not found on handler 'admin'

[Wed, 07 Nov 18 23:14:03 +0700][ERROR] [5]: Action 'img' was not found on handler 'admin'

[Wed, 07 Nov 18 23:15:27 +0700][ERROR] [5]: Action 'img' was not found on handler 'admin'

[Wed, 07 Nov 18 23:16:16 +0700][ERROR] [5]: Action 'img' was not found on handler 'admin'

[Wed, 07 Nov 18 23:16:19 +0700][ERROR] [5]: Action 'img' was not found on handler 'admin'

[Wed, 07 Nov 18 23:16:45 +0700][ERROR] [5]: Action 'img' was not found on handler 'admin'

[Wed, 07 Nov 18 23:16:48 +0700][ERROR] [5]: Action 'img' was not found on handler 'admin'

[Wed, 07 Nov 18 23:17:17 +0700][ERROR] [5]: Action 'img' was not found on handler 'admin'

[Wed, 07 Nov 18 23:18:07 +0700][ERROR] [5]: Action 'img' was not found on handler 'admin'

[Wed, 07 Nov 18 23:18:37 +0700][ERROR] [5]: Action 'img' was not found on handler 'admin'

[Wed, 07 Nov 18 23:18:40 +0700][ERROR] [5]: Action 'img' was not found on handler 'admin'

[Wed, 07 Nov 18 23:18:44 +0700][ERROR] [5]: Action 'img' was not found on handler 'admin'

[Wed, 07 Nov 18 23:19:51 +0700][ERROR] [5]: Action 'img' was not found on handler 'admin'

[Wed, 07 Nov 18 23:20:21 +0700][ERROR] [5]: Action 'img' was not found on handler 'admin'

[Wed, 07 Nov 18 23:20:23 +0700][ERROR] [5]: Action 'img' was not found on handler 'admin'

[Wed, 07 Nov 18 23:21:03 +0700][ERROR] [5]: Action 'img' was not found on handler 'admin'

[Wed, 07 Nov 18 23:21:05 +0700][ERROR] [5]: Action 'img' was not found on handler 'admin'

[Wed, 07 Nov 18 23:21:20 +0700][ERROR] [5]: Action 'img' was not found on handler 'admin'

[Wed, 07 Nov 18 23:21:22 +0700][ERROR] [5]: Action 'img' was not found on handler 'admin'

[Wed, 07 Nov 18 23:21:32 +0700][ERROR] [5]: Action 'img' was not found on handler 'admin'

[Wed, 07 Nov 18 23:21:40 +0700][ERROR] [5]: Action 'img' was not found on handler 'admin'

[Wed, 07 Nov 18 23:21:57 +0700][ERROR] [5]: Action 'img' was not found on handler 'admin'

[Wed, 07 Nov 18 23:21:58 +0700][ERROR] [5]: Action 'img' was not found on handler 'admin'

[Wed, 07 Nov 18 23:22:43 +0700][ERROR] [5]: Action 'img' was not found on handler 'admin'

[Wed, 07 Nov 18 23:23:29 +0700][ERROR] [5]: Action 'img' was not found on handler 'admin'

[Wed, 07 Nov 18 23:23:31 +0700][ERROR] [5]: Action 'SeArtist' was not found on handler 'admin'

[Wed, 07 Nov 18 23:23:31 +0700][ERROR] [5]: Action 'img' was not found on handler 'admin'

[Wed, 07 Nov 18 23:23:32 +0700][ERROR] [5]: Action 'img' was not found on handler 'admin'

[Wed, 07 Nov 18 23:23:37 +0700][ERROR] [5]: Action 'img' was not found on handler 'admin'

[Wed, 07 Nov 18 23:23:38 +0700][ERROR] [5]: Action 'img' was not found on handler 'admin'

[Wed, 07 Nov 18 23:23:39 +0700][ERROR] [5]: Action 'img' was not found on handler 'admin'

[Wed, 07 Nov 18 23:23:41 +0700][ERROR] [5]: Action 'img' was not found on handler 'admin'

[Wed, 07 Nov 18 23:23:43 +0700][ERROR] [5]: Action 'img' was not found on handler 'admin'

[Wed, 07 Nov 18 23:24:11 +0700][ERROR] [5]: Action 'img' was not found on handler 'admin'

[Wed, 07 Nov 18 23:25:10 +0700][ERROR] [5]: Action 'img' was not found on handler 'admin'

[Wed, 07 Nov 18 23:25:18 +0700][ERROR] [5]: Action 'img' was not found on handler 'admin'

[Wed, 07 Nov 18 23:26:39 +0700][ERROR] [5]: Action 'img' was not found on handler 'admin'

[Wed, 07 Nov 18 23:27:11 +0700][ERROR] [5]: Action 'img' was not found on handler 'admin'

[Wed, 07 Nov 18 23:28:33 +0700][ERROR] [5]: Action 'img' was not found on handler 'admin'

[Wed, 07 Nov 18 23:28:35 +0700][ERROR] [5]: Action 'img' was not found on handler 'admin'

[Wed, 07 Nov 18 23:28:37 +0700][ERROR] [5]: Action 'img' was not found on handler 'admin'

[Wed, 07 Nov 18 23:28:40 +0700][ERROR] [5]: Action 'img' was not found on handler 'admin'

[Wed, 07 Nov 18 23:31:23 +0700][ERROR] [5]: Action 'img' was not found on handler 'admin'

[Wed, 07 Nov 18 23:31:27 +0700][ERROR] [5]: Action 'img' was not found on handler 'admin'

[Wed, 07 Nov 18 23:32:48 +0700][ERROR] [5]: Action 'img' was not found on handler 'admin'

[Wed, 07 Nov 18 23:32:50 +0700][ERROR] [5]: Action 'img' was not found on handler 'admin'

[Wed, 07 Nov 18 23:33:20 +0700][ERROR] [5]: Action 'img' was not found on handler 'admin'

[Wed, 07 Nov 18 23:33:23 +0700][ERROR] [5]: Action 'img' was not found on handler 'admin'

[Wed, 07 Nov 18 23:34:22 +0700][ERROR] [5]: Action 'img' was not found on handler 'admin'

[Wed, 07 Nov 18 23:34:23 +0700][ERROR] [5]: Action 'img' was not found on handler 'admin'

[Wed, 07 Nov 18 23:34:25 +0700][ERROR] [5]: Action 'img' was not found on handler 'admin'

[Wed, 07 Nov 18 23:34:27 +0700][ERROR] [5]: Action 'img' was not found on handler 'admin'

[Wed, 07 Nov 18 23:36:23 +0700][ERROR] [5]: Action 'img' was not found on handler 'admin'

[Wed, 07 Nov 18 23:36:28 +0700][ERROR] [5]: Action 'img' was not found on handler 'admin'

[Wed, 07 Nov 18 23:40:47 +0700][ERROR] [5]: Action 'img' was not found on handler 'admin'

[Wed, 07 Nov 18 23:40:51 +0700][ERROR] [5]: Action 'img' was not found on handler 'admin'

[Wed, 07 Nov 18 23:42:04 +0700][ERROR] [5]: Action 'img' was not found on handler 'admin'

[Wed, 07 Nov 18 23:42:07 +0700][ERROR] [5]: Action 'img' was not found on handler 'admin'

[Wed, 07 Nov 18 23:42:21 +0700][ERROR] [5]: Action 'img' was not found on handler 'admin'

[Wed, 07 Nov 18 23:43:01 +0700][ERROR] [5]: Action 'img' was not found on handler 'admin'

[Wed, 07 Nov 18 23:44:11 +0700][ERROR] [5]: Action 'img' was not found on handler 'admin'

[Wed, 07 Nov 18 23:45:43 +0700][ERROR] [5]: Action 'img' was not found on handler 'admin'

[Wed, 07 Nov 18 23:45:48 +0700][ERROR] [5]: Action 'img' was not found on handler 'admin'

[Wed, 07 Nov 18 23:46:20 +0700][ERROR] [5]: Action 'img' was not found on handler 'admin'

[Wed, 07 Nov 18 23:46:21 +0700][ERROR] [5]: Action 'img' was not found on handler 'admin'

[Wed, 07 Nov 18 23:46:25 +0700][ERROR] [5]: Action 'img' was not found on handler 'admin'

[Wed, 07 Nov 18 23:46:29 +0700][ERROR] [5]: Action 'img' was not found on handler 'admin'

[Wed, 07 Nov 18 23:46:37 +0700][ERROR] [5]: Action 'img' was not found on handler 'admin'

[Wed, 07 Nov 18 23:46:41 +0700][ERROR] [5]: Action 'img' was not found on handler 'admin'

[Wed, 07 Nov 18 23:47:34 +0700][ERROR] [5]: Action 'img' was not found on handler 'admin'

[Wed, 07 Nov 18 23:47:40 +0700][ERROR] [5]: Action 'img' was not found on handler 'admin'

[Wed, 07 Nov 18 23:48:23 +0700][ERROR] [5]: Action 'img' was not found on handler 'admin'

[Wed, 07 Nov 18 23:48:24 +0700][ERROR] [5]: Action 'img' was not found on handler 'admin'

[Wed, 07 Nov 18 23:48:28 +0700][ERROR] [5]: Action 'img' was not found on handler 'admin'

[Wed, 07 Nov 18 23:51:05 +0700][ERROR] [5]: Action 'img' was not found on handler 'admin'

[Wed, 07 Nov 18 23:51:07 +0700][ERROR] [5]: Action 'img' was not found on handler 'admin'

[Wed, 07 Nov 18 23:51:09 +0700][ERROR] [5]: Action 'img' was not found on handler 'admin'

[Wed, 07 Nov 18 23:51:27 +0700][ERROR] [5]: Action 'img' was not found on handler 'admin'

[Wed, 07 Nov 18 23:52:11 +0700][ERROR] [5]: Action 'img' was not found on handler 'admin'

[Wed, 07 Nov 18 23:52:13 +0700][ERROR] [5]: Action 'img' was not found on handler 'admin'

[Wed, 07 Nov 18 23:53:21 +0700][ERROR] [5]: Action 'img' was not found on handler 'admin'

[Wed, 07 Nov 18 23:53:23 +0700][ERROR] [5]: Action 'img' was not found on handler 'admin'

