[Tue, 06 Nov 18 00:23:26 +0700][ERROR] [5]: Action 'img' was not found on handler 'admin'

[Tue, 06 Nov 18 00:23:28 +0700][ERROR] [5]: Action 'img' was not found on handler 'admin'

[Tue, 06 Nov 18 00:24:36 +0700][ERROR] [5]: Action 'img' was not found on handler 'admin'

[Tue, 06 Nov 18 00:24:38 +0700][ERROR] [5]: Action 'img' was not found on handler 'admin'

[Tue, 06 Nov 18 00:31:25 +0700][ERROR] [5]: Action 'img' was not found on handler 'admin'

[Tue, 06 Nov 18 00:31:28 +0700][ERROR] [5]: Action 'img' was not found on handler 'admin'

[Tue, 06 Nov 18 00:33:14 +0700][ERROR] [5]: Action 'img' was not found on handler 'admin'

[Tue, 06 Nov 18 00:33:16 +0700][ERROR] [5]: Action 'img' was not found on handler 'admin'

[Tue, 06 Nov 18 00:36:07 +0700][ERROR] [5]: Action 'img' was not found on handler 'admin'

[Tue, 06 Nov 18 00:36:10 +0700][ERROR] [5]: Action 'img' was not found on handler 'admin'

[Tue, 06 Nov 18 00:39:55 +0700][ERROR] [5]: Action 'img' was not found on handler 'admin'

[Tue, 06 Nov 18 00:39:58 +0700][ERROR] [5]: Action 'img' was not found on handler 'admin'

[Tue, 06 Nov 18 00:40:28 +0700][ERROR] [5]: Action 'img' was not found on handler 'admin'

[Tue, 06 Nov 18 00:40:32 +0700][ERROR] [5]: Action 'img' was not found on handler 'admin'

[Tue, 06 Nov 18 00:41:15 +0700][ERROR] [5]: Action 'img' was not found on handler 'admin'

[Tue, 06 Nov 18 00:42:57 +0700][ERROR] [5]: Action 'img' was not found on handler 'admin'

[Tue, 06 Nov 18 00:43:00 +0700][ERROR] [5]: Action 'img' was not found on handler 'admin'

[Tue, 06 Nov 18 00:43:09 +0700][ERROR] [5]: Action 'img' was not found on handler 'admin'

[Tue, 06 Nov 18 00:43:11 +0700][ERROR] [5]: Action 'img' was not found on handler 'admin'

[Tue, 06 Nov 18 00:44:05 +0700][ERROR] [5]: Action 'img' was not found on handler 'admin'

[Tue, 06 Nov 18 00:44:07 +0700][ERROR] [5]: Action 'img' was not found on handler 'admin'

[Tue, 06 Nov 18 00:45:44 +0700][ERROR] [5]: Action 'img' was not found on handler 'admin'

[Tue, 06 Nov 18 00:45:47 +0700][ERROR] [5]: Action 'img' was not found on handler 'admin'

[Tue, 06 Nov 18 00:47:02 +0700][ERROR] [5]: Action 'img' was not found on handler 'admin'

[Tue, 06 Nov 18 00:47:05 +0700][ERROR] [5]: Action 'img' was not found on handler 'admin'

[Tue, 06 Nov 18 00:48:57 +0700][ERROR] [5]: Action 'img' was not found on handler 'admin'

[Tue, 06 Nov 18 00:49:00 +0700][ERROR] [5]: Action 'img' was not found on handler 'admin'

[Tue, 06 Nov 18 00:50:51 +0700][ERROR] [5]: Action 'img' was not found on handler 'admin'

[Tue, 06 Nov 18 00:50:53 +0700][ERROR] [5]: Action 'img' was not found on handler 'admin'

[Tue, 06 Nov 18 21:39:31 +0700][ERROR] [5]: Action 'img' was not found on handler 'admin'

[Tue, 06 Nov 18 21:45:41 +0700][ERROR] [5]: Action 'img' was not found on handler 'admin'

[Tue, 06 Nov 18 21:45:46 +0700][ERROR] [5]: Action 'img' was not found on handler 'admin'

[Tue, 06 Nov 18 21:45:48 +0700][ERROR] [5]: Action 'img' was not found on handler 'admin'

[Tue, 06 Nov 18 21:47:35 +0700][ERROR] [5]: Action 'img' was not found on handler 'artist'

[Tue, 06 Nov 18 21:48:48 +0700][ERROR] [5]: Action 'img' was not found on handler 'admin'

[Tue, 06 Nov 18 21:50:13 +0700][ERROR] [5]: Action 'img' was not found on handler 'admin'

[Tue, 06 Nov 18 21:51:13 +0700][ERROR] [5]: Action 'img' was not found on handler 'admin'

[Tue, 06 Nov 18 21:51:17 +0700][ERROR] [5]: Action 'img' was not found on handler 'admin'

[Tue, 06 Nov 18 21:51:21 +0700][ERROR] [5]: Action 'img' was not found on handler 'admin'

[Tue, 06 Nov 18 21:51:31 +0700][ERROR] [5]: Action 'img' was not found on handler 'admin'

[Tue, 06 Nov 18 21:51:32 +0700][ERROR] [5]: Action 'img' was not found on handler 'admin'

[Tue, 06 Nov 18 21:51:51 +0700][ERROR] [5]: Action 'img' was not found on handler 'admin'

[Tue, 06 Nov 18 21:55:31 +0700][ERROR] [5]: Action 'img' was not found on handler 'admin'

[Tue, 06 Nov 18 22:10:23 +0700][ERROR] [5]: Action 'img' was not found on handler 'admin'

[Tue, 06 Nov 18 22:10:25 +0700][ERROR] [5]: Action 'img' was not found on handler 'admin'

[Tue, 06 Nov 18 22:11:12 +0700][ERROR] [5]: Action 'img' was not found on handler 'admin'

[Tue, 06 Nov 18 22:11:14 +0700][ERROR] [5]: Action 'img' was not found on handler 'admin'

[Tue, 06 Nov 18 22:11:15 +0700][ERROR] [5]: Action 'img' was not found on handler 'admin'

[Tue, 06 Nov 18 22:11:28 +0700][ERROR] [5]: Action 'img' was not found on handler 'admin'

[Tue, 06 Nov 18 22:11:29 +0700][ERROR] [5]: Action 'img' was not found on handler 'admin'

[Tue, 06 Nov 18 22:44:08 +0700][ERROR] [5]: Action 'img' was not found on handler 'admin'

[Tue, 06 Nov 18 22:44:19 +0700][ERROR] [5]: Action 'img' was not found on handler 'admin'

[Tue, 06 Nov 18 22:45:59 +0700][ERROR] [5]: Action 'img' was not found on handler 'admin'

[Tue, 06 Nov 18 22:46:01 +0700][ERROR] [5]: Action 'img' was not found on handler 'admin'

[Tue, 06 Nov 18 22:46:02 +0700][ERROR] [5]: Action 'img' was not found on handler 'admin'

[Tue, 06 Nov 18 22:46:03 +0700][ERROR] [5]: Action 'img' was not found on handler 'admin'

[Tue, 06 Nov 18 22:53:05 +0700][ERROR] [5]: Action 'img' was not found on handler 'admin'

[Tue, 06 Nov 18 22:53:48 +0700][ERROR] [5]: Action 'img' was not found on handler 'admin'

[Tue, 06 Nov 18 22:53:51 +0700][ERROR] [5]: Action 'img' was not found on handler 'admin'

[Tue, 06 Nov 18 22:54:56 +0700][ERROR] [5]: Action 'img' was not found on handler 'exhibition'

[Tue, 06 Nov 18 22:54:58 +0700][ERROR] [5]: Action 'img' was not found on handler 'collection'

[Tue, 06 Nov 18 22:55:00 +0700][ERROR] [5]: Action 'img' was not found on handler 'exhibition'

[Tue, 06 Nov 18 22:55:41 +0700][ERROR] [5]: Action 'img' was not found on handler 'admin'

[Tue, 06 Nov 18 22:55:43 +0700][ERROR] [5]: Action 'img' was not found on handler 'admin'

[Tue, 06 Nov 18 22:57:51 +0700][ERROR] [5]: Action 'img' was not found on handler 'admin'

[Tue, 06 Nov 18 22:57:53 +0700][ERROR] [5]: Action 'img' was not found on handler 'admin'

[Tue, 06 Nov 18 22:58:19 +0700][ERROR] [5]: Action 'img' was not found on handler 'admin'

[Tue, 06 Nov 18 23:00:32 +0700][ERROR] [5]: Action 'img' was not found on handler 'admin'

[Tue, 06 Nov 18 23:02:50 +0700][ERROR] [5]: Action 'img' was not found on handler 'admin'

[Tue, 06 Nov 18 23:03:19 +0700][ERROR] [5]: Action 'img' was not found on handler 'admin'

[Tue, 06 Nov 18 23:03:39 +0700][ERROR] [5]: Action 'img' was not found on handler 'admin'

[Tue, 06 Nov 18 23:03:48 +0700][ERROR] [5]: Action 'img' was not found on handler 'admin'

[Tue, 06 Nov 18 23:13:39 +0700][ERROR] [5]: Action 'img' was not found on handler 'admin'

[Tue, 06 Nov 18 23:13:40 +0700][ERROR] [5]: Action 'img' was not found on handler 'admin'

[Tue, 06 Nov 18 23:13:41 +0700][ERROR] [5]: Action 'img' was not found on handler 'admin'

[Tue, 06 Nov 18 23:16:35 +0700][ERROR] [5]: Action 'img' was not found on handler 'admin'

[Tue, 06 Nov 18 23:17:19 +0700][ERROR] [5]: Action 'img' was not found on handler 'admin'

[Tue, 06 Nov 18 23:22:03 +0700][ERROR] [5]: Action 'img' was not found on handler 'admin'

[Tue, 06 Nov 18 23:25:04 +0700][ERROR] [5]: Action 'img' was not found on handler 'admin'

[Tue, 06 Nov 18 23:26:29 +0700][ERROR] [5]: Action 'img' was not found on handler 'admin'

[Tue, 06 Nov 18 23:33:29 +0700][ERROR] [5]: Action 'img' was not found on handler 'admin'

[Tue, 06 Nov 18 23:34:24 +0700][ERROR] [5]: Action 'img' was not found on handler 'admin'

[Tue, 06 Nov 18 23:39:23 +0700][ERROR] [5]: Action 'img' was not found on handler 'admin'

[Tue, 06 Nov 18 23:39:26 +0700][ERROR] [5]: Action 'SeArtist' was not found on handler 'admin'

[Tue, 06 Nov 18 23:39:26 +0700][ERROR] [5]: Action 'img' was not found on handler 'admin'

[Tue, 06 Nov 18 23:40:57 +0700][ERROR] [5]: Action 'img' was not found on handler 'admin'

[Tue, 06 Nov 18 23:40:59 +0700][ERROR] [5]: Action 'img' was not found on handler 'admin'

[Tue, 06 Nov 18 23:41:02 +0700][ERROR] [5]: Action 'img' was not found on handler 'admin'

[Tue, 06 Nov 18 23:41:07 +0700][ERROR] [5]: Action 'img' was not found on handler 'admin'

[Tue, 06 Nov 18 23:41:49 +0700][ERROR] [5]: Action 'img' was not found on handler 'admin'

[Tue, 06 Nov 18 23:42:01 +0700][ERROR] [5]: Action 'img' was not found on handler 'admin'

[Tue, 06 Nov 18 23:42:39 +0700][ERROR] [5]: Action 'img' was not found on handler 'admin'

[Tue, 06 Nov 18 23:42:44 +0700][ERROR] [5]: Action 'img' was not found on handler 'admin'

[Tue, 06 Nov 18 23:43:12 +0700][ERROR] [5]: Action 'img' was not found on handler 'admin'

[Tue, 06 Nov 18 23:43:34 +0700][ERROR] [5]: Action 'img' was not found on handler 'admin'

[Tue, 06 Nov 18 23:44:34 +0700][ERROR] [5]: Action 'add' was not found on handler 'admin'

[Tue, 06 Nov 18 23:44:34 +0700][ERROR] [5]: Action 'img' was not found on handler 'admin'

[Tue, 06 Nov 18 23:44:59 +0700][ERROR] [5]: Action 'add' was not found on handler 'admin'

[Tue, 06 Nov 18 23:45:00 +0700][ERROR] [5]: Action 'img' was not found on handler 'admin'

[Tue, 06 Nov 18 23:45:02 +0700][ERROR] [5]: Action 'add' was not found on handler 'admin'

[Tue, 06 Nov 18 23:45:02 +0700][ERROR] [5]: Action 'img' was not found on handler 'admin'

[Tue, 06 Nov 18 23:50:20 +0700][ERROR] [5]: Action 'img' was not found on handler 'admin'

[Tue, 06 Nov 18 23:50:23 +0700][ERROR] [5]: Action 'img' was not found on handler 'admin'

[Tue, 06 Nov 18 23:55:37 +0700][ERROR] [5]: Action 'img' was not found on handler 'admin'

[Tue, 06 Nov 18 23:55:38 +0700][ERROR] [5]: Action 'img' was not found on handler 'admin'

[Tue, 06 Nov 18 23:56:15 +0700][ERROR] [5]: Action 'img' was not found on handler 'admin'

[Tue, 06 Nov 18 23:56:16 +0700][ERROR] [5]: Action 'img' was not found on handler 'admin'

